#
# There is insufficient memory for the Java Runtime Environment to continue.
# Native memory allocation (mmap) failed to map 308281344 bytes for G1 virtual space
# Possible reasons:
#   The system is out of physical RAM or swap space
#   The process is running with CompressedOops enabled, and the Java Heap may be blocking the growth of the native heap
# Possible solutions:
#   Reduce memory load on the system
#   Increase physical memory or swap space
#   Check if swap backing store is full
#   Decrease Java heap size (-Xmx/-Xms)
#   Decrease number of Java threads
#   Decrease Java thread stack sizes (-Xss)
#   Set larger code cache with -XX:ReservedCodeCacheSize=
#   JVM is running with Unscaled Compressed Oops mode in which the Java heap is
#     placed in the first 4GB address space. The Java Heap base address is the
#     maximum limit for the native heap growth. Please use -XX:HeapBaseMinAddress
#     to set the Java Heap base and to place the Java Heap above 4GB virtual address.
# This output file may be truncated or incomplete.
#
#  Out of Memory Error (os_windows.cpp:3532), pid=15544, tid=16400
#
# JRE version: OpenJDK Runtime Environment (17.0.2+8) (build 17.0.2+8-86)
# Java VM: OpenJDK 64-Bit Server VM (17.0.2+8-86, mixed mode, sharing, tiered, compressed oops, compressed class ptrs, g1 gc, windows-amd64)
# No core dump will be written. Minidumps are not enabled by default on client versions of Windows
#

---------------  S U M M A R Y ------------

Command Line: -XX:MaxMetaspaceSize=512m --add-opens=java.base/java.util=ALL-UNNAMED --add-opens=java.base/java.lang=ALL-UNNAMED --add-opens=java.base/java.lang.invoke=ALL-UNNAMED --add-opens=java.prefs/java.util.prefs=ALL-UNNAMED --add-opens=java.base/java.nio.charset=ALL-UNNAMED --add-opens=java.base/java.net=ALL-UNNAMED --add-opens=java.base/java.util.concurrent.atomic=ALL-UNNAMED -Xmx2048m -Dfile.encoding=windows-1252 -Duser.country=US -Duser.language=en -Duser.variant org.gradle.launcher.daemon.bootstrap.GradleDaemon 8.0.1

Host: Intel(R) Core(TM) i5-3230M CPU @ 2.60GHz, 4 cores, 3G,  Windows 10 , 64 bit Build 19041 (10.0.19041.3570)
Time: Fri Oct 20 08:57:18 2023 Pakistan Standard Time elapsed time: 273.689331 seconds (0d 0h 4m 33s)

---------------  T H R E A D  ---------------

Current thread (0x000002a8821246c0):  VMThread "VM Thread" [stack: 0x000000d275f00000,0x000000d276000000] [id=16400]

Stack: [0x000000d275f00000,0x000000d276000000]
Native frames: (J=compiled Java code, j=interpreted, Vv=VM code, C=native code)
V  [jvm.dll+0x670baa]
V  [jvm.dll+0x7cfcb4]
V  [jvm.dll+0x7d145e]
V  [jvm.dll+0x7d1ac3]
V  [jvm.dll+0x242bc5]
V  [jvm.dll+0x66dac9]
V  [jvm.dll+0x662412]
V  [jvm.dll+0x300c0b]
V  [jvm.dll+0x3081a6]
V  [jvm.dll+0x357d0e]
V  [jvm.dll+0x357f3f]
V  [jvm.dll+0x2d7ec8]
V  [jvm.dll+0x2d6194]
V  [jvm.dll+0x2d579c]
V  [jvm.dll+0x319411]
V  [jvm.dll+0x7d5f9b]
V  [jvm.dll+0x7d6cd4]
V  [jvm.dll+0x7d71ec]
V  [jvm.dll+0x7d75c4]
V  [jvm.dll+0x7d7690]
V  [jvm.dll+0x77ff7a]
V  [jvm.dll+0x66fa35]
C  [ucrtbase.dll+0x21bb2]
C  [KERNEL32.DLL+0x17344]
C  [ntdll.dll+0x526b1]

VM_Operation (0x000000d2775f4a50): G1TryInitiateConcMark, mode: safepoint, requested by thread 0x000002a8a2e4ea50


---------------  P R O C E S S  ---------------

Threads class SMR info:
_java_thread_list=0x000002a8a67beb10, length=87, elements={
0x000002a88205ff20, 0x000002a88212e250, 0x000002a88212efd0, 0x000002a8a1881000,
0x000002a8a18848e0, 0x000002a8a18851a0, 0x000002a8a1886a70, 0x000002a8a1889720,
0x000002a8a188a0d0, 0x000002a8a1905be0, 0x000002a8a2461510, 0x000002a8a246fa30,
0x000002a8a2731a50, 0x000002a8a48c6510, 0x000002a8a3174820, 0x000002a8a2ff9b50,
0x000002a8a2f28c70, 0x000002a8a2e4e580, 0x000002a8a2e4ea50, 0x000002a8a2e4fd90,
0x000002a8a2e4c8a0, 0x000002a8a2e4cd70, 0x000002a8a2e4ef20, 0x000002a8a2e4d240,
0x000002a8a2e4dbe0, 0x000002a8a2ebc460, 0x000002a8a2ebb120, 0x000002a8a2ebc930,
0x000002a8a2ebb5f0, 0x000002a8a2eb8f70, 0x000002a8a2ebbf90, 0x000002a8a2eb9440,
0x000002a8a2eb9de0, 0x000002a8a488bf00, 0x000002a8a488a6f0, 0x000002a8a488b090,
0x000002a8a488d710, 0x000002a8a488c3d0, 0x000002a8a488b560, 0x000002a8a488ba30,
0x000002a8a4049520, 0x000002a8a40486b0, 0x000002a8a404a390, 0x000002a8a4048b80,
0x000002a8a40499f0, 0x000002a8a40481e0, 0x000002a8a4049ec0, 0x000002a8a404bba0,
0x000002a8a404ad30, 0x000002a8a404b6d0, 0x000002a8a404a860, 0x000002a8a404b200,
0x000002a8a4049050, 0x000002a8a4b19100, 0x000002a8a4b195d0, 0x000002a8a4b1c5f0,
0x000002a8a4b1c120, 0x000002a8a4b1de00, 0x000002a8a4b19f70, 0x000002a8a4b19aa0,
0x000002a8a4b17420, 0x000002a8a4b178f0, 0x000002a8a4b1cac0, 0x000002a8a4b16f50,
0x000002a8a4b1a440, 0x000002a8a4b1cf90, 0x000002a8a4b1a910, 0x000002a8a4b1ade0,
0x000002a8a4b1e7a0, 0x000002a8a4b18760, 0x000002a8a4b1bc50, 0x000002a8a4b1d460,
0x000002a8a4b18c30, 0x000002a8a47e7c10, 0x000002a8a47e80e0, 0x000002a8a47e1700,
0x000002a8a47e85b0, 0x000002a8a47e2570, 0x000002a8a47e6da0, 0x000002a8a47e1230,
0x000002a8a47e4250, 0x000002a8a47e4bf0, 0x000002a8a47e7270, 0x000002a8a47e6400,
0x000002a8a47e68d0, 0x000002a8a47e20a0, 0x000002a8a47e5f30
}

Java Threads: ( => current thread )
  0x000002a88205ff20 JavaThread "main" [_thread_blocked, id=13516, stack(0x000000d275900000,0x000000d275a00000)]
  0x000002a88212e250 JavaThread "Reference Handler" daemon [_thread_blocked, id=16428, stack(0x000000d276000000,0x000000d276100000)]
  0x000002a88212efd0 JavaThread "Finalizer" daemon [_thread_blocked, id=16432, stack(0x000000d276100000,0x000000d276200000)]
  0x000002a8a1881000 JavaThread "Signal Dispatcher" daemon [_thread_blocked, id=16520, stack(0x000000d276200000,0x000000d276300000)]
  0x000002a8a18848e0 JavaThread "Attach Listener" daemon [_thread_blocked, id=16528, stack(0x000000d276300000,0x000000d276400000)]
  0x000002a8a18851a0 JavaThread "Service Thread" daemon [_thread_blocked, id=16532, stack(0x000000d276400000,0x000000d276500000)]
  0x000002a8a1886a70 JavaThread "Monitor Deflation Thread" daemon [_thread_blocked, id=16536, stack(0x000000d276500000,0x000000d276600000)]
  0x000002a8a1889720 JavaThread "C2 CompilerThread0" daemon [_thread_blocked, id=16540, stack(0x000000d276600000,0x000000d276700000)]
  0x000002a8a188a0d0 JavaThread "C1 CompilerThread0" daemon [_thread_blocked, id=16568, stack(0x000000d276700000,0x000000d276800000)]
  0x000002a8a1905be0 JavaThread "Sweeper thread" daemon [_thread_blocked, id=16580, stack(0x000000d276800000,0x000000d276900000)]
  0x000002a8a2461510 JavaThread "Common-Cleaner" daemon [_thread_blocked, id=16616, stack(0x000000d276900000,0x000000d276a00000)]
  0x000002a8a246fa30 JavaThread "Notification Thread" daemon [_thread_blocked, id=16636, stack(0x000000d276a00000,0x000000d276b00000)]
  0x000002a8a2731a50 JavaThread "Daemon health stats" [_thread_blocked, id=17076, stack(0x000000d276f00000,0x000000d277000000)]
  0x000002a8a48c6510 JavaThread "Incoming local TCP Connector on port 63908" [_thread_in_native, id=17180, stack(0x000000d277000000,0x000000d277100000)]
  0x000002a8a3174820 JavaThread "Daemon periodic checks" [_thread_blocked, id=9092, stack(0x000000d277100000,0x000000d277200000)]
  0x000002a8a2ff9b50 JavaThread "Daemon" [_thread_blocked, id=10220, stack(0x000000d277200000,0x000000d277300000)]
  0x000002a8a2f28c70 JavaThread "Handler for socket connection from /127.0.0.1:63908 to /127.0.0.1:63914" [_thread_in_native, id=5340, stack(0x000000d277300000,0x000000d277400000)]
  0x000002a8a2e4e580 JavaThread "Cancel handler" [_thread_blocked, id=15120, stack(0x000000d277400000,0x000000d277500000)]
  0x000002a8a2e4ea50 JavaThread "Daemon worker" [_thread_blocked, id=3420, stack(0x000000d277500000,0x000000d277600000)]
  0x000002a8a2e4fd90 JavaThread "Asynchronous log dispatcher for DefaultDaemonConnection: socket connection from /127.0.0.1:63908 to /127.0.0.1:63914" [_thread_blocked, id=848, stack(0x000000d277600000,0x000000d277700000)]
  0x000002a8a2e4c8a0 JavaThread "Daemon client event forwarder" [_thread_blocked, id=2984, stack(0x000000d277800000,0x000000d277900000)]
  0x000002a8a2e4cd70 JavaThread "Cache worker for journal cache (C:\Users\Smart tech\.gradle\caches\journal-1)" [_thread_blocked, id=6136, stack(0x000000d277900000,0x000000d277a00000)]
  0x000002a8a2e4ef20 JavaThread "File lock request listener" [_thread_in_native, id=5508, stack(0x000000d277a00000,0x000000d277b00000)]
  0x000002a8a2e4d240 JavaThread "File lock release action executor" [_thread_blocked, id=17284, stack(0x000000d277b00000,0x000000d277c00000)]
  0x000002a8a2e4dbe0 JavaThread "Cache worker for file hash cache (C:\Users\Smart tech\.gradle\caches\8.0.1\fileHashes)" [_thread_blocked, id=5040, stack(0x000000d277c00000,0x000000d277d00000)]
  0x000002a8a2ebc460 JavaThread "File watcher server" daemon [_thread_in_native, id=616, stack(0x000000d277d00000,0x000000d277e00000)]
  0x000002a8a2ebb120 JavaThread "File watcher consumer" daemon [_thread_blocked, id=9248, stack(0x000000d277e00000,0x000000d277f00000)]
  0x000002a8a2ebc930 JavaThread "Cache worker for checksums cache (C:\SkillWork\Seda\android\.gradle\8.0.1\checksums)" [_thread_blocked, id=17248, stack(0x000000d278100000,0x000000d278200000)]
  0x000002a8a2ebb5f0 JavaThread "Cache worker for cache directory md-rule (C:\Users\Smart tech\.gradle\caches\8.0.1\md-rule)" [_thread_blocked, id=17116, stack(0x000000d278200000,0x000000d278300000)]
  0x000002a8a2eb8f70 JavaThread "Cache worker for file content cache (C:\Users\Smart tech\.gradle\caches\8.0.1\fileContent)" [_thread_blocked, id=9424, stack(0x000000d278300000,0x000000d278400000)]
  0x000002a8a2ebbf90 JavaThread "Cache worker for file hash cache (C:\SkillWork\Seda\android\.gradle\8.0.1\fileHashes)" [_thread_blocked, id=13528, stack(0x000000d278400000,0x000000d278500000)]
  0x000002a8a2eb9440 JavaThread "Cache worker for cache directory md-supplier (C:\Users\Smart tech\.gradle\caches\8.0.1\md-supplier)" [_thread_blocked, id=7620, stack(0x000000d275800000,0x000000d275900000)]
  0x000002a8a2eb9de0 JavaThread "Cache worker for execution history cache (C:\Users\Smart tech\.gradle\caches\8.0.1\executionHistory)" [_thread_blocked, id=13876, stack(0x000000d278500000,0x000000d278600000)]
  0x000002a8a488bf00 JavaThread "jar transforms" [_thread_blocked, id=16224, stack(0x000000d278600000,0x000000d278700000)]
  0x000002a8a488a6f0 JavaThread "jar transforms Thread 2" [_thread_blocked, id=16800, stack(0x000000d278700000,0x000000d278800000)]
  0x000002a8a488b090 JavaThread "jar transforms Thread 3" [_thread_blocked, id=17204, stack(0x000000d278800000,0x000000d278900000)]
  0x000002a8a488d710 JavaThread "jar transforms Thread 4" [_thread_blocked, id=16908, stack(0x000000d278900000,0x000000d278a00000)]
  0x000002a8a488c3d0 JavaThread "Cache worker for kotlin-dsl (C:\Users\Smart tech\.gradle\caches\8.0.1\kotlin-dsl)" [_thread_blocked, id=11308, stack(0x000000d275600000,0x000000d275700000)]
  0x000002a8a488b560 JavaThread "Cache worker for dependencies-accessors (C:\SkillWork\Seda\android\.gradle\8.0.1\dependencies-accessors)" [_thread_blocked, id=7832, stack(0x000000d275700000,0x000000d275800000)]
  0x000002a8a488ba30 JavaThread "Cache worker for Build Output Cleanup Cache (C:\SkillWork\Seda\node_modules\@react-native\gradle-plugin\.gradle\buildOutputCleanup)" [_thread_blocked, id=14532, stack(0x000000d277700000,0x000000d277800000)]
  0x000002a8a4049520 JavaThread "Unconstrained build operations" [_thread_blocked, id=8104, stack(0x000000d277f00000,0x000000d278000000)]
  0x000002a8a40486b0 JavaThread "Unconstrained build operations Thread 2" [_thread_blocked, id=14136, stack(0x000000d278a00000,0x000000d278b00000)]
  0x000002a8a404a390 JavaThread "Unconstrained build operations Thread 3" [_thread_blocked, id=14956, stack(0x000000d278b00000,0x000000d278c00000)]
  0x000002a8a4048b80 JavaThread "Unconstrained build operations Thread 4" [_thread_blocked, id=7916, stack(0x000000d278c00000,0x000000d278d00000)]
  0x000002a8a40499f0 JavaThread "Unconstrained build operations Thread 5" [_thread_blocked, id=5868, stack(0x000000d278d00000,0x000000d278e00000)]
  0x000002a8a40481e0 JavaThread "Unconstrained build operations Thread 6" [_thread_blocked, id=12096, stack(0x000000d278e00000,0x000000d278f00000)]
  0x000002a8a4049ec0 JavaThread "Unconstrained build operations Thread 7" [_thread_blocked, id=11632, stack(0x000000d278f00000,0x000000d279000000)]
  0x000002a8a404bba0 JavaThread "Unconstrained build operations Thread 8" [_thread_blocked, id=12108, stack(0x000000d279000000,0x000000d279100000)]
  0x000002a8a404ad30 JavaThread "Unconstrained build operations Thread 9" [_thread_blocked, id=6104, stack(0x000000d279100000,0x000000d279200000)]
  0x000002a8a404b6d0 JavaThread "Unconstrained build operations Thread 10" [_thread_blocked, id=13552, stack(0x000000d279200000,0x000000d279300000)]
  0x000002a8a404a860 JavaThread "Unconstrained build operations Thread 11" [_thread_blocked, id=6800, stack(0x000000d279300000,0x000000d279400000)]
  0x000002a8a404b200 JavaThread "Unconstrained build operations Thread 12" [_thread_blocked, id=11432, stack(0x000000d279400000,0x000000d279500000)]
  0x000002a8a4049050 JavaThread "Unconstrained build operations Thread 13" [_thread_blocked, id=15384, stack(0x000000d279500000,0x000000d279600000)]
  0x000002a8a4b19100 JavaThread "Unconstrained build operations Thread 14" [_thread_blocked, id=12824, stack(0x000000d279600000,0x000000d279700000)]
  0x000002a8a4b195d0 JavaThread "Unconstrained build operations Thread 15" [_thread_blocked, id=13728, stack(0x000000d279700000,0x000000d279800000)]
  0x000002a8a4b1c5f0 JavaThread "Unconstrained build operations Thread 16" [_thread_blocked, id=5956, stack(0x000000d279800000,0x000000d279900000)]
  0x000002a8a4b1c120 JavaThread "Unconstrained build operations Thread 17" [_thread_blocked, id=12164, stack(0x000000d279900000,0x000000d279a00000)]
  0x000002a8a4b1de00 JavaThread "Unconstrained build operations Thread 18" [_thread_blocked, id=15404, stack(0x000000d279a00000,0x000000d279b00000)]
  0x000002a8a4b19f70 JavaThread "Unconstrained build operations Thread 19" [_thread_blocked, id=17320, stack(0x000000d279b00000,0x000000d279c00000)]
  0x000002a8a4b19aa0 JavaThread "Unconstrained build operations Thread 20" [_thread_blocked, id=17216, stack(0x000000d279c00000,0x000000d279d00000)]
  0x000002a8a4b17420 JavaThread "Unconstrained build operations Thread 21" [_thread_blocked, id=14584, stack(0x000000d279d00000,0x000000d279e00000)]
  0x000002a8a4b178f0 JavaThread "Unconstrained build operations Thread 22" [_thread_blocked, id=15692, stack(0x000000d279e00000,0x000000d279f00000)]
  0x000002a8a4b1cac0 JavaThread "Unconstrained build operations Thread 23" [_thread_blocked, id=15460, stack(0x000000d279f00000,0x000000d27a000000)]
  0x000002a8a4b16f50 JavaThread "Unconstrained build operations Thread 24" [_thread_blocked, id=17400, stack(0x000000d27a000000,0x000000d27a100000)]
  0x000002a8a4b1a440 JavaThread "Unconstrained build operations Thread 25" [_thread_blocked, id=15780, stack(0x000000d27a100000,0x000000d27a200000)]
  0x000002a8a4b1cf90 JavaThread "Unconstrained build operations Thread 26" [_thread_blocked, id=15720, stack(0x000000d27a200000,0x000000d27a300000)]
  0x000002a8a4b1a910 JavaThread "Memory manager" [_thread_blocked, id=16864, stack(0x000000d27a300000,0x000000d27a400000)]
  0x000002a8a4b1ade0 JavaThread "Cache worker for Build Output Cleanup Cache (C:\SkillWork\Seda\android\.gradle\buildOutputCleanup)" [_thread_blocked, id=5952, stack(0x000000d27a400000,0x000000d27a500000)]
  0x000002a8a4b1e7a0 JavaThread "included builds" [_thread_blocked, id=15096, stack(0x000000d278000000,0x000000d278100000)]
  0x000002a8a4b18760 JavaThread "Execution worker" [_thread_blocked, id=17332, stack(0x000000d27a500000,0x000000d27a600000)]
  0x000002a8a4b1bc50 JavaThread "Execution worker Thread 2" [_thread_blocked, id=13912, stack(0x000000d27a600000,0x000000d27a700000)]
  0x000002a8a4b1d460 JavaThread "Execution worker Thread 3" [_thread_blocked, id=12340, stack(0x000000d27a700000,0x000000d27a800000)]
  0x000002a8a4b18c30 JavaThread "Cache worker for execution history cache (C:\SkillWork\Seda\node_modules\@react-native\gradle-plugin\.gradle\8.0.1\executionHistory)" [_thread_blocked, id=14340, stack(0x000000d27a800000,0x000000d27a900000)]
  0x000002a8a47e7c10 JavaThread "Unconstrained build operations Thread 27" [_thread_blocked, id=17444, stack(0x000000d27a900000,0x000000d27aa00000)]
  0x000002a8a47e80e0 JavaThread "Unconstrained build operations Thread 28" [_thread_blocked, id=17448, stack(0x000000d27aa00000,0x000000d27ab00000)]
  0x000002a8a47e1700 JavaThread "Unconstrained build operations Thread 29" [_thread_blocked, id=17452, stack(0x000000d27ab00000,0x000000d27ac00000)]
  0x000002a8a47e85b0 JavaThread "Unconstrained build operations Thread 30" [_thread_blocked, id=17456, stack(0x000000d27ac00000,0x000000d27ad00000)]
  0x000002a8a47e2570 JavaThread "Unconstrained build operations Thread 31" [_thread_blocked, id=17504, stack(0x000000d27ad00000,0x000000d27ae00000)]
  0x000002a8a47e6da0 JavaThread "Unconstrained build operations Thread 32" [_thread_blocked, id=17508, stack(0x000000d27ae00000,0x000000d27af00000)]
  0x000002a8a47e1230 JavaThread "Unconstrained build operations Thread 33" [_thread_blocked, id=17512, stack(0x000000d27af00000,0x000000d27b000000)]
  0x000002a8a47e4250 JavaThread "Unconstrained build operations Thread 34" [_thread_blocked, id=17516, stack(0x000000d27b000000,0x000000d27b100000)]
  0x000002a8a47e4bf0 JavaThread "Unconstrained build operations Thread 35" [_thread_blocked, id=17520, stack(0x000000d27b100000,0x000000d27b200000)]
  0x000002a8a47e7270 JavaThread "Unconstrained build operations Thread 36" [_thread_blocked, id=17524, stack(0x000000d27b200000,0x000000d27b300000)]
  0x000002a8a47e6400 JavaThread "Unconstrained build operations Thread 37" [_thread_blocked, id=17528, stack(0x000000d27b300000,0x000000d27b400000)]
  0x000002a8a47e68d0 JavaThread "Unconstrained build operations Thread 38" [_thread_blocked, id=17532, stack(0x000000d27b400000,0x000000d27b500000)]
  0x000002a8a47e20a0 JavaThread "Unconstrained build operations Thread 39" [_thread_blocked, id=17536, stack(0x000000d27b500000,0x000000d27b600000)]
  0x000002a8a47e5f30 JavaThread "Unconstrained build operations Thread 40" [_thread_blocked, id=17540, stack(0x000000d27b600000,0x000000d27b700000)]

Other Threads:
=>0x000002a8821246c0 VMThread "VM Thread" [stack: 0x000000d275f00000,0x000000d276000000] [id=16400]
  0x000002a8a2473f10 WatcherThread [stack: 0x000000d276b00000,0x000000d276c00000] [id=16640]
  0x000002a8820a1850 GCTaskThread "GC Thread#0" [stack: 0x000000d275a00000,0x000000d275b00000] [id=15248]
  0x000002a8a27f7610 GCTaskThread "GC Thread#1" [stack: 0x000000d276c00000,0x000000d276d00000] [id=16744]
  0x000002a8a2bcab70 GCTaskThread "GC Thread#2" [stack: 0x000000d276d00000,0x000000d276e00000] [id=16752]
  0x000002a8a2541a10 GCTaskThread "GC Thread#3" [stack: 0x000000d276e00000,0x000000d276f00000] [id=16812]
  0x000002a8820b26a0 ConcurrentGCThread "G1 Main Marker" [stack: 0x000000d275b00000,0x000000d275c00000] [id=11532]
  0x000002a8820b2fc0 ConcurrentGCThread "G1 Conc#0" [stack: 0x000000d275c00000,0x000000d275d00000] [id=15560]
  0x000002a8820fdbc0 ConcurrentGCThread "G1 Refine#0" [stack: 0x000000d275d00000,0x000000d275e00000] [id=7940]
  0x000002a8820fe4f0 ConcurrentGCThread "G1 Service" [stack: 0x000000d275e00000,0x000000d275f00000] [id=15588]

Threads with active compile tasks:

VM state: at safepoint (normal execution)

VM Mutex/Monitor currently owned by a thread:  ([mutex/lock_event])
[0x000002a881f6d850] Threads_lock - owner thread: 0x000002a8821246c0
[0x000002a881f6da90] Heap_lock - owner thread: 0x000002a8a2e4ea50

Heap address: 0x0000000080000000, size: 2048 MB, Compressed Oops mode: 32-bit

CDS archive(s) mapped at: [0x0000000800000000-0x0000000800bc0000-0x0000000800bc0000), size 12320768, SharedBaseAddress: 0x0000000800000000, ArchiveRelocationMode: 0.
Compressed class space mapped at: 0x0000000800c00000-0x000000081a800000, reserved size: 432013312
Narrow klass base: 0x0000000800000000, Narrow klass shift: 0, Narrow klass range: 0x100000000

GC Precious Log:
 CPUs: 4 total, 4 available
 Memory: 3961M
 Large Page Support: Disabled
 NUMA Support: Disabled
 Compressed Oops: Enabled (32-bit)
 Heap Region Size: 1M
 Heap Min Capacity: 8M
 Heap Initial Capacity: 62M
 Heap Max Capacity: 2G
 Pre-touch: Disabled
 Parallel Workers: 4
 Concurrent Workers: 1
 Concurrent Refinement Workers: 4
 Periodic GC: Disabled

Heap:
 garbage-first heap   total 158720K, used 72231K [0x0000000080000000, 0x0000000100000000)
  region size 1024K, 1 young (1024K), 1 survivors (1024K)
 Metaspace       used 72180K, committed 72832K, reserved 487424K
  class space    used 9810K, committed 10112K, reserved 421888K

Heap Regions: E=young(eden), S=young(survivor), O=old, HS=humongous(starts), HC=humongous(continues), CS=collection set, F=free, OA=open archive, CA=closed archive, TAMS=top-at-mark-start (previous, next)
|   0|0x0000000080000000, 0x0000000080100000, 0x0000000080100000|100%| O|  |TAMS 0x0000000080100000, 0x0000000080100000| Untracked 
|   1|0x0000000080100000, 0x0000000080200000, 0x0000000080200000|100%| O|  |TAMS 0x0000000080200000, 0x0000000080200000| Untracked 
|   2|0x0000000080200000, 0x0000000080300000, 0x0000000080300000|100%|HS|  |TAMS 0x0000000080300000, 0x0000000080300000| Complete 
|   3|0x0000000080300000, 0x0000000080400000, 0x0000000080400000|100%|HC|  |TAMS 0x0000000080400000, 0x0000000080400000| Complete 
|   4|0x0000000080400000, 0x0000000080500000, 0x0000000080500000|100%|HC|  |TAMS 0x0000000080500000, 0x0000000080500000| Complete 
|   5|0x0000000080500000, 0x0000000080600000, 0x0000000080600000|100%|HC|  |TAMS 0x0000000080600000, 0x0000000080600000| Complete 
|   6|0x0000000080600000, 0x0000000080700000, 0x0000000080700000|100%| O|  |TAMS 0x0000000080700000, 0x0000000080700000| Untracked 
|   7|0x0000000080700000, 0x0000000080800000, 0x0000000080800000|100%| O|  |TAMS 0x0000000080800000, 0x0000000080800000| Untracked 
|   8|0x0000000080800000, 0x0000000080900000, 0x0000000080900000|100%| O|  |TAMS 0x0000000080900000, 0x0000000080900000| Untracked 
|   9|0x0000000080900000, 0x0000000080a00000, 0x0000000080a00000|100%| O|  |TAMS 0x0000000080a00000, 0x0000000080a00000| Untracked 
|  10|0x0000000080a00000, 0x0000000080b00000, 0x0000000080b00000|100%| O|  |TAMS 0x0000000080b00000, 0x0000000080b00000| Untracked 
|  11|0x0000000080b00000, 0x0000000080c00000, 0x0000000080c00000|100%| O|  |TAMS 0x0000000080c00000, 0x0000000080c00000| Untracked 
|  12|0x0000000080c00000, 0x0000000080d00000, 0x0000000080d00000|100%| O|  |TAMS 0x0000000080d00000, 0x0000000080d00000| Untracked 
|  13|0x0000000080d00000, 0x0000000080e00000, 0x0000000080e00000|100%| O|  |TAMS 0x0000000080e00000, 0x0000000080e00000| Untracked 
|  14|0x0000000080e00000, 0x0000000080f00000, 0x0000000080f00000|100%| O|  |TAMS 0x0000000080f00000, 0x0000000080f00000| Untracked 
|  15|0x0000000080f00000, 0x0000000081000000, 0x0000000081000000|100%| O|  |TAMS 0x0000000081000000, 0x0000000081000000| Untracked 
|  16|0x0000000081000000, 0x0000000081100000, 0x0000000081100000|100%| O|  |TAMS 0x0000000081100000, 0x0000000081100000| Untracked 
|  17|0x0000000081100000, 0x0000000081200000, 0x0000000081200000|100%| O|  |TAMS 0x0000000081200000, 0x0000000081200000| Untracked 
|  18|0x0000000081200000, 0x0000000081300000, 0x0000000081300000|100%| O|  |TAMS 0x0000000081300000, 0x0000000081300000| Untracked 
|  19|0x0000000081300000, 0x0000000081400000, 0x0000000081400000|100%| O|  |TAMS 0x0000000081400000, 0x0000000081400000| Untracked 
|  20|0x0000000081400000, 0x0000000081500000, 0x0000000081500000|100%| O|  |TAMS 0x0000000081500000, 0x0000000081500000| Untracked 
|  21|0x0000000081500000, 0x0000000081600000, 0x0000000081600000|100%| O|  |TAMS 0x0000000081600000, 0x0000000081600000| Untracked 
|  22|0x0000000081600000, 0x0000000081700000, 0x0000000081700000|100%| O|  |TAMS 0x0000000081700000, 0x0000000081700000| Untracked 
|  23|0x0000000081700000, 0x0000000081800000, 0x0000000081800000|100%| O|  |TAMS 0x0000000081800000, 0x0000000081800000| Untracked 
|  24|0x0000000081800000, 0x0000000081900000, 0x0000000081900000|100%| O|  |TAMS 0x0000000081900000, 0x0000000081900000| Untracked 
|  25|0x0000000081900000, 0x0000000081a00000, 0x0000000081a00000|100%| O|  |TAMS 0x0000000081a00000, 0x0000000081a00000| Untracked 
|  26|0x0000000081a00000, 0x0000000081b00000, 0x0000000081b00000|100%| O|  |TAMS 0x0000000081b00000, 0x0000000081b00000| Untracked 
|  27|0x0000000081b00000, 0x0000000081c00000, 0x0000000081c00000|100%| O|  |TAMS 0x0000000081c00000, 0x0000000081c00000| Untracked 
|  28|0x0000000081c00000, 0x0000000081d00000, 0x0000000081d00000|100%| O|  |TAMS 0x0000000081d00000, 0x0000000081d00000| Untracked 
|  29|0x0000000081d00000, 0x0000000081e00000, 0x0000000081e00000|100%| O|  |TAMS 0x0000000081e00000, 0x0000000081e00000| Untracked 
|  30|0x0000000081e00000, 0x0000000081f00000, 0x0000000081f00000|100%| O|  |TAMS 0x0000000081f00000, 0x0000000081f00000| Untracked 
|  31|0x0000000081f00000, 0x0000000082000000, 0x0000000082000000|100%| O|  |TAMS 0x0000000082000000, 0x0000000082000000| Untracked 
|  32|0x0000000082000000, 0x0000000082100000, 0x0000000082100000|100%|HS|  |TAMS 0x0000000082100000, 0x0000000082100000| Complete 
|  33|0x0000000082100000, 0x0000000082200000, 0x0000000082200000|100%|HC|  |TAMS 0x0000000082200000, 0x0000000082200000| Complete 
|  34|0x0000000082200000, 0x0000000082300000, 0x0000000082300000|100%|HS|  |TAMS 0x0000000082300000, 0x0000000082300000| Complete 
|  35|0x0000000082300000, 0x0000000082400000, 0x0000000082400000|100%|HC|  |TAMS 0x0000000082400000, 0x0000000082400000| Complete 
|  36|0x0000000082400000, 0x0000000082500000, 0x0000000082500000|100%|HC|  |TAMS 0x0000000082500000, 0x0000000082500000| Complete 
|  37|0x0000000082500000, 0x0000000082600000, 0x0000000082600000|100%|HC|  |TAMS 0x0000000082600000, 0x0000000082600000| Complete 
|  38|0x0000000082600000, 0x0000000082700000, 0x0000000082700000|100%| O|  |TAMS 0x0000000082700000, 0x0000000082700000| Untracked 
|  39|0x0000000082700000, 0x0000000082800000, 0x0000000082800000|100%| O|  |TAMS 0x0000000082800000, 0x0000000082800000| Untracked 
|  40|0x0000000082800000, 0x0000000082900000, 0x0000000082900000|100%| O|  |TAMS 0x0000000082900000, 0x0000000082900000| Untracked 
|  41|0x0000000082900000, 0x0000000082a00000, 0x0000000082a00000|100%| O|  |TAMS 0x0000000082a00000, 0x0000000082a00000| Untracked 
|  42|0x0000000082a00000, 0x0000000082b00000, 0x0000000082b00000|100%| O|  |TAMS 0x0000000082b00000, 0x0000000082b00000| Untracked 
|  43|0x0000000082b00000, 0x0000000082c00000, 0x0000000082c00000|100%| O|  |TAMS 0x0000000082c00000, 0x0000000082c00000| Untracked 
|  44|0x0000000082c00000, 0x0000000082d00000, 0x0000000082d00000|100%| O|  |TAMS 0x0000000082d00000, 0x0000000082d00000| Untracked 
|  45|0x0000000082d00000, 0x0000000082e00000, 0x0000000082e00000|100%| O|  |TAMS 0x0000000082e00000, 0x0000000082e00000| Untracked 
|  46|0x0000000082e00000, 0x0000000082f00000, 0x0000000082f00000|100%| O|  |TAMS 0x0000000082f00000, 0x0000000082f00000| Untracked 
|  47|0x0000000082f00000, 0x0000000083000000, 0x0000000083000000|100%| O|  |TAMS 0x0000000083000000, 0x0000000083000000| Untracked 
|  48|0x0000000083000000, 0x0000000083100000, 0x0000000083100000|100%| O|  |TAMS 0x00000000830cbc00, 0x0000000083100000| Untracked 
|  49|0x0000000083100000, 0x0000000083200000, 0x0000000083200000|100%|HS|  |TAMS 0x0000000083200000, 0x0000000083200000| Complete 
|  50|0x0000000083200000, 0x0000000083300000, 0x0000000083300000|100%|HS|  |TAMS 0x0000000083300000, 0x0000000083300000| Complete 
|  51|0x0000000083300000, 0x0000000083400000, 0x0000000083400000|100%| O|  |TAMS 0x0000000083300000, 0x0000000083400000| Untracked 
|  52|0x0000000083400000, 0x0000000083500000, 0x0000000083500000|100%| O|  |TAMS 0x0000000083400000, 0x0000000083500000| Untracked 
|  53|0x0000000083500000, 0x0000000083600000, 0x0000000083600000|100%| O|  |TAMS 0x0000000083500000, 0x0000000083600000| Untracked 
|  54|0x0000000083600000, 0x0000000083700000, 0x0000000083700000|100%| O|  |TAMS 0x0000000083600000, 0x0000000083700000| Untracked 
|  55|0x0000000083700000, 0x0000000083800000, 0x0000000083800000|100%| O|  |TAMS 0x0000000083700000, 0x0000000083800000| Untracked 
|  56|0x0000000083800000, 0x0000000083900000, 0x0000000083900000|100%| O|  |TAMS 0x0000000083800000, 0x0000000083900000| Untracked 
|  57|0x0000000083900000, 0x0000000083a00000, 0x0000000083a00000|100%| O|  |TAMS 0x0000000083900000, 0x0000000083a00000| Untracked 
|  58|0x0000000083a00000, 0x0000000083b00000, 0x0000000083b00000|100%| O|  |TAMS 0x0000000083a00000, 0x0000000083b00000| Untracked 
|  59|0x0000000083b00000, 0x0000000083c00000, 0x0000000083c00000|100%| O|  |TAMS 0x0000000083b00000, 0x0000000083c00000| Untracked 
|  60|0x0000000083c00000, 0x0000000083c8d800, 0x0000000083d00000| 55%| O|  |TAMS 0x0000000083c00000, 0x0000000083c8d800| Untracked 
|  61|0x0000000083d00000, 0x0000000083e00000, 0x0000000083e00000|100%| O|  |TAMS 0x0000000083d00000, 0x0000000083e00000| Untracked 
|  62|0x0000000083e00000, 0x0000000083f00000, 0x0000000083f00000|100%| O|  |TAMS 0x0000000083e00000, 0x0000000083f00000| Untracked 
|  63|0x0000000083f00000, 0x0000000084000000, 0x0000000084000000|100%| O|  |TAMS 0x0000000083f00000, 0x0000000084000000| Untracked 
|  64|0x0000000084000000, 0x0000000084100000, 0x0000000084100000|100%| O|  |TAMS 0x0000000084000000, 0x0000000084100000| Untracked 
|  65|0x0000000084100000, 0x0000000084200000, 0x0000000084200000|100%| O|  |TAMS 0x0000000084100000, 0x0000000084200000| Untracked 
|  66|0x0000000084200000, 0x0000000084300000, 0x0000000084300000|100%| O|  |TAMS 0x0000000084200000, 0x0000000084300000| Untracked 
|  67|0x0000000084300000, 0x0000000084400000, 0x0000000084400000|100%| O|  |TAMS 0x0000000084300000, 0x0000000084400000| Untracked 
|  68|0x0000000084400000, 0x0000000084500000, 0x0000000084500000|100%| O|  |TAMS 0x0000000084400000, 0x0000000084500000| Untracked 
|  69|0x0000000084500000, 0x0000000084600000, 0x0000000084600000|100%| O|  |TAMS 0x0000000084500000, 0x0000000084600000| Untracked 
|  70|0x0000000084600000, 0x0000000084600000, 0x0000000084700000|  0%| F|  |TAMS 0x0000000084600000, 0x0000000084600000| Untracked 
|  71|0x0000000084700000, 0x0000000084700000, 0x0000000084800000|  0%| F|  |TAMS 0x0000000084700000, 0x0000000084700000| Untracked 
|  72|0x0000000084800000, 0x0000000084800000, 0x0000000084900000|  0%| F|  |TAMS 0x0000000084800000, 0x0000000084800000| Untracked 
|  73|0x0000000084900000, 0x0000000084900000, 0x0000000084a00000|  0%| F|  |TAMS 0x0000000084900000, 0x0000000084900000| Untracked 
|  74|0x0000000084a00000, 0x0000000084a00000, 0x0000000084b00000|  0%| F|  |TAMS 0x0000000084a00000, 0x0000000084a00000| Untracked 
|  75|0x0000000084b00000, 0x0000000084b00000, 0x0000000084c00000|  0%| F|  |TAMS 0x0000000084b00000, 0x0000000084b00000| Untracked 
|  76|0x0000000084c00000, 0x0000000084c00000, 0x0000000084d00000|  0%| F|  |TAMS 0x0000000084c00000, 0x0000000084c00000| Untracked 
|  77|0x0000000084d00000, 0x0000000084d00000, 0x0000000084e00000|  0%| F|  |TAMS 0x0000000084d00000, 0x0000000084d00000| Untracked 
|  78|0x0000000084e00000, 0x0000000084e00000, 0x0000000084f00000|  0%| F|  |TAMS 0x0000000084e00000, 0x0000000084e00000| Untracked 
|  79|0x0000000084f00000, 0x0000000084f00000, 0x0000000085000000|  0%| F|  |TAMS 0x0000000084f00000, 0x0000000084f00000| Untracked 
|  80|0x0000000085000000, 0x0000000085000000, 0x0000000085100000|  0%| F|  |TAMS 0x0000000085000000, 0x0000000085000000| Untracked 
|  81|0x0000000085100000, 0x0000000085100000, 0x0000000085200000|  0%| F|  |TAMS 0x0000000085100000, 0x0000000085100000| Untracked 
|  82|0x0000000085200000, 0x0000000085200000, 0x0000000085300000|  0%| F|  |TAMS 0x0000000085200000, 0x0000000085200000| Untracked 
|  83|0x0000000085300000, 0x0000000085300000, 0x0000000085400000|  0%| F|  |TAMS 0x0000000085300000, 0x0000000085300000| Untracked 
|  84|0x0000000085400000, 0x0000000085400000, 0x0000000085500000|  0%| F|  |TAMS 0x0000000085400000, 0x0000000085400000| Untracked 
|  85|0x0000000085500000, 0x0000000085500000, 0x0000000085600000|  0%| F|  |TAMS 0x0000000085500000, 0x0000000085500000| Untracked 
|  86|0x0000000085600000, 0x0000000085600000, 0x0000000085700000|  0%| F|  |TAMS 0x0000000085600000, 0x0000000085600000| Untracked 
|  87|0x0000000085700000, 0x0000000085700000, 0x0000000085800000|  0%| F|  |TAMS 0x0000000085700000, 0x0000000085700000| Untracked 
|  88|0x0000000085800000, 0x0000000085800000, 0x0000000085900000|  0%| F|  |TAMS 0x0000000085800000, 0x0000000085800000| Untracked 
|  89|0x0000000085900000, 0x0000000085900000, 0x0000000085a00000|  0%| F|  |TAMS 0x0000000085900000, 0x0000000085900000| Untracked 
|  90|0x0000000085a00000, 0x0000000085a00000, 0x0000000085b00000|  0%| F|  |TAMS 0x0000000085a00000, 0x0000000085a00000| Untracked 
|  91|0x0000000085b00000, 0x0000000085b00000, 0x0000000085c00000|  0%| F|  |TAMS 0x0000000085b00000, 0x0000000085b00000| Untracked 
|  92|0x0000000085c00000, 0x0000000085c00000, 0x0000000085d00000|  0%| F|  |TAMS 0x0000000085c00000, 0x0000000085c00000| Untracked 
|  93|0x0000000085d00000, 0x0000000085d00000, 0x0000000085e00000|  0%| F|  |TAMS 0x0000000085d00000, 0x0000000085d00000| Untracked 
|  94|0x0000000085e00000, 0x0000000085e00000, 0x0000000085f00000|  0%| F|  |TAMS 0x0000000085e00000, 0x0000000085e00000| Untracked 
|  95|0x0000000085f00000, 0x0000000085f00000, 0x0000000086000000|  0%| F|  |TAMS 0x0000000085f00000, 0x0000000085f00000| Untracked 
|  96|0x0000000086000000, 0x0000000086000000, 0x0000000086100000|  0%| F|  |TAMS 0x0000000086000000, 0x0000000086000000| Untracked 
|  97|0x0000000086100000, 0x0000000086100000, 0x0000000086200000|  0%| F|  |TAMS 0x0000000086100000, 0x0000000086100000| Untracked 
|  98|0x0000000086200000, 0x0000000086200000, 0x0000000086300000|  0%| F|  |TAMS 0x0000000086200000, 0x0000000086200000| Untracked 
|  99|0x0000000086300000, 0x0000000086300000, 0x0000000086400000|  0%| F|  |TAMS 0x0000000086300000, 0x0000000086300000| Untracked 
| 100|0x0000000086400000, 0x0000000086400000, 0x0000000086500000|  0%| F|  |TAMS 0x0000000086400000, 0x0000000086400000| Untracked 
| 101|0x0000000086500000, 0x0000000086500000, 0x0000000086600000|  0%| F|  |TAMS 0x0000000086500000, 0x0000000086500000| Untracked 
| 102|0x0000000086600000, 0x0000000086600000, 0x0000000086700000|  0%| F|  |TAMS 0x0000000086600000, 0x0000000086600000| Untracked 
| 103|0x0000000086700000, 0x0000000086700000, 0x0000000086800000|  0%| F|  |TAMS 0x0000000086700000, 0x0000000086700000| Untracked 
| 104|0x0000000086800000, 0x0000000086800000, 0x0000000086900000|  0%| F|  |TAMS 0x0000000086800000, 0x0000000086800000| Untracked 
| 105|0x0000000086900000, 0x0000000086900000, 0x0000000086a00000|  0%| F|  |TAMS 0x0000000086900000, 0x0000000086900000| Untracked 
| 106|0x0000000086a00000, 0x0000000086a00000, 0x0000000086b00000|  0%| F|  |TAMS 0x0000000086a00000, 0x0000000086a00000| Untracked 
| 107|0x0000000086b00000, 0x0000000086b00000, 0x0000000086c00000|  0%| F|  |TAMS 0x0000000086b00000, 0x0000000086b00000| Untracked 
| 108|0x0000000086c00000, 0x0000000086c00000, 0x0000000086d00000|  0%| F|  |TAMS 0x0000000086c00000, 0x0000000086c00000| Untracked 
| 109|0x0000000086d00000, 0x0000000086d00000, 0x0000000086e00000|  0%| F|  |TAMS 0x0000000086d00000, 0x0000000086d00000| Untracked 
| 110|0x0000000086e00000, 0x0000000086e00000, 0x0000000086f00000|  0%| F|  |TAMS 0x0000000086e00000, 0x0000000086e00000| Untracked 
| 111|0x0000000086f00000, 0x0000000086f00000, 0x0000000087000000|  0%| F|  |TAMS 0x0000000086f00000, 0x0000000086f00000| Untracked 
| 112|0x0000000087000000, 0x0000000087000000, 0x0000000087100000|  0%| F|  |TAMS 0x0000000087000000, 0x0000000087000000| Untracked 
| 113|0x0000000087100000, 0x0000000087100000, 0x0000000087200000|  0%| F|  |TAMS 0x0000000087100000, 0x0000000087100000| Untracked 
| 114|0x0000000087200000, 0x0000000087200000, 0x0000000087300000|  0%| F|  |TAMS 0x0000000087200000, 0x0000000087200000| Untracked 
| 115|0x0000000087300000, 0x0000000087300000, 0x0000000087400000|  0%| F|  |TAMS 0x0000000087300000, 0x0000000087300000| Untracked 
| 116|0x0000000087400000, 0x0000000087400000, 0x0000000087500000|  0%| F|  |TAMS 0x0000000087400000, 0x0000000087400000| Untracked 
| 117|0x0000000087500000, 0x0000000087500000, 0x0000000087600000|  0%| F|  |TAMS 0x0000000087500000, 0x0000000087500000| Untracked 
| 118|0x0000000087600000, 0x0000000087600000, 0x0000000087700000|  0%| F|  |TAMS 0x0000000087600000, 0x0000000087600000| Untracked 
| 119|0x0000000087700000, 0x0000000087700000, 0x0000000087800000|  0%| F|  |TAMS 0x0000000087700000, 0x0000000087700000| Untracked 
| 120|0x0000000087800000, 0x0000000087800000, 0x0000000087900000|  0%| F|  |TAMS 0x0000000087800000, 0x0000000087800000| Untracked 
| 121|0x0000000087900000, 0x0000000087900000, 0x0000000087a00000|  0%| F|  |TAMS 0x0000000087900000, 0x0000000087900000| Untracked 
| 122|0x0000000087a00000, 0x0000000087a00000, 0x0000000087b00000|  0%| F|  |TAMS 0x0000000087a00000, 0x0000000087a00000| Untracked 
| 123|0x0000000087b00000, 0x0000000087b00000, 0x0000000087c00000|  0%| F|  |TAMS 0x0000000087b00000, 0x0000000087b00000| Untracked 
| 124|0x0000000087c00000, 0x0000000087c00000, 0x0000000087d00000|  0%| F|  |TAMS 0x0000000087c00000, 0x0000000087c00000| Untracked 
| 125|0x0000000087d00000, 0x0000000087d00000, 0x0000000087e00000|  0%| F|  |TAMS 0x0000000087d00000, 0x0000000087d00000| Untracked 
| 126|0x0000000087e00000, 0x0000000087e00000, 0x0000000087f00000|  0%| F|  |TAMS 0x0000000087e00000, 0x0000000087e00000| Untracked 
| 127|0x0000000087f00000, 0x0000000087f00000, 0x0000000088000000|  0%| F|  |TAMS 0x0000000087f00000, 0x0000000087f00000| Untracked 
| 128|0x0000000088000000, 0x0000000088000000, 0x0000000088100000|  0%| F|  |TAMS 0x0000000088000000, 0x0000000088000000| Untracked 
| 129|0x0000000088100000, 0x0000000088100000, 0x0000000088200000|  0%| F|  |TAMS 0x0000000088100000, 0x0000000088100000| Untracked 
| 130|0x0000000088200000, 0x0000000088200000, 0x0000000088300000|  0%| F|  |TAMS 0x0000000088200000, 0x0000000088200000| Untracked 
| 131|0x0000000088300000, 0x0000000088300000, 0x0000000088400000|  0%| F|  |TAMS 0x0000000088300000, 0x0000000088300000| Untracked 
| 132|0x0000000088400000, 0x0000000088400000, 0x0000000088500000|  0%| F|  |TAMS 0x0000000088400000, 0x0000000088400000| Untracked 
| 133|0x0000000088500000, 0x0000000088500000, 0x0000000088600000|  0%| F|  |TAMS 0x0000000088500000, 0x0000000088500000| Untracked 
| 134|0x0000000088600000, 0x0000000088600000, 0x0000000088700000|  0%| F|  |TAMS 0x0000000088600000, 0x0000000088600000| Untracked 
| 135|0x0000000088700000, 0x0000000088700000, 0x0000000088800000|  0%| F|  |TAMS 0x0000000088700000, 0x0000000088700000| Untracked 
| 136|0x0000000088800000, 0x0000000088800000, 0x0000000088900000|  0%| F|  |TAMS 0x0000000088800000, 0x0000000088800000| Untracked 
| 137|0x0000000088900000, 0x0000000088900000, 0x0000000088a00000|  0%| F|  |TAMS 0x0000000088900000, 0x0000000088900000| Untracked 
| 138|0x0000000088a00000, 0x0000000088a00000, 0x0000000088b00000|  0%| F|  |TAMS 0x0000000088a00000, 0x0000000088a00000| Untracked 
| 139|0x0000000088b00000, 0x0000000088b00000, 0x0000000088c00000|  0%| F|  |TAMS 0x0000000088b00000, 0x0000000088b00000| Untracked 
| 140|0x0000000088c00000, 0x0000000088c00000, 0x0000000088d00000|  0%| F|  |TAMS 0x0000000088c00000, 0x0000000088c00000| Untracked 
| 141|0x0000000088d00000, 0x0000000088d00000, 0x0000000088e00000|  0%| F|  |TAMS 0x0000000088d00000, 0x0000000088d00000| Untracked 
| 142|0x0000000088e00000, 0x0000000088efc678, 0x0000000088f00000| 98%| S|CS|TAMS 0x0000000088e00000, 0x0000000088e00000| Complete 
| 143|0x0000000088f00000, 0x0000000088f00000, 0x0000000089000000|  0%| F|  |TAMS 0x0000000088f00000, 0x0000000088f00000| Untracked 
| 144|0x0000000089000000, 0x0000000089000000, 0x0000000089100000|  0%| F|  |TAMS 0x0000000089000000, 0x0000000089000000| Untracked 
| 145|0x0000000089100000, 0x0000000089100000, 0x0000000089200000|  0%| F|  |TAMS 0x0000000089100000, 0x0000000089100000| Untracked 
| 146|0x0000000089200000, 0x0000000089200000, 0x0000000089300000|  0%| F|  |TAMS 0x0000000089200000, 0x0000000089200000| Untracked 
| 147|0x0000000089300000, 0x0000000089300000, 0x0000000089400000|  0%| F|  |TAMS 0x0000000089300000, 0x0000000089300000| Untracked 
| 148|0x0000000089400000, 0x0000000089400000, 0x0000000089500000|  0%| F|  |TAMS 0x0000000089400000, 0x0000000089400000| Untracked 
| 149|0x0000000089500000, 0x0000000089500000, 0x0000000089600000|  0%| F|  |TAMS 0x0000000089500000, 0x0000000089500000| Untracked 
| 150|0x0000000089600000, 0x0000000089600000, 0x0000000089700000|  0%| F|  |TAMS 0x0000000089600000, 0x0000000089600000| Untracked 
| 151|0x0000000089700000, 0x0000000089700000, 0x0000000089800000|  0%| F|  |TAMS 0x0000000089700000, 0x0000000089700000| Untracked 
| 152|0x0000000089800000, 0x0000000089800000, 0x0000000089900000|  0%| F|  |TAMS 0x0000000089800000, 0x0000000089800000| Untracked 
| 153|0x0000000089900000, 0x0000000089900000, 0x0000000089a00000|  0%| F|  |TAMS 0x0000000089900000, 0x0000000089900000| Untracked 
| 154|0x0000000089a00000, 0x0000000089a00000, 0x0000000089b00000|  0%| F|  |TAMS 0x0000000089a00000, 0x0000000089a00000| Untracked 

Card table byte_map: [0x000002a89ab10000,0x000002a89af10000] _byte_map_base: 0x000002a89a710000

Marking Bits (Prev, Next): (CMBitMap*) 0x000002a8820a1d70, (CMBitMap*) 0x000002a8820a1db0
 Prev Bits: [0x000002a89b310000, 0x000002a89d310000)
 Next Bits: [0x000002a89d310000, 0x000002a89f310000)

Polling page: 0x000002a881e60000

Metaspace:

Usage:
  Non-class:     60.91 MB used.
      Class:      9.58 MB used.
       Both:     70.49 MB used.

Virtual space:
  Non-class space:       64.00 MB reserved,      61.25 MB ( 96%) committed,  8 nodes.
      Class space:      412.00 MB reserved,       9.88 MB (  2%) committed,  1 nodes.
             Both:      476.00 MB reserved,      71.12 MB ( 15%) committed. 

Chunk freelists:
   Non-Class:  2.70 MB
       Class:  2.06 MB
        Both:  4.77 MB

MaxMetaspaceSize: 512.00 MB
CompressedClassSpaceSize: 412.00 MB
Initial GC threshold: 21.00 MB
Current GC threshold: 108.25 MB
CDS: on
MetaspaceReclaimPolicy: balanced
 - commit_granule_bytes: 65536.
 - commit_granule_words: 8192.
 - virtual_space_node_default_size: 1048576.
 - enlarge_chunks_in_place: 1.
 - new_chunks_are_fully_committed: 0.
 - uncommit_free_chunks: 1.
 - use_allocation_guard: 0.
 - handle_deallocations: 1.


Internal statistics:

num_allocs_failed_limit: 12.
num_arena_births: 822.
num_arena_deaths: 0.
num_vsnodes_births: 9.
num_vsnodes_deaths: 0.
num_space_committed: 1138.
num_space_uncommitted: 0.
num_chunks_returned_to_freelist: 12.
num_chunks_taken_from_freelist: 3687.
num_chunk_merges: 9.
num_chunk_splits: 2504.
num_chunks_enlarged: 1735.
num_purges: 0.
num_inconsistent_stats: 0.

CodeHeap 'non-profiled nmethods': size=120000Kb used=4830Kb max_used=5042Kb free=115170Kb
 bounds [0x000002a892bb0000, 0x000002a8930a0000, 0x000002a89a0e0000]
CodeHeap 'profiled nmethods': size=120000Kb used=16133Kb max_used=17028Kb free=103866Kb
 bounds [0x000002a88b680000, 0x000002a88c730000, 0x000002a892bb0000]
CodeHeap 'non-nmethods': size=5760Kb used=2383Kb max_used=2421Kb free=3376Kb
 bounds [0x000002a88b0e0000, 0x000002a88b350000, 0x000002a88b680000]
 total_blobs=9319 nmethods=8404 adapters=827
 compilation: enabled
              stopped_count=0, restarted_count=0
 full_count=0

Compilation events (20 events):
Event: 272.335 Thread 0x000002a8a188a0d0 9788       3       org.gradle.api.internal.collections.DefaultCollectionEventRegister::registerLazyAddDecoratedAction (14 bytes)
Event: 272.336 Thread 0x000002a8a188a0d0 nmethod 9788 0x000002a88c106490 code [0x000002a88c106640, 0x000002a88c106868]
Event: 272.336 Thread 0x000002a8a188a0d0 9789       3       org.gradle.api.internal.project.DefaultProject::getIdentityPath (10 bytes)
Event: 272.336 Thread 0x000002a8a188a0d0 nmethod 9789 0x000002a88bea0590 code [0x000002a88bea0720, 0x000002a88bea0898]
Event: 272.438 Thread 0x000002a8a1889720 9790       4       java.util.stream.Collectors$$Lambda$59/0x0000000800c6daa8::accept (14 bytes)
Event: 272.439 Thread 0x000002a8a188a0d0 9791       3       jdk.management.jfr.internal.FlightRecorderMXBeanProvider$SingleMBeanComponent::mbeanInterfaceNames (11 bytes)
Event: 272.440 Thread 0x000002a8a188a0d0 nmethod 9791 0x000002a88c23de90 code [0x000002a88c23e060, 0x000002a88c23e4e8]
Event: 272.455 Thread 0x000002a8a1889720 nmethod 9790 0x000002a892cb1b10 code [0x000002a892cb1ca0, 0x000002a892cb2478]
Event: 273.514 Thread 0x000002a8a1889720 9792       4       java.util.concurrent.ConcurrentHashMap$Traverser::advance (188 bytes)
Event: 273.515 Thread 0x000002a8a188a0d0 9793       3       java.net.URLConnection::setUseCaches (10 bytes)
Event: 273.515 Thread 0x000002a8a188a0d0 nmethod 9793 0x000002a88c23d910 code [0x000002a88c23dac0, 0x000002a88c23dd68]
Event: 273.515 Thread 0x000002a8a188a0d0 9794       3       java.net.URLConnection::checkConnected (19 bytes)
Event: 273.515 Thread 0x000002a8a188a0d0 nmethod 9794 0x000002a88c23d410 code [0x000002a88c23d5c0, 0x000002a88c23d7e8]
Event: 273.515 Thread 0x000002a8a188a0d0 9795       1       java.net.JarURLConnection::getEntryName (5 bytes)
Event: 273.515 Thread 0x000002a8a188a0d0 nmethod 9795 0x000002a892cb1810 code [0x000002a892cb19a0, 0x000002a892cb1a78]
Event: 273.519 Thread 0x000002a8a1889720 nmethod 9792 0x000002a892cb1210 code [0x000002a892cb13a0, 0x000002a892cb1698]
Event: 273.528 Thread 0x000002a8a1889720 9796       4       java.lang.AbstractStringBuilder::appendChars (130 bytes)
Event: 273.530 Thread 0x000002a8a188a0d0 9797       3       java.nio.HeapByteBuffer::compact (85 bytes)
Event: 273.531 Thread 0x000002a8a188a0d0 nmethod 9797 0x000002a88b86b210 code [0x000002a88b86b400, 0x000002a88b86ba28]
Event: 273.536 Thread 0x000002a8a1889720 nmethod 9796 0x000002a892cb0c10 code [0x000002a892cb0d80, 0x000002a892cb10b8]

GC Heap History (20 events):
Event: 130.576 GC heap after
{Heap after GC invocations=21 (full 0):
 garbage-first heap   total 76800K, used 33071K [0x0000000080000000, 0x0000000100000000)
  region size 1024K, 4 young (4096K), 4 survivors (4096K)
 Metaspace       used 34002K, committed 34432K, reserved 454656K
  class space    used 4673K, committed 4864K, reserved 421888K
}
Event: 133.457 GC heap before
{Heap before GC invocations=21 (full 0):
 garbage-first heap   total 76800K, used 42287K [0x0000000080000000, 0x0000000100000000)
  region size 1024K, 14 young (14336K), 4 survivors (4096K)
 Metaspace       used 35487K, committed 35968K, reserved 454656K
  class space    used 4822K, committed 5056K, reserved 421888K
}
Event: 133.472 GC heap after
{Heap after GC invocations=22 (full 0):
 garbage-first heap   total 76800K, used 33486K [0x0000000080000000, 0x0000000100000000)
  region size 1024K, 2 young (2048K), 2 survivors (2048K)
 Metaspace       used 35487K, committed 35968K, reserved 454656K
  class space    used 4822K, committed 5056K, reserved 421888K
}
Event: 138.490 GC heap before
{Heap before GC invocations=23 (full 0):
 garbage-first heap   total 76800K, used 61134K [0x0000000080000000, 0x0000000100000000)
  region size 1024K, 30 young (30720K), 2 survivors (2048K)
 Metaspace       used 38453K, committed 38976K, reserved 462848K
  class space    used 5324K, committed 5568K, reserved 421888K
}
Event: 138.499 GC heap after
{Heap after GC invocations=24 (full 0):
 garbage-first heap   total 158720K, used 34675K [0x0000000080000000, 0x0000000100000000)
  region size 1024K, 4 young (4096K), 4 survivors (4096K)
 Metaspace       used 38453K, committed 38976K, reserved 462848K
  class space    used 5324K, committed 5568K, reserved 421888K
}
Event: 166.001 GC heap before
{Heap before GC invocations=24 (full 0):
 garbage-first heap   total 158720K, used 125811K [0x0000000080000000, 0x0000000100000000)
  region size 1024K, 87 young (89088K), 4 survivors (4096K)
 Metaspace       used 47809K, committed 48320K, reserved 471040K
  class space    used 6665K, committed 6912K, reserved 421888K
}
Event: 166.056 GC heap after
{Heap after GC invocations=25 (full 0):
 garbage-first heap   total 158720K, used 46039K [0x0000000080000000, 0x0000000100000000)
  region size 1024K, 9 young (9216K), 9 survivors (9216K)
 Metaspace       used 47809K, committed 48320K, reserved 471040K
  class space    used 6665K, committed 6912K, reserved 421888K
}
Event: 185.669 GC heap before
{Heap before GC invocations=25 (full 0):
 garbage-first heap   total 158720K, used 120791K [0x0000000080000000, 0x0000000100000000)
  region size 1024K, 83 young (84992K), 9 survivors (9216K)
 Metaspace       used 55438K, committed 56064K, reserved 471040K
  class space    used 7660K, committed 7936K, reserved 421888K
}
Event: 185.923 GC heap after
{Heap after GC invocations=26 (full 0):
 garbage-first heap   total 158720K, used 50679K [0x0000000080000000, 0x0000000100000000)
  region size 1024K, 10 young (10240K), 10 survivors (10240K)
 Metaspace       used 55438K, committed 56064K, reserved 471040K
  class space    used 7660K, committed 7936K, reserved 421888K
}
Event: 194.484 GC heap before
{Heap before GC invocations=26 (full 0):
 garbage-first heap   total 158720K, used 92663K [0x0000000080000000, 0x0000000100000000)
  region size 1024K, 51 young (52224K), 10 survivors (10240K)
 Metaspace       used 58192K, committed 58816K, reserved 479232K
  class space    used 8091K, committed 8384K, reserved 421888K
}
Event: 194.594 GC heap after
{Heap after GC invocations=27 (full 0):
 garbage-first heap   total 158720K, used 54063K [0x0000000080000000, 0x0000000100000000)
  region size 1024K, 4 young (4096K), 4 survivors (4096K)
 Metaspace       used 58192K, committed 58816K, reserved 479232K
  class space    used 8091K, committed 8384K, reserved 421888K
}
Event: 206.594 GC heap before
{Heap before GC invocations=27 (full 0):
 garbage-first heap   total 158720K, used 78639K [0x0000000080000000, 0x0000000100000000)
  region size 1024K, 29 young (29696K), 4 survivors (4096K)
 Metaspace       used 59781K, committed 60416K, reserved 479232K
  class space    used 8333K, committed 8640K, reserved 421888K
}
Event: 206.682 GC heap after
{Heap after GC invocations=28 (full 0):
 garbage-first heap   total 158720K, used 55742K [0x0000000080000000, 0x0000000100000000)
  region size 1024K, 6 young (6144K), 6 survivors (6144K)
 Metaspace       used 59781K, committed 60416K, reserved 479232K
  class space    used 8333K, committed 8640K, reserved 421888K
}
Event: 253.184 GC heap before
{Heap before GC invocations=29 (full 0):
 garbage-first heap   total 158720K, used 128446K [0x0000000080000000, 0x0000000100000000)
  region size 1024K, 76 young (77824K), 6 survivors (6144K)
 Metaspace       used 64909K, committed 65600K, reserved 479232K
  class space    used 8967K, committed 9280K, reserved 421888K
}
Event: 253.422 GC heap after
{Heap after GC invocations=30 (full 0):
 garbage-first heap   total 158720K, used 63968K [0x0000000080000000, 0x0000000100000000)
  region size 1024K, 9 young (9216K), 9 survivors (9216K)
 Metaspace       used 64909K, committed 65600K, reserved 479232K
  class space    used 8967K, committed 9280K, reserved 421888K
}
Event: 269.517 GC heap before
{Heap before GC invocations=31 (full 0):
 garbage-first heap   total 158720K, used 132576K [0x0000000080000000, 0x0000000100000000)
  region size 1024K, 69 young (70656K), 9 survivors (9216K)
 Metaspace       used 70847K, committed 71552K, reserved 487424K
  class space    used 9657K, committed 9984K, reserved 421888K
}
Event: 270.588 GC heap after
{Heap after GC invocations=32 (full 0):
 garbage-first heap   total 158720K, used 71863K [0x0000000080000000, 0x0000000100000000)
  region size 1024K, 8 young (8192K), 8 survivors (8192K)
 Metaspace       used 70847K, committed 71552K, reserved 487424K
  class space    used 9657K, committed 9984K, reserved 421888K
}
Event: 270.633 GC heap before
{Heap before GC invocations=32 (full 0):
 garbage-first heap   total 158720K, used 72887K [0x0000000080000000, 0x0000000100000000)
  region size 1024K, 9 young (9216K), 8 survivors (8192K)
 Metaspace       used 70899K, committed 71616K, reserved 487424K
  class space    used 9664K, committed 9984K, reserved 421888K
}
Event: 271.646 GC heap after
{Heap after GC invocations=33 (full 0):
 garbage-first heap   total 158720K, used 72246K [0x0000000080000000, 0x0000000100000000)
  region size 1024K, 1 young (1024K), 1 survivors (1024K)
 Metaspace       used 70899K, committed 71616K, reserved 487424K
  class space    used 9664K, committed 9984K, reserved 421888K
}
Event: 273.537 GC heap before
{Heap before GC invocations=33 (full 0):
 garbage-first heap   total 158720K, used 82486K [0x0000000080000000, 0x0000000100000000)
  region size 1024K, 12 young (12288K), 1 survivors (1024K)
 Metaspace       used 72180K, committed 72832K, reserved 487424K
  class space    used 9810K, committed 10112K, reserved 421888K
}

Deoptimization events (20 events):
Event: 273.533 Thread 0x000002a8a2e4ea50 DEOPT PACKING pc=0x000002a88bbb9bcb sp=0x000000d2775f61f0
Event: 273.533 Thread 0x000002a8a2e4ea50 DEOPT UNPACKING pc=0x000002a88b132b43 sp=0x000000d2775f56a0 mode 0
Event: 273.533 Thread 0x000002a8a2e4ea50 DEOPT PACKING pc=0x000002a88bbb9bcb sp=0x000000d2775f61f0
Event: 273.533 Thread 0x000002a8a2e4ea50 DEOPT UNPACKING pc=0x000002a88b132b43 sp=0x000000d2775f56a0 mode 0
Event: 273.533 Thread 0x000002a8a2e4ea50 DEOPT PACKING pc=0x000002a88bbb9bcb sp=0x000000d2775f61f0
Event: 273.533 Thread 0x000002a8a2e4ea50 DEOPT UNPACKING pc=0x000002a88b132b43 sp=0x000000d2775f56a0 mode 0
Event: 273.533 Thread 0x000002a8a2e4ea50 DEOPT PACKING pc=0x000002a88bbb9bcb sp=0x000000d2775f61f0
Event: 273.533 Thread 0x000002a8a2e4ea50 DEOPT UNPACKING pc=0x000002a88b132b43 sp=0x000000d2775f56a0 mode 0
Event: 273.534 Thread 0x000002a8a2e4ea50 DEOPT PACKING pc=0x000002a88bbb9bcb sp=0x000000d2775f61f0
Event: 273.534 Thread 0x000002a8a2e4ea50 DEOPT UNPACKING pc=0x000002a88b132b43 sp=0x000000d2775f56a0 mode 0
Event: 273.534 Thread 0x000002a8a2e4ea50 DEOPT PACKING pc=0x000002a88bbb9bcb sp=0x000000d2775f61f0
Event: 273.534 Thread 0x000002a8a2e4ea50 DEOPT UNPACKING pc=0x000002a88b132b43 sp=0x000000d2775f56a0 mode 0
Event: 273.534 Thread 0x000002a8a2e4ea50 DEOPT PACKING pc=0x000002a88bbb9bcb sp=0x000000d2775f61f0
Event: 273.534 Thread 0x000002a8a2e4ea50 DEOPT UNPACKING pc=0x000002a88b132b43 sp=0x000000d2775f56a0 mode 0
Event: 273.535 Thread 0x000002a8a2e4ea50 DEOPT PACKING pc=0x000002a88bbb9bcb sp=0x000000d2775f61f0
Event: 273.535 Thread 0x000002a8a2e4ea50 DEOPT UNPACKING pc=0x000002a88b132b43 sp=0x000000d2775f56a0 mode 0
Event: 273.535 Thread 0x000002a8a2e4ea50 DEOPT PACKING pc=0x000002a88bbb9bcb sp=0x000000d2775f61f0
Event: 273.535 Thread 0x000002a8a2e4ea50 DEOPT UNPACKING pc=0x000002a88b132b43 sp=0x000000d2775f56a0 mode 0
Event: 273.536 Thread 0x000002a8a2e4ea50 DEOPT PACKING pc=0x000002a88bbb9bcb sp=0x000000d2775f61f0
Event: 273.536 Thread 0x000002a8a2e4ea50 DEOPT UNPACKING pc=0x000002a88b132b43 sp=0x000000d2775f56a0 mode 0

Classes unloaded (0 events):
No events

Classes redefined (0 events):
No events

Internal exceptions (20 events):
Event: 188.227 Thread 0x000002a8a2e4ea50 Exception <a 'java/lang/ClassNotFoundException'{0x0000000088b27918}: org/gradle/api/internal/artifacts/dsl/DefaultRepositoryHandler_DecoratedCustomizer> (0x0000000088b27918) 
thrown [t:\workspace\open\src\hotspot\share\classfile\systemDictionary.cpp, line 256]
Event: 188.298 Thread 0x000002a8a2e4ea50 Exception <a 'java/lang/ClassNotFoundException'{0x0000000088bb9f68}: org/gradle/api/internal/artifacts/dsl/dependencies/DefaultDependencyHandler_DecoratedBeanInfo> (0x0000000088bb9f68) 
thrown [t:\workspace\open\src\hotspot\share\classfile\systemDictionary.cpp, line 256]
Event: 188.311 Thread 0x000002a8a2e4ea50 Exception <a 'java/lang/ClassNotFoundException'{0x0000000088bd1da0}: org/gradle/api/internal/artifacts/dsl/dependencies/DefaultDependencyHandlerBeanInfo> (0x0000000088bd1da0) 
thrown [t:\workspace\open\src\hotspot\share\classfile\systemDictionary.cpp, line 256]
Event: 188.320 Thread 0x000002a8a2e4ea50 Exception <a 'java/lang/ClassNotFoundException'{0x0000000088be9648}: org/gradle/api/internal/artifacts/dsl/dependencies/DefaultDependencyHandlerCustomizer> (0x0000000088be9648) 
thrown [t:\workspace\open\src\hotspot\share\classfile\systemDictionary.cpp, line 256]
Event: 188.379 Thread 0x000002a8a2e4ea50 Exception <a 'java/lang/ClassNotFoundException'{0x0000000088a28718}: org/gradle/api/internal/artifacts/dsl/dependencies/DefaultDependencyHandler_DecoratedCustomizer> (0x0000000088a28718) 
thrown [t:\workspace\open\src\hotspot\share\classfile\systemDictionary.cpp, line 256]
Event: 196.173 Thread 0x000002a8a2e4ea50 Exception <a 'java/lang/NoSuchMethodError'{0x0000000089578048}: 'java.lang.Object java.lang.invoke.DirectMethodHandle$Holder.newInvokeSpecial(java.lang.Object, java.lang.Object, java.lang.Object, java.lang.Object, java.lang.Object, java.lang.Object, java.lang.Object, java.lang.Object, java.lang.Object)'> (0x0000000089578048) 
thrown [t:\workspace\open\src\hotspot\share\interpreter\linkResolver.cpp, line 766]
Event: 196.174 Thread 0x000002a8a2e4ea50 Exception <a 'java/lang/NoSuchMethodError'{0x000000008957dce8}: 'java.lang.Object java.lang.invoke.Invokers$Holder.linkToTargetMethod(java.lang.Object, java.lang.Object, java.lang.Object, java.lang.Object, java.lang.Object, java.lang.Object, java.lang.Object, java.lang.Object, java.lang.Object)'> (0x000000008957dce8) 
thrown [t:\workspace\open\src\hotspot\share\interpreter\linkResolver.cpp, line 766]
Event: 205.260 Thread 0x000002a8a4b1e7a0 Exception <a 'java/lang/NoSuchMethodError'{0x0000000088660c68}: 'java.lang.Object java.lang.invoke.DirectMethodHandle$Holder.newInvokeSpecial(java.lang.Object, java.lang.Object, java.lang.Object, java.lang.Object, int, java.lang.Object)'> (0x0000000088660c68) 
thrown [t:\workspace\open\src\hotspot\share\interpreter\linkResolver.cpp, line 766]
Event: 205.263 Thread 0x000002a8a4b1e7a0 Exception <a 'java/lang/NoSuchMethodError'{0x0000000088664f88}: 'java.lang.Object java.lang.invoke.Invokers$Holder.linkToTargetMethod(java.lang.Object, java.lang.Object, java.lang.Object, int, java.lang.Object, java.lang.Object)'> (0x0000000088664f88) 
thrown [t:\workspace\open\src\hotspot\share\interpreter\linkResolver.cpp, line 766]
Event: 205.334 Thread 0x000002a8a4b1e7a0 Exception <a 'java/lang/NoSuchMethodError'{0x00000000886d6460}: 'void java.lang.invoke.DirectMethodHandle$Holder.invokeInterface(java.lang.Object, java.lang.Object, java.lang.Object, java.lang.Object)'> (0x00000000886d6460) 
thrown [t:\workspace\open\src\hotspot\share\interpreter\linkResolver.cpp, line 766]
Event: 206.060 Thread 0x000002a8a4b1e7a0 Exception <a 'java/lang/NoSuchMethodError'{0x00000000884e4f20}: 'int java.lang.invoke.DirectMethodHandle$Holder.invokeSpecial(java.lang.Object, java.lang.Object, java.lang.Object, java.lang.Object, java.lang.Object)'> (0x00000000884e4f20) 
thrown [t:\workspace\open\src\hotspot\share\interpreter\linkResolver.cpp, line 766]
Event: 216.333 Thread 0x000002a8a4b1e7a0 Exception <a 'sun/nio/fs/WindowsException'{0x000000008761f888}> (0x000000008761f888) 
thrown [t:\workspace\open\src\hotspot\share\prims\jni.cpp, line 516]
Event: 216.369 Thread 0x000002a8a4b1e7a0 Exception <a 'sun/nio/fs/WindowsException'{0x0000000087621c88}> (0x0000000087621c88) 
thrown [t:\workspace\open\src\hotspot\share\prims\jni.cpp, line 516]
Event: 216.371 Thread 0x000002a8a4b1e7a0 Exception <a 'sun/nio/fs/WindowsException'{0x0000000087623d20}> (0x0000000087623d20) 
thrown [t:\workspace\open\src\hotspot\share\prims\jni.cpp, line 516]
Event: 216.374 Thread 0x000002a8a4b1e7a0 Exception <a 'sun/nio/fs/WindowsException'{0x0000000087625ad0}> (0x0000000087625ad0) 
thrown [t:\workspace\open\src\hotspot\share\prims\jni.cpp, line 516]
Event: 238.900 Thread 0x000002a8a2e4ea50 Exception <a 'java/lang/ClassNotFoundException'{0x00000000863b25f8}: build_b1ed55rhqjsvcghelahxh5mgkBeanInfo> (0x00000000863b25f8) 
thrown [t:\workspace\open\src\hotspot\share\classfile\systemDictionary.cpp, line 256]
Event: 238.902 Thread 0x000002a8a2e4ea50 Exception <a 'java/lang/ClassNotFoundException'{0x00000000863b9150}: build_b1ed55rhqjsvcghelahxh5mgkCustomizer> (0x00000000863b9150) 
thrown [t:\workspace\open\src\hotspot\share\classfile\systemDictionary.cpp, line 256]
Event: 261.102 Thread 0x000002a8a2e4ea50 Implicit null exception at 0x000002a892d9a08c to 0x000002a892d9a1be
Event: 263.084 Thread 0x000002a8a2e4ea50 Exception <a 'sun/nio/fs/WindowsException'{0x00000000879c76a8}> (0x00000000879c76a8) 
thrown [t:\workspace\open\src\hotspot\share\prims\jni.cpp, line 516]
Event: 272.262 Thread 0x000002a8a2e4ea50 Implicit null exception at 0x000002a892dbe4c8 to 0x000002a892dbe578

VM Operations (20 events):
Event: 261.156 Executing VM operation: HandshakeAllThreads done
Event: 262.165 Executing VM operation: Cleanup
Event: 262.184 Executing VM operation: Cleanup done
Event: 263.193 Executing VM operation: Cleanup
Event: 263.224 Executing VM operation: Cleanup done
Event: 265.236 Executing VM operation: Cleanup
Event: 265.465 Executing VM operation: Cleanup done
Event: 266.475 Executing VM operation: Cleanup
Event: 266.540 Executing VM operation: Cleanup done
Event: 267.548 Executing VM operation: Cleanup
Event: 267.551 Executing VM operation: Cleanup done
Event: 268.555 Executing VM operation: Cleanup
Event: 268.585 Executing VM operation: Cleanup done
Event: 269.517 Executing VM operation: G1CollectForAllocation
Event: 270.588 Executing VM operation: G1CollectForAllocation done
Event: 270.603 Executing VM operation: G1CollectForAllocation
Event: 271.646 Executing VM operation: G1CollectForAllocation done
Event: 272.655 Executing VM operation: Cleanup
Event: 272.655 Executing VM operation: Cleanup done
Event: 273.537 Executing VM operation: G1TryInitiateConcMark

Events (20 events):
Event: 261.475 loading class java/util/jar/JarVerifier$VerifierStream
Event: 261.475 loading class java/util/jar/JarVerifier$VerifierStream done
Event: 261.476 loading class sun/security/util/ManifestEntryVerifier$SunProviderHolder
Event: 261.476 loading class sun/security/util/ManifestEntryVerifier$SunProviderHolder done
Event: 262.840 loading class java/security/KeyStore$ProtectionParameter
Event: 262.841 loading class java/security/KeyStore$ProtectionParameter done
Event: 268.930 loading class java/security/KeyStore
Event: 268.930 loading class java/security/KeyStore done
Event: 268.931 loading class java/security/KeyStore$1
Event: 268.931 loading class java/security/KeyStore$1 done
Event: 271.938 loading class javax/xml/stream/XMLStreamException
Event: 271.938 loading class javax/xml/stream/XMLStreamException done
Event: 272.147 loading class sun/reflect/annotation/AnnotationInvocationHandler$1
Event: 272.148 loading class sun/reflect/annotation/AnnotationInvocationHandler$1 done
Event: 273.495 loading class java/util/concurrent/atomic/AtomicIntegerArray
Event: 273.495 loading class java/util/concurrent/atomic/AtomicIntegerArray done
Event: 273.498 loading class java/util/Currency
Event: 273.498 loading class java/util/Currency done
Event: 273.504 loading class java/util/concurrent/atomic/AtomicLongArray
Event: 273.504 loading class java/util/concurrent/atomic/AtomicLongArray done


Dynamic libraries:
0x00007ff71cc20000 - 0x00007ff71cc2e000 	E:\jdk-17.0.2\bin\java.exe
0x00007ffce2750000 - 0x00007ffce2947000 	C:\WINDOWS\SYSTEM32\ntdll.dll
0x00007ffce0990000 - 0x00007ffce0a4d000 	C:\WINDOWS\System32\KERNEL32.DLL
0x00007ffce04b0000 - 0x00007ffce07a6000 	C:\WINDOWS\System32\KERNELBASE.dll
0x00007ffce0160000 - 0x00007ffce0260000 	C:\WINDOWS\System32\ucrtbase.dll
0x00007ffccb810000 - 0x00007ffccb82a000 	E:\jdk-17.0.2\bin\VCRUNTIME140.dll
0x00007ffccb7f0000 - 0x00007ffccb808000 	E:\jdk-17.0.2\bin\jli.dll
0x00007ffce2570000 - 0x00007ffce270e000 	C:\WINDOWS\System32\USER32.dll
0x00007ffce0260000 - 0x00007ffce0282000 	C:\WINDOWS\System32\win32u.dll
0x00007ffce0a50000 - 0x00007ffce0a7c000 	C:\WINDOWS\System32\GDI32.dll
0x00007ffcdfe30000 - 0x00007ffcdff4a000 	C:\WINDOWS\System32\gdi32full.dll
0x00007ffce0030000 - 0x00007ffce00cd000 	C:\WINDOWS\System32\msvcp_win.dll
0x00007ffcd1b80000 - 0x00007ffcd1e1a000 	C:\WINDOWS\WinSxS\amd64_microsoft.windows.common-controls_6595b64144ccf1df_6.0.19041.3570_none_60bb2a3971f3e41a\COMCTL32.dll
0x00007ffce21a0000 - 0x00007ffce223e000 	C:\WINDOWS\System32\msvcrt.dll
0x00007ffce1070000 - 0x00007ffce10a0000 	C:\WINDOWS\System32\IMM32.DLL
0x00007ffccddf0000 - 0x00007ffccddfc000 	E:\jdk-17.0.2\bin\vcruntime140_1.dll
0x00007ffcbdff0000 - 0x00007ffcbe07d000 	E:\jdk-17.0.2\bin\msvcp140.dll
0x00007ffcb1a80000 - 0x00007ffcb2641000 	E:\jdk-17.0.2\bin\server\jvm.dll
0x00007ffce0e30000 - 0x00007ffce0ede000 	C:\WINDOWS\System32\ADVAPI32.dll
0x00007ffce0a90000 - 0x00007ffce0b2c000 	C:\WINDOWS\System32\sechost.dll
0x00007ffce0ee0000 - 0x00007ffce1006000 	C:\WINDOWS\System32\RPCRT4.dll
0x00007ffce0a80000 - 0x00007ffce0a88000 	C:\WINDOWS\System32\PSAPI.DLL
0x00007ffcd3660000 - 0x00007ffcd3669000 	C:\WINDOWS\SYSTEM32\WSOCK32.dll
0x00007ffce1680000 - 0x00007ffce16eb000 	C:\WINDOWS\System32\WS2_32.dll
0x00007ffccd540000 - 0x00007ffccd567000 	C:\WINDOWS\SYSTEM32\WINMM.dll
0x00007ffccfee0000 - 0x00007ffccfeea000 	C:\WINDOWS\SYSTEM32\VERSION.dll
0x00007ffcddc90000 - 0x00007ffcddca2000 	C:\WINDOWS\SYSTEM32\kernel.appcore.dll
0x00007ffcccde0000 - 0x00007ffcccdea000 	E:\jdk-17.0.2\bin\jimage.dll
0x00007ffcce050000 - 0x00007ffcce234000 	C:\WINDOWS\SYSTEM32\DBGHELP.DLL
0x00007ffccdf40000 - 0x00007ffccdf74000 	C:\WINDOWS\SYSTEM32\dbgcore.DLL
0x00007ffce00d0000 - 0x00007ffce0152000 	C:\WINDOWS\System32\bcryptPrimitives.dll
0x00007ffcc2a80000 - 0x00007ffcc2aa5000 	E:\jdk-17.0.2\bin\java.dll
0x00007ffcbdbb0000 - 0x00007ffcbdc86000 	E:\jdk-17.0.2\bin\jsvml.dll
0x00007ffce1a50000 - 0x00007ffce2194000 	C:\WINDOWS\System32\SHELL32.dll
0x00007ffcdde90000 - 0x00007ffcde62b000 	C:\WINDOWS\SYSTEM32\windows.storage.dll
0x00007ffce16f0000 - 0x00007ffce1a44000 	C:\WINDOWS\System32\combase.dll
0x00007ffcdf790000 - 0x00007ffcdf7bd000 	C:\WINDOWS\SYSTEM32\Wldp.dll
0x00007ffce07b0000 - 0x00007ffce085d000 	C:\WINDOWS\System32\SHCORE.dll
0x00007ffce1600000 - 0x00007ffce1655000 	C:\WINDOWS\System32\shlwapi.dll
0x00007ffcdfd60000 - 0x00007ffcdfd85000 	C:\WINDOWS\SYSTEM32\profapi.dll
0x00007ffccb7d0000 - 0x00007ffccb7e9000 	E:\jdk-17.0.2\bin\net.dll
0x00007ffcd6650000 - 0x00007ffcd675a000 	C:\WINDOWS\SYSTEM32\WINHTTP.dll
0x00007ffcdf570000 - 0x00007ffcdf5da000 	C:\WINDOWS\system32\mswsock.dll
0x00007ffccb7b0000 - 0x00007ffccb7c6000 	E:\jdk-17.0.2\bin\nio.dll
0x00007ffccb790000 - 0x00007ffccb7a8000 	E:\jdk-17.0.2\bin\zip.dll
0x00007ffccc1e0000 - 0x00007ffccc1f0000 	E:\jdk-17.0.2\bin\verify.dll
0x00007ffcc2ab0000 - 0x00007ffcc2ad7000 	C:\Users\Smart tech\.gradle\native\68d5fa5c4cc2d200863cafc0d521ce42e7d3e7ee720ec0a83991735586a16f82\windows-amd64\native-platform.dll
0x00007ffcab2b0000 - 0x00007ffcab3f4000 	C:\Users\Smart tech\.gradle\native\e376f236ea51e6404a007f0833ffe2c6e607c4080706a723a18a27aeea778392\windows-amd64\native-platform-file-events.dll
0x00007ffccb9e0000 - 0x00007ffccb9e9000 	E:\jdk-17.0.2\bin\management.dll
0x00007ffccb960000 - 0x00007ffccb96b000 	E:\jdk-17.0.2\bin\management_ext.dll
0x00007ffcdf950000 - 0x00007ffcdf968000 	C:\WINDOWS\SYSTEM32\CRYPTSP.dll
0x00007ffcdee30000 - 0x00007ffcdee64000 	C:\WINDOWS\system32\rsaenh.dll
0x00007ffcdff50000 - 0x00007ffcdff77000 	C:\WINDOWS\System32\bcrypt.dll
0x00007ffcdfd20000 - 0x00007ffcdfd4e000 	C:\WINDOWS\SYSTEM32\USERENV.dll
0x00007ffcdf700000 - 0x00007ffcdf70c000 	C:\WINDOWS\SYSTEM32\CRYPTBASE.dll
0x00007ffcdf230000 - 0x00007ffcdf26b000 	C:\WINDOWS\SYSTEM32\IPHLPAPI.DLL
0x00007ffce2560000 - 0x00007ffce2568000 	C:\WINDOWS\System32\NSI.dll
0x00007ffcd73b0000 - 0x00007ffcd73c7000 	C:\WINDOWS\SYSTEM32\dhcpcsvc6.DLL
0x00007ffcd8d70000 - 0x00007ffcd8d8d000 	C:\WINDOWS\SYSTEM32\dhcpcsvc.DLL
0x00007ffcdf270000 - 0x00007ffcdf33a000 	C:\WINDOWS\SYSTEM32\DNSAPI.dll
0x00007ffcc54a0000 - 0x00007ffcc54ae000 	E:\jdk-17.0.2\bin\sunmscapi.dll
0x00007ffce02e0000 - 0x00007ffce043d000 	C:\WINDOWS\System32\CRYPT32.dll
0x00007ffcdf800000 - 0x00007ffcdf827000 	C:\WINDOWS\SYSTEM32\ncrypt.dll
0x00007ffcdf7c0000 - 0x00007ffcdf7fb000 	C:\WINDOWS\SYSTEM32\NTASN1.dll
0x00007ffcc45e0000 - 0x00007ffcc45e7000 	C:\WINDOWS\system32\wshunix.dll

dbghelp: loaded successfully - version: 4.0.5 - missing functions: none
symbol engine: initialized successfully - sym options: 0x614 - pdb path: .;E:\jdk-17.0.2\bin;C:\WINDOWS\SYSTEM32;C:\WINDOWS\WinSxS\amd64_microsoft.windows.common-controls_6595b64144ccf1df_6.0.19041.3570_none_60bb2a3971f3e41a;E:\jdk-17.0.2\bin\server;C:\Users\Smart tech\.gradle\native\68d5fa5c4cc2d200863cafc0d521ce42e7d3e7ee720ec0a83991735586a16f82\windows-amd64;C:\Users\Smart tech\.gradle\native\e376f236ea51e6404a007f0833ffe2c6e607c4080706a723a18a27aeea778392\windows-amd64

VM Arguments:
jvm_args: -XX:MaxMetaspaceSize=512m --add-opens=java.base/java.util=ALL-UNNAMED --add-opens=java.base/java.lang=ALL-UNNAMED --add-opens=java.base/java.lang.invoke=ALL-UNNAMED --add-opens=java.prefs/java.util.prefs=ALL-UNNAMED --add-opens=java.base/java.nio.charset=ALL-UNNAMED --add-opens=java.base/java.net=ALL-UNNAMED --add-opens=java.base/java.util.concurrent.atomic=ALL-UNNAMED -Xmx2048m -Dfile.encoding=windows-1252 -Duser.country=US -Duser.language=en -Duser.variant 
java_command: org.gradle.launcher.daemon.bootstrap.GradleDaemon 8.0.1
java_class_path (initial): C:\Users\Smart tech\.gradle\wrapper\dists\gradle-8.0.1-all\aro4hu1c3oeioove7l0i4i14o\gradle-8.0.1\lib\gradle-launcher-8.0.1.jar
Launcher Type: SUN_STANDARD

[Global flags]
     intx CICompilerCount                          = 3                                         {product} {ergonomic}
   size_t CompressedClassSpaceSize                 = 432013312                                 {product} {ergonomic}
     uint ConcGCThreads                            = 1                                         {product} {ergonomic}
     uint G1ConcRefinementThreads                  = 4                                         {product} {ergonomic}
   size_t G1HeapRegionSize                         = 1048576                                   {product} {ergonomic}
    uintx GCDrainStackTargetSize                   = 64                                        {product} {ergonomic}
   size_t InitialHeapSize                          = 65011712                                  {product} {ergonomic}
   size_t MarkStackSize                            = 4194304                                   {product} {ergonomic}
   size_t MaxHeapSize                              = 2147483648                                {product} {command line}
   size_t MaxMetaspaceSize                         = 536870912                                 {product} {command line}
   size_t MaxNewSize                               = 1287651328                                {product} {ergonomic}
   size_t MinHeapDeltaBytes                        = 1048576                                   {product} {ergonomic}
   size_t MinHeapSize                              = 8388608                                   {product} {ergonomic}
    uintx NonNMethodCodeHeapSize                   = 5832780                                {pd product} {ergonomic}
    uintx NonProfiledCodeHeapSize                  = 122912730                              {pd product} {ergonomic}
    uintx ProfiledCodeHeapSize                     = 122912730                              {pd product} {ergonomic}
    uintx ReservedCodeCacheSize                    = 251658240                              {pd product} {ergonomic}
     bool SegmentedCodeCache                       = true                                      {product} {ergonomic}
   size_t SoftMaxHeapSize                          = 2147483648                             {manageable} {ergonomic}
     bool UseCompressedClassPointers               = true                           {product lp64_product} {ergonomic}
     bool UseCompressedOops                        = true                           {product lp64_product} {ergonomic}
     bool UseG1GC                                  = true                                      {product} {ergonomic}
     bool UseLargePagesIndividualAllocation        = false                                  {pd product} {ergonomic}

Logging:
Log output configuration:
 #0: stdout all=warning uptime,level,tags
 #1: stderr all=off uptime,level,tags

Environment Variables:
JAVA_HOME=E:\jdk-17.0.2\
CLASSPATH=C:\SkillWork\Seda\android\\gradle\wrapper\gradle-wrapper.jar
PATH=C:\SkillWork\Seda\node_modules\.bin;C:\SkillWork\Seda\node_modules\.bin;C:\SkillWork\node_modules\.bin;C:\node_modules\.bin;C:\Users\Smart tech\AppData\Roaming\npm\node_modules\npm\node_modules\@npmcli\run-script\lib\node-gyp-bin;C:\SkillWork\Seda\node_modules\.bin;C:\SkillWork\node_modules\.bin;C:\node_modules\.bin;C:\Users\Smart tech\AppData\Roaming\npm\node_modules\npm\node_modules\@npmcli\run-script\lib\node-gyp-bin;C:\WINDOWS\system32;C:\WINDOWS;C:\WINDOWS\System32\Wbem;C:\WINDOWS\System32\WindowsPowerShell\v1.0\;C:\WINDOWS\System32\OpenSSH\;C:\Users\Smart tech\AppData\Local\Android\Sdk\platform-tools;E:\jdk-17.0.2\bin\;C:\Program Files\Git\cmd;C:\MinGW\bin;C:\Program Files\dotnet\;C:\Users\Smart tech\AppData\Roaming\nvm;C:\Program Files\nodejs;C:\Users\Smart tech\AppData\Local\Microsoft\WindowsApps;C:\Users\Smart tech\AppData\Local\Programs\Microsoft VS Code\bin;C:\Users\Smart tech\AppData\Local\Android\Sdk\platform-tools;C:\Users\Smart tech\AppData\Roaming\npm;C:\Users\Smart tech\.dotnet\tools;C:\Users\Smart tech\AppData\Roaming\nvm;C:\Program Files\nodejs;
USERNAME=Smart tech
OS=Windows_NT
PROCESSOR_IDENTIFIER=Intel64 Family 6 Model 58 Stepping 9, GenuineIntel



---------------  S Y S T E M  ---------------

OS:
 Windows 10 , 64 bit Build 19041 (10.0.19041.3570)
OS uptime: 0 days 9:44 hours
Hyper-V role detected

CPU: total 4 (initial active 4) (2 cores per cpu, 2 threads per core) family 6 model 58 stepping 9 microcode 0x21, cx8, cmov, fxsr, ht, mmx, sse, sse2, sse3, ssse3, sse4.1, sse4.2, popcnt, tsc, tscinvbit, avx, aes, erms, clmul, vzeroupper, clflush, hv

Memory: 4k page, system-wide physical 3961M (180M free)
TotalPageFile size 16236M (AvailPageFile size 272M)
current process WorkingSet (physical memory assigned to process): 264M, peak: 264M
current process commit charge ("private bytes"): 395M, peak: 689M

vm_info: OpenJDK 64-Bit Server VM (17.0.2+8-86) for windows-amd64 JRE (17.0.2+8-86), built on Dec  7 2021 21:49:10 by "mach5one" with MS VC++ 16.8 / 16.9 (VS2019)

END.
