#
# There is insufficient memory for the Java Runtime Environment to continue.
# Native memory allocation (mmap) failed to map 65536 bytes for Failed to commit metaspace.
# Possible reasons:
#   The system is out of physical RAM or swap space
#   The process is running with CompressedOops enabled, and the Java Heap may be blocking the growth of the native heap
# Possible solutions:
#   Reduce memory load on the system
#   Increase physical memory or swap space
#   Check if swap backing store is full
#   Decrease Java heap size (-Xmx/-Xms)
#   Decrease number of Java threads
#   Decrease Java thread stack sizes (-Xss)
#   Set larger code cache with -XX:ReservedCodeCacheSize=
#   JVM is running with Unscaled Compressed Oops mode in which the Java heap is
#     placed in the first 4GB address space. The Java Heap base address is the
#     maximum limit for the native heap growth. Please use -XX:HeapBaseMinAddress
#     to set the Java Heap base and to place the Java Heap above 4GB virtual address.
# This output file may be truncated or incomplete.
#
#  Out of Memory Error (virtualSpaceNode.cpp:110), pid=16980, tid=15212
#
# JRE version: OpenJDK Runtime Environment (17.0.2+8) (build 17.0.2+8-86)
# Java VM: OpenJDK 64-Bit Server VM (17.0.2+8-86, mixed mode, sharing, tiered, compressed oops, compressed class ptrs, g1 gc, windows-amd64)
# No core dump will be written. Minidumps are not enabled by default on client versions of Windows
#

---------------  S U M M A R Y ------------

Command Line: -XX:MaxMetaspaceSize=512m --add-opens=java.base/java.util=ALL-UNNAMED --add-opens=java.base/java.lang=ALL-UNNAMED --add-opens=java.base/java.lang.invoke=ALL-UNNAMED --add-opens=java.prefs/java.util.prefs=ALL-UNNAMED --add-opens=java.base/java.nio.charset=ALL-UNNAMED --add-opens=java.base/java.net=ALL-UNNAMED --add-opens=java.base/java.util.concurrent.atomic=ALL-UNNAMED -Xmx2048m -Dfile.encoding=windows-1252 -Duser.country=US -Duser.language=en -Duser.variant org.gradle.launcher.daemon.bootstrap.GradleDaemon 8.0.1

Host: Intel(R) Core(TM) i5-3230M CPU @ 2.60GHz, 4 cores, 3G,  Windows 10 , 64 bit Build 19041 (10.0.19041.3570)
Time: Fri Oct 27 23:48:49 2023 Pakistan Standard Time elapsed time: 127.790180 seconds (0d 0h 2m 7s)

---------------  T H R E A D  ---------------

Current thread (0x000002a0ba7a7510):  JavaThread "Daemon worker" [_thread_in_vm, id=15212, stack(0x000000a102200000,0x000000a102300000)]

Stack: [0x000000a102200000,0x000000a102300000]
Native frames: (J=compiled Java code, j=interpreted, Vv=VM code, C=native code)
V  [jvm.dll+0x670baa]
V  [jvm.dll+0x7cfcb4]
V  [jvm.dll+0x7d145e]
V  [jvm.dll+0x7d1ac3]
V  [jvm.dll+0x242bc5]
V  [jvm.dll+0x7cbc5b]
V  [jvm.dll+0x616966]
V  [jvm.dll+0x1be3ee]
V  [jvm.dll+0x6192a1]
V  [jvm.dll+0x617306]
V  [jvm.dll+0x23718f]
V  [jvm.dll+0x621015]
V  [jvm.dll+0x1e7e2b]
V  [jvm.dll+0x1e8365]
V  [jvm.dll+0x1e8d9f]
V  [jvm.dll+0x1de251]
V  [jvm.dll+0x537c30]
V  [jvm.dll+0x74ad28]
V  [jvm.dll+0x74ae14]
V  [jvm.dll+0x408cc5]
V  [jvm.dll+0x40ed18]
C  [java.dll+0x17ec]

Java frames: (J=compiled Java code, j=interpreted, Vv=VM code)
J 756  java.lang.ClassLoader.defineClass1(Ljava/lang/ClassLoader;Ljava/lang/String;[BIILjava/security/ProtectionDomain;Ljava/lang/String;)Ljava/lang/Class; java.base@17.0.2 (0 bytes) @ 0x000002a0ab31bde3 [0x000002a0ab31bd20+0x00000000000000c3]
J 1233 c1 java.lang.ClassLoader.defineClass(Ljava/lang/String;[BIILjava/security/ProtectionDomain;)Ljava/lang/Class; java.base@17.0.2 (43 bytes) @ 0x000002a0a402be54 [0x000002a0a402bb00+0x0000000000000354]
J 851 c1 java.security.SecureClassLoader.defineClass(Ljava/lang/String;[BIILjava/security/CodeSource;)Ljava/lang/Class; java.base@17.0.2 (16 bytes) @ 0x000002a0a3f14a0c [0x000002a0a3f14940+0x00000000000000cc]
J 3700 c2 java.net.URLClassLoader$1.run()Ljava/lang/Class; java.base@17.0.2 (81 bytes) @ 0x000002a0ab4ebec4 [0x000002a0ab4eafe0+0x0000000000000ee4]
J 743 c1 java.net.URLClassLoader$1.run()Ljava/lang/Object; java.base@17.0.2 (5 bytes) @ 0x000002a0a3ee05c4 [0x000002a0a3ee0540+0x0000000000000084]
J 560 c1 java.security.AccessController.doPrivileged(Ljava/security/PrivilegedExceptionAction;Ljava/security/AccessControlContext;)Ljava/lang/Object; java.base@17.0.2 (26 bytes) @ 0x000002a0a3e78c7c [0x000002a0a3e78aa0+0x00000000000001dc]
j  java.net.URLClassLoader.findClass(Ljava/lang/String;)Ljava/lang/Class;+13 java.base@17.0.2
J 3698 c1 java.lang.ClassLoader.loadClass(Ljava/lang/String;Z)Ljava/lang/Class; java.base@17.0.2 (121 bytes) @ 0x000002a0a45120f4 [0x000002a0a4511b40+0x00000000000005b4]
J 3066 c2 java.lang.ClassLoader.loadClass(Ljava/lang/String;)Ljava/lang/Class; java.base@17.0.2 (7 bytes) @ 0x000002a0ab468840 [0x000002a0ab468800+0x0000000000000040]
v  ~StubRoutines::call_stub
j  java.lang.Class.getDeclaredFields0(Z)[Ljava/lang/reflect/Field;+0 java.base@17.0.2
J 2944 c1 java.lang.Class.privateGetDeclaredFields(Z)[Ljava/lang/reflect/Field; java.base@17.0.2 (64 bytes) @ 0x000002a0a43b8654 [0x000002a0a43b84c0+0x0000000000000194]
j  java.lang.Class.getDeclaredFields()[Ljava/lang/reflect/Field;+20 java.base@17.0.2
j  org.gradle.internal.reflect.ClassInspector.inspectClass(Ljava/lang/Class;Lorg/gradle/internal/reflect/MutableClassDetails;)V+144
j  org.gradle.internal.reflect.ClassInspector.visitGraph(Ljava/lang/Class;Lorg/gradle/internal/reflect/MutableClassDetails;)V+81
j  org.gradle.internal.reflect.ClassInspector.inspect(Ljava/lang/Class;)Lorg/gradle/internal/reflect/ClassDetails;+11
j  org.gradle.internal.instantiation.generator.AbstractClassGenerator.inspectType(Ljava/lang/Class;Ljava/util/List;Ljava/util/List;Lorg/gradle/internal/instantiation/generator/AbstractClassGenerator$UnclaimedPropertyHandler;)V+1
j  org.gradle.internal.instantiation.generator.AbstractClassGenerator.generateUnderLock(Ljava/lang/Class;)Lorg/gradle/internal/instantiation/generator/AbstractClassGenerator$GeneratedClassImpl;+347
j  org.gradle.internal.instantiation.generator.AbstractClassGenerator$$Lambda$98+0x0000000800d3fd48.apply(Ljava/lang/Object;)Ljava/lang/Object;+8
j  org.gradle.cache.internal.DefaultCrossBuildInMemoryCacheFactory$AbstractCrossBuildInMemoryCache.get(Ljava/lang/Object;Ljava/util/function/Function;)Ljava/lang/Object;+26
j  org.gradle.internal.instantiation.generator.AbstractClassGenerator.generate(Ljava/lang/Class;)Lorg/gradle/internal/instantiation/generator/ClassGenerator$GeneratedClass;+27
j  org.gradle.internal.instantiation.generator.AsmBackedClassGenerator.generate(Ljava/lang/Class;)Lorg/gradle/internal/instantiation/generator/ClassGenerator$GeneratedClass;+2
j  org.gradle.internal.instantiation.generator.Jsr330ConstructorSelector.lambda$forType$0(Ljava/lang/Class;)Lorg/gradle/internal/instantiation/generator/Jsr330ConstructorSelector$CachedConstructor;+9
j  org.gradle.internal.instantiation.generator.Jsr330ConstructorSelector$$Lambda$101+0x0000000800d94958.get()Ljava/lang/Object;+8
j  org.gradle.cache.Cache.lambda$get$0(Ljava/util/function/Supplier;Ljava/lang/Object;)Ljava/lang/Object;+1
j  org.gradle.cache.Cache$$Lambda$67+0x0000000800ceb6d0.apply(Ljava/lang/Object;)Ljava/lang/Object;+5
j  org.gradle.cache.internal.DefaultCrossBuildInMemoryCacheFactory$AbstractCrossBuildInMemoryCache.get(Ljava/lang/Object;Ljava/util/function/Function;)Ljava/lang/Object;+26
j  org.gradle.cache.Cache.get(Ljava/lang/Object;Ljava/util/function/Supplier;)Ljava/lang/Object;+8
j  org.gradle.internal.instantiation.generator.Jsr330ConstructorSelector.forType(Ljava/lang/Class;)Lorg/gradle/internal/instantiation/generator/ClassGenerator$GeneratedConstructor;+12
j  org.gradle.internal.instantiation.generator.Jsr330ConstructorSelector.forParams(Ljava/lang/Class;[Ljava/lang/Object;)Lorg/gradle/internal/instantiation/generator/ClassGenerator$GeneratedConstructor;+2
j  org.gradle.internal.instantiation.generator.DependencyInjectingInstantiator.doCreate(Ljava/lang/Class;Lorg/gradle/api/Describable;[Ljava/lang/Object;)Ljava/lang/Object;+6
j  org.gradle.internal.instantiation.generator.DependencyInjectingInstantiator.newInstance(Ljava/lang/Class;[Ljava/lang/Object;)Ljava/lang/Object;+4
j  org.gradle.groovy.scripts.internal.DefaultScriptRunnerFactory$ScriptRunnerImpl.getScript()Lorg/gradle/groovy/scripts/Script;+30
j  org.gradle.groovy.scripts.internal.DefaultScriptRunnerFactory$ScriptRunnerImpl.run(Ljava/lang/Object;Lorg/gradle/internal/service/ServiceRegistry;)V+21
j  org.gradle.configuration.DefaultScriptPluginFactory$ScriptPluginImpl.lambda$apply$0(Lorg/gradle/groovy/scripts/ScriptRunner;Ljava/lang/Object;Lorg/gradle/internal/service/DefaultServiceRegistry;)V+3
j  org.gradle.configuration.DefaultScriptPluginFactory$ScriptPluginImpl$$Lambda$472+0x0000000801044f48.run()V+12
j  org.gradle.configuration.DefaultScriptTarget.addConfiguration(Ljava/lang/Runnable;Z)V+1
j  org.gradle.configuration.DefaultScriptPluginFactory$ScriptPluginImpl.apply(Ljava/lang/Object;)V+389
j  org.gradle.configuration.BuildOperationScriptPlugin$1.run(Lorg/gradle/internal/operations/BuildOperationContext;)V+11
j  org.gradle.internal.operations.DefaultBuildOperationRunner$1.execute(Lorg/gradle/internal/operations/RunnableBuildOperation;Lorg/gradle/internal/operations/BuildOperationContext;)V+2
j  org.gradle.internal.operations.DefaultBuildOperationRunner$1.execute(Lorg/gradle/internal/operations/BuildOperation;Lorg/gradle/internal/operations/BuildOperationContext;)V+6
j  org.gradle.internal.operations.DefaultBuildOperationRunner$2.execute(Lorg/gradle/internal/operations/BuildOperationDescriptor;Lorg/gradle/internal/operations/BuildOperationState;Lorg/gradle/internal/operations/BuildOperationState;Lorg/gradle/internal/operations/DefaultBuildOperationRunner$ReadableBuildOperationContext;Lorg/gradle/internal/operations/DefaultBuildOperationRunner$BuildOperationExecutionListener;)Lorg/gradle/internal/operations/BuildOperation;+22
j  org.gradle.internal.operations.DefaultBuildOperationRunner$2.execute(Lorg/gradle/internal/operations/BuildOperationDescriptor;Lorg/gradle/internal/operations/BuildOperationState;Lorg/gradle/internal/operations/BuildOperationState;Lorg/gradle/internal/operations/DefaultBuildOperationRunner$ReadableBuildOperationContext;Lorg/gradle/internal/operations/DefaultBuildOperationRunner$BuildOperationExecutionListener;)Ljava/lang/Object;+8
j  org.gradle.internal.operations.DefaultBuildOperationRunner.execute(Lorg/gradle/internal/operations/BuildOperationDescriptor$Builder;Lorg/gradle/internal/operations/BuildOperationState;Lorg/gradle/internal/operations/DefaultBuildOperationRunner$BuildOperationExecution;)Ljava/lang/Object;+141
j  org.gradle.internal.operations.DefaultBuildOperationRunner.execute(Lorg/gradle/internal/operations/BuildOperation;Lorg/gradle/internal/operations/BuildOperationWorker;Lorg/gradle/internal/operations/BuildOperationState;)V+18
j  org.gradle.internal.operations.DefaultBuildOperationRunner.run(Lorg/gradle/internal/operations/RunnableBuildOperation;)V+9
j  org.gradle.internal.operations.DefaultBuildOperationExecutor.run(Lorg/gradle/internal/operations/RunnableBuildOperation;)V+5
j  org.gradle.configuration.BuildOperationScriptPlugin.lambda$apply$0(Ljava/lang/Object;Lorg/gradle/configuration/internal/UserCodeApplicationId;)V+14
j  org.gradle.configuration.BuildOperationScriptPlugin$$Lambda$421+0x000000080101ef00.execute(Ljava/lang/Object;)V+12
j  org.gradle.configuration.internal.DefaultUserCodeApplicationContext.apply(Lorg/gradle/internal/DisplayName;Lorg/gradle/api/Action;)V+37
j  org.gradle.configuration.BuildOperationScriptPlugin.apply(Ljava/lang/Object;)V+61
j  org.gradle.initialization.ScriptEvaluatingSettingsProcessor.applySettingsScript(Lorg/gradle/groovy/scripts/TextResourceScriptSource;Lorg/gradle/api/internal/SettingsInternal;)V+32
j  org.gradle.initialization.ScriptEvaluatingSettingsProcessor.process(Lorg/gradle/api/internal/GradleInternal;Lorg/gradle/initialization/SettingsLocation;Lorg/gradle/api/internal/initialization/ClassLoaderScope;Lorg/gradle/StartParameter;)Lorg/gradle/initialization/SettingsState;+89
j  org.gradle.initialization.SettingsEvaluatedCallbackFiringSettingsProcessor.process(Lorg/gradle/api/internal/GradleInternal;Lorg/gradle/initialization/SettingsLocation;Lorg/gradle/api/internal/initialization/ClassLoaderScope;Lorg/gradle/StartParameter;)Lorg/gradle/initialization/SettingsState;+9
j  org.gradle.initialization.RootBuildCacheControllerSettingsProcessor.process(Lorg/gradle/api/internal/GradleInternal;Lorg/gradle/initialization/SettingsLocation;Lorg/gradle/api/internal/initialization/ClassLoaderScope;Lorg/gradle/StartParameter;)Lorg/gradle/initialization/SettingsState;+9
j  org.gradle.initialization.BuildOperationSettingsProcessor$2.call(Lorg/gradle/internal/operations/BuildOperationContext;)Lorg/gradle/initialization/SettingsState;+23
j  org.gradle.initialization.BuildOperationSettingsProcessor$2.call(Lorg/gradle/internal/operations/BuildOperationContext;)Ljava/lang/Object;+2
j  org.gradle.internal.operations.DefaultBuildOperationRunner$CallableBuildOperationWorker.execute(Lorg/gradle/internal/operations/CallableBuildOperation;Lorg/gradle/internal/operations/BuildOperationContext;)V+3
j  org.gradle.internal.operations.DefaultBuildOperationRunner$CallableBuildOperationWorker.execute(Lorg/gradle/internal/operations/BuildOperation;Lorg/gradle/internal/operations/BuildOperationContext;)V+6
j  org.gradle.internal.operations.DefaultBuildOperationRunner$2.execute(Lorg/gradle/internal/operations/BuildOperationDescriptor;Lorg/gradle/internal/operations/BuildOperationState;Lorg/gradle/internal/operations/BuildOperationState;Lorg/gradle/internal/operations/DefaultBuildOperationRunner$ReadableBuildOperationContext;Lorg/gradle/internal/operations/DefaultBuildOperationRunner$BuildOperationExecutionListener;)Lorg/gradle/internal/operations/BuildOperation;+22
j  org.gradle.internal.operations.DefaultBuildOperationRunner$2.execute(Lorg/gradle/internal/operations/BuildOperationDescriptor;Lorg/gradle/internal/operations/BuildOperationState;Lorg/gradle/internal/operations/BuildOperationState;Lorg/gradle/internal/operations/DefaultBuildOperationRunner$ReadableBuildOperationContext;Lorg/gradle/internal/operations/DefaultBuildOperationRunner$BuildOperationExecutionListener;)Ljava/lang/Object;+8
j  org.gradle.internal.operations.DefaultBuildOperationRunner.execute(Lorg/gradle/internal/operations/BuildOperationDescriptor$Builder;Lorg/gradle/internal/operations/BuildOperationState;Lorg/gradle/internal/operations/DefaultBuildOperationRunner$BuildOperationExecution;)Ljava/lang/Object;+141
j  org.gradle.internal.operations.DefaultBuildOperationRunner.execute(Lorg/gradle/internal/operations/BuildOperation;Lorg/gradle/internal/operations/BuildOperationWorker;Lorg/gradle/internal/operations/BuildOperationState;)V+18
j  org.gradle.internal.operations.DefaultBuildOperationRunner.call(Lorg/gradle/internal/operations/CallableBuildOperation;)Ljava/lang/Object;+16
j  org.gradle.internal.operations.DefaultBuildOperationExecutor.call(Lorg/gradle/internal/operations/CallableBuildOperation;)Ljava/lang/Object;+5
j  org.gradle.initialization.BuildOperationSettingsProcessor.process(Lorg/gradle/api/internal/GradleInternal;Lorg/gradle/initialization/SettingsLocation;Lorg/gradle/api/internal/initialization/ClassLoaderScope;Lorg/gradle/StartParameter;)Lorg/gradle/initialization/SettingsState;+17
j  org.gradle.initialization.DefaultSettingsLoader.findSettingsAndLoadIfAppropriate(Lorg/gradle/api/internal/GradleInternal;Lorg/gradle/StartParameter;Lorg/gradle/initialization/SettingsLocation;Lorg/gradle/api/internal/initialization/ClassLoaderScope;)Lorg/gradle/initialization/SettingsState;+9
j  org.gradle.initialization.DefaultSettingsLoader.findAndLoadSettings(Lorg/gradle/api/internal/GradleInternal;)Lorg/gradle/initialization/SettingsState;+33
j  org.gradle.initialization.SettingsAttachingSettingsLoader.findAndLoadSettings(Lorg/gradle/api/internal/GradleInternal;)Lorg/gradle/initialization/SettingsState;+5
j  org.gradle.internal.composite.CommandLineIncludedBuildSettingsLoader.findAndLoadSettings(Lorg/gradle/api/internal/GradleInternal;)Lorg/gradle/initialization/SettingsState;+5
j  org.gradle.internal.composite.ChildBuildRegisteringSettingsLoader.findAndLoadSettings(Lorg/gradle/api/internal/GradleInternal;)Lorg/gradle/initialization/SettingsState;+5
j  org.gradle.internal.composite.CompositeBuildSettingsLoader.findAndLoadSettings(Lorg/gradle/api/internal/GradleInternal;)Lorg/gradle/initialization/SettingsState;+5
j  org.gradle.initialization.InitScriptHandlingSettingsLoader.findAndLoadSettings(Lorg/gradle/api/internal/GradleInternal;)Lorg/gradle/initialization/SettingsState;+13
j  org.gradle.api.internal.initialization.CacheConfigurationsHandlingSettingsLoader.findAndLoadSettings(Lorg/gradle/api/internal/GradleInternal;)Lorg/gradle/initialization/SettingsState;+15
j  org.gradle.initialization.GradlePropertiesHandlingSettingsLoader.findAndLoadSettings(Lorg/gradle/api/internal/GradleInternal;)Lorg/gradle/initialization/SettingsState;+39
j  org.gradle.initialization.DefaultSettingsPreparer.prepareSettings(Lorg/gradle/api/internal/GradleInternal;)V+33
j  org.gradle.initialization.BuildOperationFiringSettingsPreparer$LoadBuild.doLoadBuild()V+11
j  org.gradle.initialization.BuildOperationFiringSettingsPreparer$LoadBuild.run(Lorg/gradle/internal/operations/BuildOperationContext;)V+1
j  org.gradle.internal.operations.DefaultBuildOperationRunner$1.execute(Lorg/gradle/internal/operations/RunnableBuildOperation;Lorg/gradle/internal/operations/BuildOperationContext;)V+2
j  org.gradle.internal.operations.DefaultBuildOperationRunner$1.execute(Lorg/gradle/internal/operations/BuildOperation;Lorg/gradle/internal/operations/BuildOperationContext;)V+6
j  org.gradle.internal.operations.DefaultBuildOperationRunner$2.execute(Lorg/gradle/internal/operations/BuildOperationDescriptor;Lorg/gradle/internal/operations/BuildOperationState;Lorg/gradle/internal/operations/BuildOperationState;Lorg/gradle/internal/operations/DefaultBuildOperationRunner$ReadableBuildOperationContext;Lorg/gradle/internal/operations/DefaultBuildOperationRunner$BuildOperationExecutionListener;)Lorg/gradle/internal/operations/BuildOperation;+22
j  org.gradle.internal.operations.DefaultBuildOperationRunner$2.execute(Lorg/gradle/internal/operations/BuildOperationDescriptor;Lorg/gradle/internal/operations/BuildOperationState;Lorg/gradle/internal/operations/BuildOperationState;Lorg/gradle/internal/operations/DefaultBuildOperationRunner$ReadableBuildOperationContext;Lorg/gradle/internal/operations/DefaultBuildOperationRunner$BuildOperationExecutionListener;)Ljava/lang/Object;+8
j  org.gradle.internal.operations.DefaultBuildOperationRunner.execute(Lorg/gradle/internal/operations/BuildOperationDescriptor$Builder;Lorg/gradle/internal/operations/BuildOperationState;Lorg/gradle/internal/operations/DefaultBuildOperationRunner$BuildOperationExecution;)Ljava/lang/Object;+141
j  org.gradle.internal.operations.DefaultBuildOperationRunner.execute(Lorg/gradle/internal/operations/BuildOperation;Lorg/gradle/internal/operations/BuildOperationWorker;Lorg/gradle/internal/operations/BuildOperationState;)V+18
j  org.gradle.internal.operations.DefaultBuildOperationRunner.run(Lorg/gradle/internal/operations/RunnableBuildOperation;)V+9
j  org.gradle.internal.operations.DefaultBuildOperationExecutor.run(Lorg/gradle/internal/operations/RunnableBuildOperation;)V+5
j  org.gradle.initialization.BuildOperationFiringSettingsPreparer.prepareSettings(Lorg/gradle/api/internal/GradleInternal;)V+31
j  org.gradle.initialization.VintageBuildModelController.lambda$prepareSettings$1()V+8
j  org.gradle.initialization.VintageBuildModelController$$Lambda$256+0x0000000800edd750.run()V+4
j  org.gradle.internal.model.StateTransitionController.lambda$doTransition$13(Ljava/lang/Runnable;)Lorg/gradle/internal/build/ExecutionResult;+1
j  org.gradle.internal.model.StateTransitionController$$Lambda$255+0x0000000800edd530.get()Ljava/lang/Object;+4
j  org.gradle.internal.model.StateTransitionController.doTransition(Lorg/gradle/internal/model/StateTransitionController$State;Lorg/gradle/internal/model/StateTransitionController$State;Ljava/util/function/Supplier;)Lorg/gradle/internal/build/ExecutionResult;+24
j  org.gradle.internal.model.StateTransitionController.doTransition(Lorg/gradle/internal/model/StateTransitionController$State;Lorg/gradle/internal/model/StateTransitionController$State;Ljava/lang/Runnable;)V+9
j  org.gradle.internal.model.StateTransitionController.lambda$transitionIfNotPreviously$11(Lorg/gradle/internal/model/StateTransitionController$State;Lorg/gradle/internal/model/StateTransitionController$State;Ljava/lang/Runnable;)V+16
j  org.gradle.internal.model.StateTransitionController$$Lambda$257+0x0000000800edd970.run()V+16
j  org.gradle.internal.work.DefaultSynchronizer.withLock(Ljava/lang/Runnable;)V+6
j  org.gradle.internal.model.StateTransitionController.transitionIfNotPreviously(Lorg/gradle/internal/model/StateTransitionController$State;Lorg/gradle/internal/model/StateTransitionController$State;Ljava/lang/Runnable;)V+13
j  org.gradle.initialization.VintageBuildModelController.prepareSettings()V+16
j  org.gradle.initialization.VintageBuildModelController.prepareToScheduleTasks()V+1
j  org.gradle.internal.build.DefaultBuildLifecycleController.lambda$prepareToScheduleTasks$3()V+9
j  org.gradle.internal.build.DefaultBuildLifecycleController$$Lambda$253+0x0000000800edd0f0.run()V+4
j  org.gradle.internal.model.StateTransitionController.lambda$doTransition$13(Ljava/lang/Runnable;)Lorg/gradle/internal/build/ExecutionResult;+1
j  org.gradle.internal.model.StateTransitionController$$Lambda$255+0x0000000800edd530.get()Ljava/lang/Object;+4
j  org.gradle.internal.model.StateTransitionController.doTransition(Lorg/gradle/internal/model/StateTransitionController$State;Lorg/gradle/internal/model/StateTransitionController$State;Ljava/util/function/Supplier;)Lorg/gradle/internal/build/ExecutionResult;+24
j  org.gradle.internal.model.StateTransitionController.doTransition(Lorg/gradle/internal/model/StateTransitionController$State;Lorg/gradle/internal/model/StateTransitionController$State;Ljava/lang/Runnable;)V+9
j  org.gradle.internal.model.StateTransitionController.lambda$maybeTransition$9(Lorg/gradle/internal/model/StateTransitionController$State;Lorg/gradle/internal/model/StateTransitionController$State;Ljava/lang/Runnable;)V+16
j  org.gradle.internal.model.StateTransitionController$$Lambda$254+0x0000000800edd310.run()V+16
j  org.gradle.internal.work.DefaultSynchronizer.withLock(Ljava/lang/Runnable;)V+6
j  org.gradle.internal.model.StateTransitionController.maybeTransition(Lorg/gradle/internal/model/StateTransitionController$State;Lorg/gradle/internal/model/StateTransitionController$State;Ljava/lang/Runnable;)V+13
j  org.gradle.internal.build.DefaultBuildLifecycleController.prepareToScheduleTasks()V+16
j  org.gradle.internal.buildtree.DefaultBuildTreeWorkPreparer.scheduleRequestedTasks(Lorg/gradle/internal/buildtree/BuildTreeWorkGraph;Lorg/gradle/execution/EntryTaskSelector;)Lorg/gradle/internal/buildtree/BuildTreeWorkGraph$FinalizedGraph;+4
j  org.gradle.configurationcache.VintageBuildTreeWorkController$scheduleAndRunRequestedTasks$1.apply(Lorg/gradle/internal/buildtree/BuildTreeWorkGraph;)Lorg/gradle/internal/build/ExecutionResult;+18
j  org.gradle.configurationcache.VintageBuildTreeWorkController$scheduleAndRunRequestedTasks$1.apply(Ljava/lang/Object;)Ljava/lang/Object;+5
j  org.gradle.composite.internal.DefaultIncludedBuildTaskGraph.withNewWorkGraph(Ljava/util/function/Function;)Ljava/lang/Object;+30
j  org.gradle.configurationcache.VintageBuildTreeWorkController.scheduleAndRunRequestedTasks(Lorg/gradle/execution/EntryTaskSelector;)Lorg/gradle/internal/build/ExecutionResult;+16
j  org.gradle.internal.buildtree.DefaultBuildTreeLifecycleController.lambda$scheduleAndRunTasks$1(Lorg/gradle/execution/EntryTaskSelector;)Lorg/gradle/internal/build/ExecutionResult;+5
j  org.gradle.internal.buildtree.DefaultBuildTreeLifecycleController$$Lambda$248+0x0000000800edc288.get()Ljava/lang/Object;+8
j  org.gradle.internal.buildtree.DefaultBuildTreeLifecycleController.lambda$runBuild$4(Ljava/util/function/Supplier;)Ljava/lang/Object;+1
j  org.gradle.internal.buildtree.DefaultBuildTreeLifecycleController$$Lambda$249+0x0000000800edc4a8.get()Ljava/lang/Object;+8
j  org.gradle.internal.model.StateTransitionController.lambda$transition$6(Ljava/util/function/Supplier;)Lorg/gradle/internal/build/ExecutionResult;+1
j  org.gradle.internal.model.StateTransitionController$$Lambda$251+0x0000000800edc8e8.get()Ljava/lang/Object;+4
j  org.gradle.internal.model.StateTransitionController.doTransition(Lorg/gradle/internal/model/StateTransitionController$State;Lorg/gradle/internal/model/StateTransitionController$State;Ljava/util/function/Supplier;)Lorg/gradle/internal/build/ExecutionResult;+24
j  org.gradle.internal.model.StateTransitionController.lambda$transition$7(Lorg/gradle/internal/model/StateTransitionController$State;Lorg/gradle/internal/model/StateTransitionController$State;Ljava/util/function/Supplier;)Ljava/lang/Object;+9
j  org.gradle.internal.model.StateTransitionController$$Lambda$250+0x0000000800edc6c8.create()Ljava/lang/Object;+16
j  org.gradle.internal.work.DefaultSynchronizer.withLock(Lorg/gradle/internal/Factory;)Ljava/lang/Object;+6
j  org.gradle.internal.model.StateTransitionController.transition(Lorg/gradle/internal/model/StateTransitionController$State;Lorg/gradle/internal/model/StateTransitionController$State;Ljava/util/function/Supplier;)Ljava/lang/Object;+13
j  org.gradle.internal.buildtree.DefaultBuildTreeLifecycleController.runBuild(Ljava/util/function/Supplier;)Ljava/lang/Object;+17
j  org.gradle.internal.buildtree.DefaultBuildTreeLifecycleController.scheduleAndRunTasks(Lorg/gradle/execution/EntryTaskSelector;)V+8
j  org.gradle.internal.buildtree.DefaultBuildTreeLifecycleController.scheduleAndRunTasks()V+2
j  org.gradle.tooling.internal.provider.ExecuteBuildActionRunner.run(Lorg/gradle/internal/invocation/BuildAction;Lorg/gradle/internal/buildtree/BuildTreeLifecycleController;)Lorg/gradle/internal/buildtree/BuildActionRunner$Result;+12
j  org.gradle.launcher.exec.ChainingBuildActionRunner.run(Lorg/gradle/internal/invocation/BuildAction;Lorg/gradle/internal/buildtree/BuildTreeLifecycleController;)Lorg/gradle/internal/buildtree/BuildActionRunner$Result;+34
j  org.gradle.internal.buildtree.ProblemReportingBuildActionRunner.run(Lorg/gradle/internal/invocation/BuildAction;Lorg/gradle/internal/buildtree/BuildTreeLifecycleController;)Lorg/gradle/internal/buildtree/BuildActionRunner$Result;+12
j  org.gradle.launcher.exec.BuildOutcomeReportingBuildActionRunner.run(Lorg/gradle/internal/invocation/BuildAction;Lorg/gradle/internal/buildtree/BuildTreeLifecycleController;)Lorg/gradle/internal/buildtree/BuildActionRunner$Result;+69
j  org.gradle.tooling.internal.provider.FileSystemWatchingBuildActionRunner.run(Lorg/gradle/internal/invocation/BuildAction;Lorg/gradle/internal/buildtree/BuildTreeLifecycleController;)Lorg/gradle/internal/buildtree/BuildActionRunner$Result;+335
j  org.gradle.launcher.exec.BuildCompletionNotifyingBuildActionRunner.run(Lorg/gradle/internal/invocation/BuildAction;Lorg/gradle/internal/buildtree/BuildTreeLifecycleController;)Lorg/gradle/internal/buildtree/BuildActionRunner$Result;+6
j  org.gradle.launcher.exec.RootBuildLifecycleBuildActionExecutor.lambda$execute$0(Lorg/gradle/internal/invocation/BuildAction;Lorg/gradle/internal/buildtree/BuildTreeLifecycleController;)Lorg/gradle/internal/buildtree/BuildActionRunner$Result;+6
j  org.gradle.launcher.exec.RootBuildLifecycleBuildActionExecutor$$Lambda$205+0x0000000800ec0200.apply(Ljava/lang/Object;)Ljava/lang/Object;+12
j  org.gradle.composite.internal.DefaultRootBuildState.run(Ljava/util/function/Function;)Ljava/lang/Object;+87
j  org.gradle.launcher.exec.RootBuildLifecycleBuildActionExecutor.execute(Lorg/gradle/internal/invocation/BuildAction;Lorg/gradle/internal/buildtree/BuildTreeContext;)Lorg/gradle/internal/buildtree/BuildActionRunner$Result;+28
j  org.gradle.internal.buildtree.DefaultBuildTreeContext.execute(Lorg/gradle/internal/invocation/BuildAction;)Lorg/gradle/internal/buildtree/BuildActionRunner$Result;+64
j  org.gradle.launcher.exec.BuildTreeLifecycleBuildActionExecutor.lambda$execute$0(Lorg/gradle/internal/invocation/BuildAction;Lorg/gradle/internal/buildtree/BuildTreeContext;)Lorg/gradle/internal/buildtree/BuildActionRunner$Result;+2
j  org.gradle.launcher.exec.BuildTreeLifecycleBuildActionExecutor$$Lambda$158+0x0000000800e1cb08.apply(Ljava/lang/Object;)Ljava/lang/Object;+8
j  org.gradle.internal.buildtree.BuildTreeState.run(Ljava/util/function/Function;)Ljava/lang/Object;+5
j  org.gradle.launcher.exec.BuildTreeLifecycleBuildActionExecutor.execute(Lorg/gradle/internal/invocation/BuildAction;Lorg/gradle/internal/session/BuildSessionContext;)Lorg/gradle/internal/buildtree/BuildActionRunner$Result;+181
j  org.gradle.launcher.exec.RunAsBuildOperationBuildActionExecutor$3.call(Lorg/gradle/internal/operations/BuildOperationContext;)Lorg/gradle/internal/buildtree/BuildActionRunner$Result;+25
j  org.gradle.launcher.exec.RunAsBuildOperationBuildActionExecutor$3.call(Lorg/gradle/internal/operations/BuildOperationContext;)Ljava/lang/Object;+2
j  org.gradle.internal.operations.DefaultBuildOperationRunner$CallableBuildOperationWorker.execute(Lorg/gradle/internal/operations/CallableBuildOperation;Lorg/gradle/internal/operations/BuildOperationContext;)V+3
j  org.gradle.internal.operations.DefaultBuildOperationRunner$CallableBuildOperationWorker.execute(Lorg/gradle/internal/operations/BuildOperation;Lorg/gradle/internal/operations/BuildOperationContext;)V+6
j  org.gradle.internal.operations.DefaultBuildOperationRunner$2.execute(Lorg/gradle/internal/operations/BuildOperationDescriptor;Lorg/gradle/internal/operations/BuildOperationState;Lorg/gradle/internal/operations/BuildOperationState;Lorg/gradle/internal/operations/DefaultBuildOperationRunner$ReadableBuildOperationContext;Lorg/gradle/internal/operations/DefaultBuildOperationRunner$BuildOperationExecutionListener;)Lorg/gradle/internal/operations/BuildOperation;+22
j  org.gradle.internal.operations.DefaultBuildOperationRunner$2.execute(Lorg/gradle/internal/operations/BuildOperationDescriptor;Lorg/gradle/internal/operations/BuildOperationState;Lorg/gradle/internal/operations/BuildOperationState;Lorg/gradle/internal/operations/DefaultBuildOperationRunner$ReadableBuildOperationContext;Lorg/gradle/internal/operations/DefaultBuildOperationRunner$BuildOperationExecutionListener;)Ljava/lang/Object;+8
j  org.gradle.internal.operations.DefaultBuildOperationRunner.execute(Lorg/gradle/internal/operations/BuildOperationDescriptor$Builder;Lorg/gradle/internal/operations/BuildOperationState;Lorg/gradle/internal/operations/DefaultBuildOperationRunner$BuildOperationExecution;)Ljava/lang/Object;+141
j  org.gradle.internal.operations.DefaultBuildOperationRunner.execute(Lorg/gradle/internal/operations/BuildOperation;Lorg/gradle/internal/operations/BuildOperationWorker;Lorg/gradle/internal/operations/BuildOperationState;)V+18
j  org.gradle.internal.operations.DefaultBuildOperationRunner.call(Lorg/gradle/internal/operations/CallableBuildOperation;)Ljava/lang/Object;+16
j  org.gradle.internal.operations.DefaultBuildOperationExecutor.call(Lorg/gradle/internal/operations/CallableBuildOperation;)Ljava/lang/Object;+5
j  org.gradle.launcher.exec.RunAsBuildOperationBuildActionExecutor.execute(Lorg/gradle/internal/invocation/BuildAction;Lorg/gradle/internal/session/BuildSessionContext;)Lorg/gradle/internal/buildtree/BuildActionRunner$Result;+23
j  org.gradle.launcher.exec.RunAsWorkerThreadBuildActionExecutor.lambda$execute$0(Lorg/gradle/internal/invocation/BuildAction;Lorg/gradle/internal/session/BuildSessionContext;)Lorg/gradle/internal/buildtree/BuildActionRunner$Result;+6
j  org.gradle.launcher.exec.RunAsWorkerThreadBuildActionExecutor$$Lambda$157+0x0000000800e02598.create()Ljava/lang/Object;+12
j  org.gradle.internal.work.DefaultWorkerLeaseService.withLocks(Ljava/util/Collection;Lorg/gradle/internal/Factory;)Ljava/lang/Object;+28
j  org.gradle.internal.work.DefaultWorkerLeaseService.runAsWorkerThread(Lorg/gradle/internal/Factory;)Ljava/lang/Object;+33
j  org.gradle.launcher.exec.RunAsWorkerThreadBuildActionExecutor.execute(Lorg/gradle/internal/invocation/BuildAction;Lorg/gradle/internal/session/BuildSessionContext;)Lorg/gradle/internal/buildtree/BuildActionRunner$Result;+12
j  org.gradle.tooling.internal.provider.continuous.ContinuousBuildActionExecutor.execute(Lorg/gradle/internal/invocation/BuildAction;Lorg/gradle/internal/session/BuildSessionContext;)Lorg/gradle/internal/buildtree/BuildActionRunner$Result;+58
j  org.gradle.tooling.internal.provider.SubscribableBuildActionExecutor.execute(Lorg/gradle/internal/invocation/BuildAction;Lorg/gradle/internal/session/BuildSessionContext;)Lorg/gradle/internal/buildtree/BuildActionRunner$Result;+30
j  org.gradle.internal.session.DefaultBuildSessionContext.execute(Lorg/gradle/internal/invocation/BuildAction;)Lorg/gradle/internal/buildtree/BuildActionRunner$Result;+64
j  org.gradle.tooling.internal.provider.BuildSessionLifecycleBuildActionExecuter$ActionImpl.apply(Lorg/gradle/internal/session/BuildSessionContext;)Lorg/gradle/launcher/exec/BuildActionResult;+6
j  org.gradle.tooling.internal.provider.BuildSessionLifecycleBuildActionExecuter$ActionImpl.apply(Ljava/lang/Object;)Ljava/lang/Object;+5
j  org.gradle.internal.session.BuildSessionState.run(Ljava/util/function/Function;)Ljava/lang/Object;+5
j  org.gradle.tooling.internal.provider.BuildSessionLifecycleBuildActionExecuter.execute(Lorg/gradle/internal/invocation/BuildAction;Lorg/gradle/launcher/exec/BuildActionParameters;Lorg/gradle/initialization/BuildRequestContext;)Lorg/gradle/launcher/exec/BuildActionResult;+95
j  org.gradle.tooling.internal.provider.BuildSessionLifecycleBuildActionExecuter.execute(Lorg/gradle/internal/invocation/BuildAction;Ljava/lang/Object;Ljava/lang/Object;)Lorg/gradle/launcher/exec/BuildActionResult;+10
j  org.gradle.tooling.internal.provider.StartParamsValidatingActionExecuter.execute(Lorg/gradle/internal/invocation/BuildAction;Lorg/gradle/launcher/exec/BuildActionParameters;Lorg/gradle/initialization/BuildRequestContext;)Lorg/gradle/launcher/exec/BuildActionResult;+177
j  org.gradle.tooling.internal.provider.StartParamsValidatingActionExecuter.execute(Lorg/gradle/internal/invocation/BuildAction;Ljava/lang/Object;Ljava/lang/Object;)Lorg/gradle/launcher/exec/BuildActionResult;+10
j  org.gradle.tooling.internal.provider.SessionFailureReportingActionExecuter.execute(Lorg/gradle/internal/invocation/BuildAction;Lorg/gradle/launcher/exec/BuildActionParameters;Lorg/gradle/initialization/BuildRequestContext;)Lorg/gradle/launcher/exec/BuildActionResult;+7
j  org.gradle.tooling.internal.provider.SessionFailureReportingActionExecuter.execute(Lorg/gradle/internal/invocation/BuildAction;Ljava/lang/Object;Ljava/lang/Object;)Lorg/gradle/launcher/exec/BuildActionResult;+10
j  org.gradle.tooling.internal.provider.SetupLoggingActionExecuter.execute(Lorg/gradle/internal/invocation/BuildAction;Lorg/gradle/launcher/exec/BuildActionParameters;Lorg/gradle/initialization/BuildRequestContext;)Lorg/gradle/launcher/exec/BuildActionResult;+50
j  org.gradle.tooling.internal.provider.SetupLoggingActionExecuter.execute(Lorg/gradle/internal/invocation/BuildAction;Ljava/lang/Object;Ljava/lang/Object;)Lorg/gradle/launcher/exec/BuildActionResult;+10
j  org.gradle.launcher.daemon.server.exec.ExecuteBuild.doBuild(Lorg/gradle/launcher/daemon/server/api/DaemonCommandExecution;Lorg/gradle/launcher/daemon/protocol/Build;)V+117
j  org.gradle.launcher.daemon.server.exec.BuildCommandOnly.execute(Lorg/gradle/launcher/daemon/server/api/DaemonCommandExecution;)V+49
j  org.gradle.launcher.daemon.server.api.DaemonCommandExecution.proceed()Z+23
j  org.gradle.launcher.daemon.server.exec.WatchForDisconnection.execute(Lorg/gradle/launcher/daemon/server/api/DaemonCommandExecution;)V+19
j  org.gradle.launcher.daemon.server.api.DaemonCommandExecution.proceed()Z+23
j  org.gradle.launcher.daemon.server.exec.ResetDeprecationLogger.execute(Lorg/gradle/launcher/daemon/server/api/DaemonCommandExecution;)V+7
j  org.gradle.launcher.daemon.server.api.DaemonCommandExecution.proceed()Z+23
j  org.gradle.launcher.daemon.server.exec.RequestStopIfSingleUsedDaemon.execute(Lorg/gradle/launcher/daemon/server/api/DaemonCommandExecution;)V+33
j  org.gradle.launcher.daemon.server.api.DaemonCommandExecution.proceed()Z+23
j  org.gradle.launcher.daemon.server.exec.ForwardClientInput$2.create()Ljava/lang/Void;+4
j  org.gradle.launcher.daemon.server.exec.ForwardClientInput$2.create()Ljava/lang/Object;+1
j  org.gradle.util.internal.Swapper.swap(Ljava/lang/Object;Lorg/gradle/internal/Factory;)Ljava/lang/Object;+21
j  org.gradle.launcher.daemon.server.exec.ForwardClientInput.execute(Lorg/gradle/launcher/daemon/server/api/DaemonCommandExecution;)V+63
j  org.gradle.launcher.daemon.server.api.DaemonCommandExecution.proceed()Z+23
j  org.gradle.launcher.daemon.server.exec.LogAndCheckHealth.execute(Lorg/gradle/launcher/daemon/server/api/DaemonCommandExecution;)V+51
j  org.gradle.launcher.daemon.server.api.DaemonCommandExecution.proceed()Z+23
j  org.gradle.launcher.daemon.server.exec.LogToClient.doBuild(Lorg/gradle/launcher/daemon/server/api/DaemonCommandExecution;Lorg/gradle/launcher/daemon/protocol/Build;)V+87
j  org.gradle.launcher.daemon.server.exec.BuildCommandOnly.execute(Lorg/gradle/launcher/daemon/server/api/DaemonCommandExecution;)V+49
j  org.gradle.launcher.daemon.server.api.DaemonCommandExecution.proceed()Z+23
j  org.gradle.launcher.daemon.server.exec.EstablishBuildEnvironment.doBuild(Lorg/gradle/launcher/daemon/server/api/DaemonCommandExecution;Lorg/gradle/launcher/daemon/protocol/Build;)V+356
j  org.gradle.launcher.daemon.server.exec.BuildCommandOnly.execute(Lorg/gradle/launcher/daemon/server/api/DaemonCommandExecution;)V+49
j  org.gradle.launcher.daemon.server.api.DaemonCommandExecution.proceed()Z+23
j  org.gradle.launcher.daemon.server.exec.StartBuildOrRespondWithBusy$1.run()V+44
j  org.gradle.launcher.daemon.server.DaemonStateCoordinator$1.run()V+4
j  org.gradle.internal.concurrent.ExecutorPolicy$CatchAndRecordFailures.onExecute(Ljava/lang/Runnable;)V+1
j  org.gradle.internal.concurrent.ManagedExecutorImpl$1.run()V+25
j  java.util.concurrent.ThreadPoolExecutor.runWorker(Ljava/util/concurrent/ThreadPoolExecutor$Worker;)V+92 java.base@17.0.2
j  java.util.concurrent.ThreadPoolExecutor$Worker.run()V+5 java.base@17.0.2
j  java.lang.Thread.run()V+11 java.base@17.0.2
v  ~StubRoutines::call_stub

---------------  P R O C E S S  ---------------

Threads class SMR info:
_java_thread_list=0x000002a0bcdc25f0, length=35, elements={
0x000002a09bfb2e50, 0x000002a09c07eea0, 0x000002a09c07f960, 0x000002a0b98532f0,
0x000002a0b9855bc0, 0x000002a0b9856480, 0x000002a0b9857d50, 0x000002a0b985c960,
0x000002a0b985d260, 0x000002a0b98c79e0, 0x000002a0ba465d70, 0x000002a0ba466c80,
0x000002a0bb2c9db0, 0x000002a0bafca9e0, 0x000002a0bb414060, 0x000002a0bb0976c0,
0x000002a0baff2d90, 0x000002a0ba7a7040, 0x000002a0ba7a7510, 0x000002a0ba7d6d50,
0x000002a0ba7d8090, 0x000002a0ba7d6880, 0x000002a0ba7d63b0, 0x000002a0ba7d5a10,
0x000002a0ba7d7bc0, 0x000002a0ba7d7220, 0x000002a0ba7d76f0, 0x000002a0ba7d5540,
0x000002a0ba7d8560, 0x000002a0bdb10c40, 0x000002a0bdb0bf40, 0x000002a0bdb0d750,
0x000002a0bdb0f900, 0x000002a0bdb102a0, 0x000002a0bdb0c8e0
}

Java Threads: ( => current thread )
  0x000002a09bfb2e50 JavaThread "main" [_thread_blocked, id=15004, stack(0x000000a100700000,0x000000a100800000)]
  0x000002a09c07eea0 JavaThread "Reference Handler" daemon [_thread_blocked, id=5360, stack(0x000000a100e00000,0x000000a100f00000)]
  0x000002a09c07f960 JavaThread "Finalizer" daemon [_thread_blocked, id=14580, stack(0x000000a100f00000,0x000000a101000000)]
  0x000002a0b98532f0 JavaThread "Signal Dispatcher" daemon [_thread_blocked, id=21456, stack(0x000000a101000000,0x000000a101100000)]
  0x000002a0b9855bc0 JavaThread "Attach Listener" daemon [_thread_blocked, id=4804, stack(0x000000a101100000,0x000000a101200000)]
  0x000002a0b9856480 JavaThread "Service Thread" daemon [_thread_blocked, id=7136, stack(0x000000a101200000,0x000000a101300000)]
  0x000002a0b9857d50 JavaThread "Monitor Deflation Thread" daemon [_thread_blocked, id=20928, stack(0x000000a101300000,0x000000a101400000)]
  0x000002a0b985c960 JavaThread "C2 CompilerThread0" daemon [_thread_blocked, id=18764, stack(0x000000a101400000,0x000000a101500000)]
  0x000002a0b985d260 JavaThread "C1 CompilerThread0" daemon [_thread_blocked, id=4156, stack(0x000000a101500000,0x000000a101600000)]
  0x000002a0b98c79e0 JavaThread "Sweeper thread" daemon [_thread_blocked, id=12572, stack(0x000000a101600000,0x000000a101700000)]
  0x000002a0ba465d70 JavaThread "Common-Cleaner" daemon [_thread_blocked, id=20408, stack(0x000000a101700000,0x000000a101800000)]
  0x000002a0ba466c80 JavaThread "Notification Thread" daemon [_thread_blocked, id=9556, stack(0x000000a101800000,0x000000a101900000)]
  0x000002a0bb2c9db0 JavaThread "Daemon health stats" [_thread_blocked, id=7616, stack(0x000000a100500000,0x000000a100600000)]
  0x000002a0bafca9e0 JavaThread "Incoming local TCP Connector on port 56827" [_thread_in_native, id=9176, stack(0x000000a101d00000,0x000000a101e00000)]
  0x000002a0bb414060 JavaThread "Daemon periodic checks" [_thread_blocked, id=2604, stack(0x000000a101e00000,0x000000a101f00000)]
  0x000002a0bb0976c0 JavaThread "Daemon" [_thread_blocked, id=13204, stack(0x000000a101f00000,0x000000a102000000)]
  0x000002a0baff2d90 JavaThread "Handler for socket connection from /127.0.0.1:56827 to /127.0.0.1:56831" [_thread_in_native, id=18084, stack(0x000000a102000000,0x000000a102100000)]
  0x000002a0ba7a7040 JavaThread "Cancel handler" [_thread_blocked, id=12000, stack(0x000000a102100000,0x000000a102200000)]
=>0x000002a0ba7a7510 JavaThread "Daemon worker" [_thread_in_vm, id=15212, stack(0x000000a102200000,0x000000a102300000)]
  0x000002a0ba7d6d50 JavaThread "Asynchronous log dispatcher for DefaultDaemonConnection: socket connection from /127.0.0.1:56827 to /127.0.0.1:56831" [_thread_blocked, id=7564, stack(0x000000a102300000,0x000000a102400000)]
  0x000002a0ba7d8090 JavaThread "Daemon client event forwarder" [_thread_blocked, id=16948, stack(0x000000a102500000,0x000000a102600000)]
  0x000002a0ba7d6880 JavaThread "Cache worker for journal cache (C:\Users\Smart tech\.gradle\caches\journal-1)" [_thread_blocked, id=1892, stack(0x000000a102600000,0x000000a102700000)]
  0x000002a0ba7d63b0 JavaThread "File lock request listener" [_thread_in_native, id=8444, stack(0x000000a102700000,0x000000a102800000)]
  0x000002a0ba7d5a10 JavaThread "File lock release action executor" [_thread_blocked, id=16116, stack(0x000000a102800000,0x000000a102900000)]
  0x000002a0ba7d7bc0 JavaThread "Cache worker for file hash cache (C:\Users\Smart tech\.gradle\caches\8.0.1\fileHashes)" [_thread_blocked, id=20568, stack(0x000000a102900000,0x000000a102a00000)]
  0x000002a0ba7d7220 JavaThread "File watcher server" daemon [_thread_in_native, id=19228, stack(0x000000a102c00000,0x000000a102d00000)]
  0x000002a0ba7d76f0 JavaThread "File watcher consumer" daemon [_thread_blocked, id=9412, stack(0x000000a102d00000,0x000000a102e00000)]
  0x000002a0ba7d5540 JavaThread "Cache worker for checksums cache (C:\SkillWork\Seda\android\.gradle\8.0.1\checksums)" [_thread_blocked, id=20224, stack(0x000000a102e00000,0x000000a102f00000)]
  0x000002a0ba7d8560 JavaThread "Cache worker for cache directory md-rule (C:\Users\Smart tech\.gradle\caches\8.0.1\md-rule)" [_thread_blocked, id=8772, stack(0x000000a102f00000,0x000000a103000000)]
  0x000002a0bdb10c40 JavaThread "Cache worker for file content cache (C:\Users\Smart tech\.gradle\caches\8.0.1\fileContent)" [_thread_blocked, id=18400, stack(0x000000a103000000,0x000000a103100000)]
  0x000002a0bdb0bf40 JavaThread "Cache worker for file hash cache (C:\SkillWork\Seda\android\.gradle\8.0.1\fileHashes)" [_thread_blocked, id=6928, stack(0x000000a103100000,0x000000a103200000)]
  0x000002a0bdb0d750 JavaThread "Cache worker for cache directory md-supplier (C:\Users\Smart tech\.gradle\caches\8.0.1\md-supplier)" [_thread_blocked, id=16532, stack(0x000000a103200000,0x000000a103300000)]
  0x000002a0bdb0f900 JavaThread "Cache worker for execution history cache (C:\Users\Smart tech\.gradle\caches\8.0.1\executionHistory)" [_thread_blocked, id=18760, stack(0x000000a103300000,0x000000a103400000)]
  0x000002a0bdb102a0 JavaThread "jar transforms" [_thread_blocked, id=21424, stack(0x000000a100400000,0x000000a100500000)]
  0x000002a0bdb0c8e0 JavaThread "jar transforms Thread 2" [_thread_blocked, id=13852, stack(0x000000a100600000,0x000000a100700000)]

Other Threads:
  0x000002a09c0767d0 VMThread "VM Thread" [stack: 0x000000a100d00000,0x000000a100e00000] [id=15820]
  0x000002a0ba46d170 WatcherThread [stack: 0x000000a101900000,0x000000a101a00000] [id=11664]
  0x000002a09bff24f0 GCTaskThread "GC Thread#0" [stack: 0x000000a100800000,0x000000a100900000] [id=1376]
  0x000002a0ba6facd0 GCTaskThread "GC Thread#1" [stack: 0x000000a101a00000,0x000000a101b00000] [id=15704]
  0x000002a0ba4d7b10 GCTaskThread "GC Thread#2" [stack: 0x000000a101b00000,0x000000a101c00000] [id=10252]
  0x000002a0ba512730 GCTaskThread "GC Thread#3" [stack: 0x000000a101c00000,0x000000a101d00000] [id=8204]
  0x000002a09c003340 ConcurrentGCThread "G1 Main Marker" [stack: 0x000000a100900000,0x000000a100a00000] [id=13628]
  0x000002a09c003c60 ConcurrentGCThread "G1 Conc#0" [stack: 0x000000a100a00000,0x000000a100b00000] [id=10180]
  0x000002a09c04f060 ConcurrentGCThread "G1 Refine#0" [stack: 0x000000a100b00000,0x000000a100c00000] [id=5832]
  0x000002a09c04f990 ConcurrentGCThread "G1 Service" [stack: 0x000000a100c00000,0x000000a100d00000] [id=9372]

Threads with active compile tasks:

VM state: not at safepoint (normal execution)

VM Mutex/Monitor currently owned by a thread:  ([mutex/lock_event])
[0x000002a09bfabb70] Metaspace_lock - owner thread: 0x000002a0ba7a7510

Heap address: 0x0000000080000000, size: 2048 MB, Compressed Oops mode: 32-bit

CDS archive(s) mapped at: [0x0000000800000000-0x0000000800bc0000-0x0000000800bc0000), size 12320768, SharedBaseAddress: 0x0000000800000000, ArchiveRelocationMode: 0.
Compressed class space mapped at: 0x0000000800c00000-0x000000081a800000, reserved size: 432013312
Narrow klass base: 0x0000000800000000, Narrow klass shift: 0, Narrow klass range: 0x100000000

GC Precious Log:
 CPUs: 4 total, 4 available
 Memory: 3961M
 Large Page Support: Disabled
 NUMA Support: Disabled
 Compressed Oops: Enabled (32-bit)
 Heap Region Size: 1M
 Heap Min Capacity: 8M
 Heap Initial Capacity: 62M
 Heap Max Capacity: 2G
 Pre-touch: Disabled
 Parallel Workers: 4
 Concurrent Workers: 1
 Concurrent Refinement Workers: 4
 Periodic GC: Disabled

Heap:
 garbage-first heap   total 63488K, used 39384K [0x0000000080000000, 0x0000000100000000)
  region size 1024K, 16 young (16384K), 4 survivors (4096K)
 Metaspace       used 30120K, committed 30464K, reserved 454656K
  class space    used 4225K, committed 4416K, reserved 421888K

Heap Regions: E=young(eden), S=young(survivor), O=old, HS=humongous(starts), HC=humongous(continues), CS=collection set, F=free, OA=open archive, CA=closed archive, TAMS=top-at-mark-start (previous, next)
|   0|0x0000000080000000, 0x0000000080100000, 0x0000000080100000|100%| O|  |TAMS 0x0000000080100000, 0x0000000080000000| Untracked 
|   1|0x0000000080100000, 0x0000000080200000, 0x0000000080200000|100%| O|  |TAMS 0x0000000080200000, 0x0000000080100000| Untracked 
|   2|0x0000000080200000, 0x0000000080300000, 0x0000000080300000|100%|HS|  |TAMS 0x0000000080300000, 0x0000000080200000| Complete 
|   3|0x0000000080300000, 0x0000000080400000, 0x0000000080400000|100%|HC|  |TAMS 0x0000000080400000, 0x0000000080300000| Complete 
|   4|0x0000000080400000, 0x0000000080500000, 0x0000000080500000|100%|HC|  |TAMS 0x0000000080500000, 0x0000000080400000| Complete 
|   5|0x0000000080500000, 0x0000000080600000, 0x0000000080600000|100%|HC|  |TAMS 0x0000000080600000, 0x0000000080500000| Complete 
|   6|0x0000000080600000, 0x0000000080700000, 0x0000000080700000|100%| O|  |TAMS 0x0000000080700000, 0x0000000080600000| Untracked 
|   7|0x0000000080700000, 0x0000000080800000, 0x0000000080800000|100%| O|  |TAMS 0x0000000080800000, 0x0000000080700000| Untracked 
|   8|0x0000000080800000, 0x0000000080900000, 0x0000000080900000|100%| O|  |TAMS 0x0000000080900000, 0x0000000080800000| Untracked 
|   9|0x0000000080900000, 0x0000000080a00000, 0x0000000080a00000|100%| O|  |TAMS 0x0000000080a00000, 0x0000000080900000| Untracked 
|  10|0x0000000080a00000, 0x0000000080b00000, 0x0000000080b00000|100%| O|  |TAMS 0x0000000080b00000, 0x0000000080a00000| Untracked 
|  11|0x0000000080b00000, 0x0000000080c00000, 0x0000000080c00000|100%| O|  |TAMS 0x0000000080c00000, 0x0000000080b00000| Untracked 
|  12|0x0000000080c00000, 0x0000000080d00000, 0x0000000080d00000|100%| O|  |TAMS 0x0000000080d00000, 0x0000000080c00000| Untracked 
|  13|0x0000000080d00000, 0x0000000080e00000, 0x0000000080e00000|100%| O|  |TAMS 0x0000000080e00000, 0x0000000080d00000| Untracked 
|  14|0x0000000080e00000, 0x0000000080f00000, 0x0000000080f00000|100%| O|  |TAMS 0x0000000080f00000, 0x0000000080e00000| Untracked 
|  15|0x0000000080f00000, 0x0000000081000000, 0x0000000081000000|100%| O|  |TAMS 0x0000000081000000, 0x0000000080f00000| Untracked 
|  16|0x0000000081000000, 0x0000000081100000, 0x0000000081100000|100%| O|  |TAMS 0x0000000081100000, 0x0000000081000000| Untracked 
|  17|0x0000000081100000, 0x0000000081200000, 0x0000000081200000|100%| O|  |TAMS 0x0000000081200000, 0x0000000081100000| Untracked 
|  18|0x0000000081200000, 0x0000000081300000, 0x0000000081300000|100%| O|  |TAMS 0x00000000812d6a00, 0x0000000081200000| Untracked 
|  19|0x0000000081300000, 0x0000000081400000, 0x0000000081400000|100%| O|  |TAMS 0x0000000081300000, 0x0000000081300000| Untracked 
|  20|0x0000000081400000, 0x0000000081500000, 0x0000000081500000|100%| O|  |TAMS 0x0000000081400000, 0x0000000081400000| Untracked 
|  21|0x0000000081500000, 0x0000000081600000, 0x0000000081600000|100%| O|  |TAMS 0x0000000081500000, 0x0000000081500000| Untracked 
|  22|0x0000000081600000, 0x0000000081700000, 0x0000000081700000|100%| O|  |TAMS 0x0000000081600000, 0x0000000081600000| Untracked 
|  23|0x0000000081700000, 0x0000000081776000, 0x0000000081800000| 46%| O|  |TAMS 0x0000000081700000, 0x0000000081700000| Untracked 
|  24|0x0000000081800000, 0x0000000081800000, 0x0000000081900000|  0%| F|  |TAMS 0x0000000081800000, 0x0000000081800000| Untracked 
|  25|0x0000000081900000, 0x0000000081900000, 0x0000000081a00000|  0%| F|  |TAMS 0x0000000081900000, 0x0000000081900000| Untracked 
|  26|0x0000000081a00000, 0x0000000081a00000, 0x0000000081b00000|  0%| F|  |TAMS 0x0000000081a00000, 0x0000000081a00000| Untracked 
|  27|0x0000000081b00000, 0x0000000081b00000, 0x0000000081c00000|  0%| F|  |TAMS 0x0000000081b00000, 0x0000000081b00000| Untracked 
|  28|0x0000000081c00000, 0x0000000081c00000, 0x0000000081d00000|  0%| F|  |TAMS 0x0000000081c00000, 0x0000000081c00000| Untracked 
|  29|0x0000000081d00000, 0x0000000081d00000, 0x0000000081e00000|  0%| F|  |TAMS 0x0000000081d00000, 0x0000000081d00000| Untracked 
|  30|0x0000000081e00000, 0x0000000081e00000, 0x0000000081f00000|  0%| F|  |TAMS 0x0000000081e00000, 0x0000000081e00000| Untracked 
|  31|0x0000000081f00000, 0x0000000082000000, 0x0000000082000000|100%| S|CS|TAMS 0x0000000081f00000, 0x0000000081f00000| Complete 
|  32|0x0000000082000000, 0x0000000082000000, 0x0000000082100000|  0%| F|  |TAMS 0x0000000082000000, 0x0000000082000000| Untracked 
|  33|0x0000000082100000, 0x0000000082100000, 0x0000000082200000|  0%| F|  |TAMS 0x0000000082100000, 0x0000000082100000| Untracked 
|  34|0x0000000082200000, 0x0000000082200000, 0x0000000082300000|  0%| F|  |TAMS 0x0000000082200000, 0x0000000082200000| Untracked 
|  35|0x0000000082300000, 0x0000000082300000, 0x0000000082400000|  0%| F|  |TAMS 0x0000000082300000, 0x0000000082300000| Untracked 
|  36|0x0000000082400000, 0x0000000082500000, 0x0000000082500000|100%| S|CS|TAMS 0x0000000082400000, 0x0000000082400000| Complete 
|  37|0x0000000082500000, 0x0000000082600000, 0x0000000082600000|100%| S|CS|TAMS 0x0000000082500000, 0x0000000082500000| Complete 
|  38|0x0000000082600000, 0x0000000082700000, 0x0000000082700000|100%| S|CS|TAMS 0x0000000082600000, 0x0000000082600000| Complete 
|  39|0x0000000082700000, 0x0000000082700000, 0x0000000082800000|  0%| F|  |TAMS 0x0000000082700000, 0x0000000082700000| Untracked 
|  40|0x0000000082800000, 0x0000000082800000, 0x0000000082900000|  0%| F|  |TAMS 0x0000000082800000, 0x0000000082800000| Untracked 
|  41|0x0000000082900000, 0x0000000082900000, 0x0000000082a00000|  0%| F|  |TAMS 0x0000000082900000, 0x0000000082900000| Untracked 
|  42|0x0000000082a00000, 0x0000000082a00000, 0x0000000082b00000|  0%| F|  |TAMS 0x0000000082a00000, 0x0000000082a00000| Untracked 
|  43|0x0000000082b00000, 0x0000000082b00000, 0x0000000082c00000|  0%| F|  |TAMS 0x0000000082b00000, 0x0000000082b00000| Untracked 
|  44|0x0000000082c00000, 0x0000000082c00000, 0x0000000082d00000|  0%| F|  |TAMS 0x0000000082c00000, 0x0000000082c00000| Untracked 
|  45|0x0000000082d00000, 0x0000000082d00000, 0x0000000082e00000|  0%| F|  |TAMS 0x0000000082d00000, 0x0000000082d00000| Untracked 
|  46|0x0000000082e00000, 0x0000000082e00000, 0x0000000082f00000|  0%| F|  |TAMS 0x0000000082e00000, 0x0000000082e00000| Untracked 
|  47|0x0000000082f00000, 0x0000000082f00000, 0x0000000083000000|  0%| F|  |TAMS 0x0000000082f00000, 0x0000000082f00000| Untracked 
|  48|0x0000000083000000, 0x0000000083000000, 0x0000000083100000|  0%| F|  |TAMS 0x0000000083000000, 0x0000000083000000| Untracked 
|  49|0x0000000083100000, 0x0000000083100000, 0x0000000083200000|  0%| F|  |TAMS 0x0000000083100000, 0x0000000083100000| Untracked 
|  50|0x0000000083200000, 0x00000000832d7cc8, 0x0000000083300000| 84%| E|  |TAMS 0x0000000083200000, 0x0000000083200000| Complete 
|  51|0x0000000083300000, 0x0000000083400000, 0x0000000083400000|100%| E|CS|TAMS 0x0000000083300000, 0x0000000083300000| Complete 
|  52|0x0000000083400000, 0x0000000083500000, 0x0000000083500000|100%| E|CS|TAMS 0x0000000083400000, 0x0000000083400000| Complete 
|  53|0x0000000083500000, 0x0000000083600000, 0x0000000083600000|100%| E|CS|TAMS 0x0000000083500000, 0x0000000083500000| Complete 
|  54|0x0000000083600000, 0x0000000083700000, 0x0000000083700000|100%| E|CS|TAMS 0x0000000083600000, 0x0000000083600000| Complete 
|  55|0x0000000083700000, 0x0000000083800000, 0x0000000083800000|100%| E|CS|TAMS 0x0000000083700000, 0x0000000083700000| Complete 
|  56|0x0000000083800000, 0x0000000083900000, 0x0000000083900000|100%| E|CS|TAMS 0x0000000083800000, 0x0000000083800000| Complete 
|  57|0x0000000083900000, 0x0000000083a00000, 0x0000000083a00000|100%| E|CS|TAMS 0x0000000083900000, 0x0000000083900000| Complete 
|  58|0x0000000083a00000, 0x0000000083b00000, 0x0000000083b00000|100%| E|CS|TAMS 0x0000000083a00000, 0x0000000083a00000| Complete 
|  59|0x0000000083b00000, 0x0000000083c00000, 0x0000000083c00000|100%| E|CS|TAMS 0x0000000083b00000, 0x0000000083b00000| Complete 
|  60|0x0000000083c00000, 0x0000000083d00000, 0x0000000083d00000|100%| E|CS|TAMS 0x0000000083c00000, 0x0000000083c00000| Complete 
|  61|0x0000000083d00000, 0x0000000083e00000, 0x0000000083e00000|100%| E|CS|TAMS 0x0000000083d00000, 0x0000000083d00000| Complete 

Card table byte_map: [0x000002a0b2c00000,0x000002a0b3000000] _byte_map_base: 0x000002a0b2800000

Marking Bits (Prev, Next): (CMBitMap*) 0x000002a09bff2a50, (CMBitMap*) 0x000002a09bff2a10
 Prev Bits: [0x000002a0b5400000, 0x000002a0b7400000)
 Next Bits: [0x000002a0b3400000, 0x000002a0b5400000)

Polling page: 0x000002a09b790000

Metaspace:

Usage:
  Non-class:     25.29 MB used.
      Class:      4.13 MB used.
       Both:     29.41 MB used.

Virtual space:
  Non-class space:       32.00 MB reserved,      25.44 MB ( 79%) committed,  4 nodes.
      Class space:      412.00 MB reserved,       4.31 MB (  1%) committed,  1 nodes.
             Both:      444.00 MB reserved,      29.75 MB (  7%) committed. 

Chunk freelists:
   Non-Class:  1.98 MB
       Class:  3.72 MB
        Both:  5.70 MB

MaxMetaspaceSize: 512.00 MB
CompressedClassSpaceSize: 412.00 MB
Initial GC threshold: 21.00 MB
Current GC threshold: 35.12 MB
CDS: on
MetaspaceReclaimPolicy: balanced
 - commit_granule_bytes: 65536.
 - commit_granule_words: 8192.
 - virtual_space_node_default_size: 1048576.
 - enlarge_chunks_in_place: 1.
 - new_chunks_are_fully_committed: 0.
 - uncommit_free_chunks: 1.
 - use_allocation_guard: 0.
 - handle_deallocations: 1.


Internal statistics:

num_allocs_failed_limit: 3.
num_arena_births: 314.
num_arena_deaths: 0.
num_vsnodes_births: 5.
num_vsnodes_deaths: 0.
num_space_committed: 476.
num_space_uncommitted: 0.
num_chunks_returned_to_freelist: 3.
num_chunks_taken_from_freelist: 1346.
num_chunk_merges: 3.
num_chunk_splits: 916.
num_chunks_enlarged: 662.
num_purges: 0.
num_inconsistent_stats: 0.

CodeHeap 'non-profiled nmethods': size=120000Kb used=2318Kb max_used=2318Kb free=117681Kb
 bounds [0x000002a0ab2d0000, 0x000002a0ab540000, 0x000002a0b2800000]
CodeHeap 'profiled nmethods': size=120000Kb used=7890Kb max_used=7890Kb free=112109Kb
 bounds [0x000002a0a3da0000, 0x000002a0a4560000, 0x000002a0ab2d0000]
CodeHeap 'non-nmethods': size=5760Kb used=1581Kb max_used=1626Kb free=4178Kb
 bounds [0x000002a0a3800000, 0x000002a0a3a70000, 0x000002a0a3da0000]
 total_blobs=4493 nmethods=3847 adapters=558
 compilation: enabled
              stopped_count=0, restarted_count=0
 full_count=0

Compilation events (20 events):
Event: 125.884 Thread 0x000002a0b985d260 3862       3       sun.nio.ch.Util$BufferCache::offerFirst (73 bytes)
Event: 125.884 Thread 0x000002a0b985d260 nmethod 3862 0x000002a0a4550010 code [0x000002a0a45501c0, 0x000002a0a4550538]
Event: 125.920 Thread 0x000002a0b985d260 3863       1       org.gradle.internal.concurrent.ManagedExecutorImpl::access$100 (5 bytes)
Event: 125.920 Thread 0x000002a0b985d260 nmethod 3863 0x000002a0ab512d90 code [0x000002a0ab512f20, 0x000002a0ab512fd8]
Event: 126.360 Thread 0x000002a0b985d260 3864   !   3       java.nio.DirectByteBuffer::address (53 bytes)
Event: 126.360 Thread 0x000002a0b985d260 nmethod 3864 0x000002a0a4550690 code [0x000002a0a45508a0, 0x000002a0a4550e88]
Event: 126.682 Thread 0x000002a0b985c960 3865       4       java.lang.invoke.VarForm::getMemberName (20 bytes)
Event: 126.684 Thread 0x000002a0b985c960 nmethod 3865 0x000002a0ab513090 code [0x000002a0ab513220, 0x000002a0ab513308]
Event: 126.739 Thread 0x000002a0b985d260 3866       3       java.util.concurrent.locks.ReentrantLock$NonfairSync::initialTryLock (58 bytes)
Event: 126.739 Thread 0x000002a0b985d260 nmethod 3866 0x000002a0a4551090 code [0x000002a0a4551260, 0x000002a0a4551678]
Event: 126.741 Thread 0x000002a0b985d260 3867       3       com.google.common.collect.RegularImmutableList::get (7 bytes)
Event: 126.741 Thread 0x000002a0b985d260 nmethod 3867 0x000002a0a4551790 code [0x000002a0a4551920, 0x000002a0a4551a58]
Event: 126.768 Thread 0x000002a0b985c960 3868       4       java.io.DataInputStream::readLong (128 bytes)
Event: 126.773 Thread 0x000002a0b985c960 nmethod 3868 0x000002a0ab513410 code [0x000002a0ab5135a0, 0x000002a0ab513778]
Event: 126.863 Thread 0x000002a0b985d260 3869       3       java.beans.Introspector::decapitalize (68 bytes)
Event: 126.869 Thread 0x000002a0b985d260 nmethod 3869 0x000002a0a4551b10 code [0x000002a0a4551e80, 0x000002a0a4553348]
Event: 127.060 Thread 0x000002a0b985d260 3870  s    3       java.net.DatagramPacket::setPort (43 bytes)
Event: 127.062 Thread 0x000002a0b985d260 nmethod 3870 0x000002a0a4553a90 code [0x000002a0a4553cc0, 0x000002a0a4554418]
Event: 127.063 Thread 0x000002a0b985d260 3871       3       org.gradle.internal.logging.slf4j.OutputEventListenerBackedLogger::debug (8 bytes)
Event: 127.064 Thread 0x000002a0b985d260 nmethod 3871 0x000002a0a4554690 code [0x000002a0a4554820, 0x000002a0a4554968]

GC Heap History (20 events):
Event: 5.169 GC heap before
{Heap before GC invocations=0 (full 0):
 garbage-first heap   total 63488K, used 12288K [0x0000000080000000, 0x0000000100000000)
  region size 1024K, 13 young (13312K), 0 survivors (0K)
 Metaspace       used 975K, committed 1088K, reserved 430080K
  class space    used 74K, committed 128K, reserved 421888K
}
Event: 5.190 GC heap after
{Heap after GC invocations=1 (full 0):
 garbage-first heap   total 63488K, used 3752K [0x0000000080000000, 0x0000000100000000)
  region size 1024K, 2 young (2048K), 2 survivors (2048K)
 Metaspace       used 975K, committed 1088K, reserved 430080K
  class space    used 74K, committed 128K, reserved 421888K
}
Event: 12.319 GC heap before
{Heap before GC invocations=1 (full 0):
 garbage-first heap   total 63488K, used 22184K [0x0000000080000000, 0x0000000100000000)
  region size 1024K, 17 young (17408K), 2 survivors (2048K)
 Metaspace       used 3860K, committed 4032K, reserved 430080K
  class space    used 475K, committed 576K, reserved 421888K
}
Event: 12.328 GC heap after
{Heap after GC invocations=2 (full 0):
 garbage-first heap   total 63488K, used 10510K [0x0000000080000000, 0x0000000100000000)
  region size 1024K, 3 young (3072K), 3 survivors (3072K)
 Metaspace       used 3860K, committed 4032K, reserved 430080K
  class space    used 475K, committed 576K, reserved 421888K
}
Event: 28.077 GC heap before
{Heap before GC invocations=2 (full 0):
 garbage-first heap   total 63488K, used 28942K [0x0000000080000000, 0x0000000100000000)
  region size 1024K, 21 young (21504K), 3 survivors (3072K)
 Metaspace       used 3932K, committed 4096K, reserved 430080K
  class space    used 476K, committed 576K, reserved 421888K
}
Event: 28.084 GC heap after
{Heap after GC invocations=3 (full 0):
 garbage-first heap   total 63488K, used 10924K [0x0000000080000000, 0x0000000100000000)
  region size 1024K, 1 young (1024K), 1 survivors (1024K)
 Metaspace       used 3932K, committed 4096K, reserved 430080K
  class space    used 476K, committed 576K, reserved 421888K
}
Event: 42.961 GC heap before
{Heap before GC invocations=3 (full 0):
 garbage-first heap   total 63488K, used 43692K [0x0000000080000000, 0x0000000100000000)
  region size 1024K, 32 young (32768K), 1 survivors (1024K)
 Metaspace       used 9275K, committed 9472K, reserved 438272K
  class space    used 1254K, committed 1344K, reserved 421888K
}
Event: 42.973 GC heap after
{Heap after GC invocations=4 (full 0):
 garbage-first heap   total 63488K, used 18119K [0x0000000080000000, 0x0000000100000000)
  region size 1024K, 4 young (4096K), 4 survivors (4096K)
 Metaspace       used 9275K, committed 9472K, reserved 438272K
  class space    used 1254K, committed 1344K, reserved 421888K
}
Event: 52.545 GC heap before
{Heap before GC invocations=4 (full 0):
 garbage-first heap   total 63488K, used 40647K [0x0000000080000000, 0x0000000100000000)
  region size 1024K, 27 young (27648K), 4 survivors (4096K)
 Metaspace       used 13774K, committed 14144K, reserved 438272K
  class space    used 1926K, committed 2112K, reserved 421888K
}
Event: 52.555 GC heap after
{Heap after GC invocations=5 (full 0):
 garbage-first heap   total 63488K, used 19319K [0x0000000080000000, 0x0000000100000000)
  region size 1024K, 2 young (2048K), 2 survivors (2048K)
 Metaspace       used 13774K, committed 14144K, reserved 438272K
  class space    used 1926K, committed 2112K, reserved 421888K
}
Event: 65.923 GC heap before
{Heap before GC invocations=5 (full 0):
 garbage-first heap   total 63488K, used 42871K [0x0000000080000000, 0x0000000100000000)
  region size 1024K, 25 young (25600K), 2 survivors (2048K)
 Metaspace       used 17343K, committed 17664K, reserved 438272K
  class space    used 2519K, committed 2688K, reserved 421888K
}
Event: 65.931 GC heap after
{Heap after GC invocations=6 (full 0):
 garbage-first heap   total 63488K, used 20845K [0x0000000080000000, 0x0000000100000000)
  region size 1024K, 3 young (3072K), 3 survivors (3072K)
 Metaspace       used 17343K, committed 17664K, reserved 438272K
  class space    used 2519K, committed 2688K, reserved 421888K
}
Event: 70.941 GC heap before
{Heap before GC invocations=6 (full 0):
 garbage-first heap   total 63488K, used 45421K [0x0000000080000000, 0x0000000100000000)
  region size 1024K, 27 young (27648K), 3 survivors (3072K)
 Metaspace       used 20967K, committed 21248K, reserved 446464K
  class space    used 3082K, committed 3200K, reserved 421888K
}
Event: 70.948 GC heap after
{Heap after GC invocations=7 (full 0):
 garbage-first heap   total 63488K, used 22264K [0x0000000080000000, 0x0000000100000000)
  region size 1024K, 3 young (3072K), 3 survivors (3072K)
 Metaspace       used 20967K, committed 21248K, reserved 446464K
  class space    used 3082K, committed 3200K, reserved 421888K
}
Event: 71.814 GC heap before
{Heap before GC invocations=7 (full 0):
 garbage-first heap   total 63488K, used 24312K [0x0000000080000000, 0x0000000100000000)
  region size 1024K, 6 young (6144K), 3 survivors (3072K)
 Metaspace       used 21245K, committed 21504K, reserved 446464K
  class space    used 3131K, committed 3264K, reserved 421888K
}
Event: 71.822 GC heap after
{Heap after GC invocations=8 (full 0):
 garbage-first heap   total 63488K, used 22464K [0x0000000080000000, 0x0000000100000000)
  region size 1024K, 2 young (2048K), 2 survivors (2048K)
 Metaspace       used 21245K, committed 21504K, reserved 446464K
  class space    used 3131K, committed 3264K, reserved 421888K
}
Event: 78.710 GC heap before
{Heap before GC invocations=9 (full 0):
 garbage-first heap   total 63488K, used 47040K [0x0000000080000000, 0x0000000100000000)
  region size 1024K, 26 young (26624K), 2 survivors (2048K)
 Metaspace       used 25249K, committed 25664K, reserved 446464K
  class space    used 3663K, committed 3840K, reserved 421888K
}
Event: 78.716 GC heap after
{Heap after GC invocations=10 (full 0):
 garbage-first heap   total 63488K, used 24396K [0x0000000080000000, 0x0000000100000000)
  region size 1024K, 4 young (4096K), 4 survivors (4096K)
 Metaspace       used 25249K, committed 25664K, reserved 446464K
  class space    used 3663K, committed 3840K, reserved 421888K
}
Event: 83.914 GC heap before
{Heap before GC invocations=10 (full 0):
 garbage-first heap   total 63488K, used 46924K [0x0000000080000000, 0x0000000100000000)
  region size 1024K, 27 young (27648K), 4 survivors (4096K)
 Metaspace       used 28892K, committed 29248K, reserved 454656K
  class space    used 4044K, committed 4160K, reserved 421888K
}
Event: 83.926 GC heap after
{Heap after GC invocations=11 (full 0):
 garbage-first heap   total 63488K, used 28120K [0x0000000080000000, 0x0000000100000000)
  region size 1024K, 4 young (4096K), 4 survivors (4096K)
 Metaspace       used 28892K, committed 29248K, reserved 454656K
  class space    used 4044K, committed 4160K, reserved 421888K
}

Deoptimization events (20 events):
Event: 125.555 Thread 0x000002a0ba7d7bc0 Uncommon trap: trap_request=0xffffffc6 fr.pc=0x000002a0ab511be0 relative=0x00000000000008e0
Event: 125.555 Thread 0x000002a0ba7d7bc0 Uncommon trap: reason=bimorphic_or_optimized_type_check action=maybe_recompile pc=0x000002a0ab511be0 method=java.io.BufferedInputStream.read([BII)I @ 101 c2
Event: 125.555 Thread 0x000002a0ba7d7bc0 DEOPT PACKING pc=0x000002a0ab511be0 sp=0x000000a1029fe690
Event: 125.555 Thread 0x000002a0ba7d7bc0 DEOPT UNPACKING pc=0x000002a0a38523a3 sp=0x000000a1029fe648 mode 2
Event: 125.575 Thread 0x000002a0ba7a7510 Uncommon trap: trap_request=0xffffffc6 fr.pc=0x000002a0ab4d07fc relative=0x000000000000013c
Event: 125.575 Thread 0x000002a0ba7a7510 Uncommon trap: reason=bimorphic_or_optimized_type_check action=maybe_recompile pc=0x000002a0ab4d07fc method=java.util.stream.ReferencePipeline.forEachWithCancel(Ljava/util/Spliterator;Ljava/util/stream/Sink;)Z @ 1 c2
Event: 125.575 Thread 0x000002a0ba7a7510 DEOPT PACKING pc=0x000002a0ab4d07fc sp=0x000000a1022f8c20
Event: 125.575 Thread 0x000002a0ba7a7510 DEOPT UNPACKING pc=0x000002a0a38523a3 sp=0x000000a1022f8ba0 mode 2
Event: 126.361 Thread 0x000002a0ba7d63b0 Uncommon trap: trap_request=0xffffff45 fr.pc=0x000002a0ab512c64 relative=0x0000000000000164
Event: 126.361 Thread 0x000002a0ba7d63b0 Uncommon trap: reason=unstable_if action=reinterpret pc=0x000002a0ab512c64 method=java.util.concurrent.locks.ReentrantLock$NonfairSync.initialTryLock()Z @ 25 c2
Event: 126.361 Thread 0x000002a0ba7d63b0 DEOPT PACKING pc=0x000002a0ab512c64 sp=0x000000a1027ff430
Event: 126.361 Thread 0x000002a0ba7d63b0 DEOPT UNPACKING pc=0x000002a0a38523a3 sp=0x000000a1027ff3d0 mode 2
Event: 126.756 Thread 0x000002a0ba7a7510 Uncommon trap: trap_request=0xffffff45 fr.pc=0x000002a0ab4e1244 relative=0x0000000000005a84
Event: 126.756 Thread 0x000002a0ba7a7510 Uncommon trap: reason=unstable_if action=reinterpret pc=0x000002a0ab4e1244 method=java.net.URLClassLoader.defineClass(Ljava/lang/String;Ljdk/internal/loader/Resource;)Ljava/lang/Class; @ 21 c2
Event: 126.756 Thread 0x000002a0ba7a7510 DEOPT PACKING pc=0x000002a0ab4e1244 sp=0x000000a1022fa5f0
Event: 126.756 Thread 0x000002a0ba7a7510 DEOPT UNPACKING pc=0x000002a0a38523a3 sp=0x000000a1022fa3e0 mode 2
Event: 126.769 Thread 0x000002a0ba7a7510 Uncommon trap: trap_request=0xffffff45 fr.pc=0x000002a0ab431778 relative=0x00000000000006b8
Event: 126.769 Thread 0x000002a0ba7a7510 Uncommon trap: reason=unstable_if action=reinterpret pc=0x000002a0ab431778 method=java.lang.Class.getPackageName()Ljava/lang/String; @ 55 c2
Event: 126.769 Thread 0x000002a0ba7a7510 DEOPT PACKING pc=0x000002a0ab431778 sp=0x000000a1022fa1b0
Event: 126.769 Thread 0x000002a0ba7a7510 DEOPT UNPACKING pc=0x000002a0a38523a3 sp=0x000000a1022fa170 mode 2

Classes unloaded (0 events):
No events

Classes redefined (0 events):
No events

Internal exceptions (20 events):
Event: 77.812 Thread 0x000002a0ba7a7510 Exception <a 'java/lang/NoSuchMethodError'{0x00000000828b6a18}: 'int java.lang.invoke.DirectMethodHandle$Holder.invokeStaticInit(java.lang.Object, java.lang.Object, java.lang.Object)'> (0x00000000828b6a18) 
thrown [t:\workspace\open\src\hotspot\share\interpreter\linkResolver.cpp, line 766]
Event: 77.986 Thread 0x000002a0ba7a7510 Exception <a 'java/lang/NoSuchMethodError'{0x000000008270e418}: 'int java.lang.invoke.DirectMethodHandle$Holder.invokeStaticInit(java.lang.Object, java.lang.Object, java.lang.Object, java.lang.Object)'> (0x000000008270e418) 
thrown [t:\workspace\open\src\hotspot\share\interpreter\linkResolver.cpp, line 766]
Event: 80.396 Thread 0x000002a0ba7a7510 Exception <a 'java/lang/ClassNotFoundException'{0x0000000083a64860}: groovy/lang/ExpandoMetaClassBeanInfo> (0x0000000083a64860) 
thrown [t:\workspace\open\src\hotspot\share\classfile\systemDictionary.cpp, line 256]
Event: 80.398 Thread 0x000002a0ba7a7510 Exception <a 'java/lang/ClassNotFoundException'{0x0000000083a7b548}: groovy/lang/MetaClassImplBeanInfo> (0x0000000083a7b548) 
thrown [t:\workspace\open\src\hotspot\share\classfile\systemDictionary.cpp, line 256]
Event: 80.399 Thread 0x000002a0ba7a7510 Exception <a 'java/lang/ClassNotFoundException'{0x0000000083a80500}: java/lang/ObjectBeanInfo> (0x0000000083a80500) 
thrown [t:\workspace\open\src\hotspot\share\classfile\systemDictionary.cpp, line 256]
Event: 80.401 Thread 0x000002a0ba7a7510 Exception <a 'java/lang/ClassNotFoundException'{0x0000000083a85b70}: java/lang/ObjectCustomizer> (0x0000000083a85b70) 
thrown [t:\workspace\open\src\hotspot\share\classfile\systemDictionary.cpp, line 256]
Event: 80.406 Thread 0x000002a0ba7a7510 Exception <a 'java/lang/IncompatibleClassChangeError'{0x0000000083a8a598}: Found class java.lang.Object, but interface was expected> (0x0000000083a8a598) 
thrown [t:\workspace\open\src\hotspot\share\interpreter\linkResolver.cpp, line 833]
Event: 80.415 Thread 0x000002a0ba7a7510 Exception <a 'java/lang/ClassNotFoundException'{0x0000000083aa5fc0}: groovy/lang/MetaClassImplCustomizer> (0x0000000083aa5fc0) 
thrown [t:\workspace\open\src\hotspot\share\classfile\systemDictionary.cpp, line 256]
Event: 80.429 Thread 0x000002a0ba7a7510 Exception <a 'java/lang/ClassNotFoundException'{0x0000000083adb788}: groovy/lang/ExpandoMetaClassCustomizer> (0x0000000083adb788) 
thrown [t:\workspace\open\src\hotspot\share\classfile\systemDictionary.cpp, line 256]
Event: 85.343 Thread 0x000002a0ba7a7510 Exception <a 'java/lang/ClassNotFoundException'{0x0000000083b748d0}: org/gradle/internal/extensibility/DefaultExtraPropertiesExtensionBeanInfo> (0x0000000083b748d0) 
thrown [t:\workspace\open\src\hotspot\share\classfile\systemDictionary.cpp, line 256]
Event: 85.345 Thread 0x000002a0ba7a7510 Exception <a 'java/lang/ClassNotFoundException'{0x0000000083b8b3c8}: groovy/lang/GroovyObjectSupportBeanInfo> (0x0000000083b8b3c8) 
thrown [t:\workspace\open\src\hotspot\share\classfile\systemDictionary.cpp, line 256]
Event: 85.347 Thread 0x000002a0ba7a7510 Exception <a 'java/lang/ClassNotFoundException'{0x0000000083ba1ed8}: groovy/lang/GroovyObjectSupportCustomizer> (0x0000000083ba1ed8) 
thrown [t:\workspace\open\src\hotspot\share\classfile\systemDictionary.cpp, line 256]
Event: 85.356 Thread 0x000002a0ba7a7510 Exception <a 'java/lang/ClassNotFoundException'{0x0000000083bba830}: org/gradle/internal/extensibility/DefaultExtraPropertiesExtensionCustomizer> (0x0000000083bba830) 
thrown [t:\workspace\open\src\hotspot\share\classfile\systemDictionary.cpp, line 256]
Event: 113.663 Thread 0x000002a0ba7a7510 Exception <a 'java/lang/NoSuchMethodError'{0x000000008375b868}: 'java.lang.Object java.lang.invoke.DirectMethodHandle$Holder.newInvokeSpecial(java.lang.Object, java.lang.Object, long)'> (0x000000008375b868) 
thrown [t:\workspace\open\src\hotspot\share\interpreter\linkResolver.cpp, line 766]
Event: 113.664 Thread 0x000002a0ba7a7510 Exception <a 'java/lang/NoSuchMethodError'{0x0000000083760120}: 'java.lang.Object java.lang.invoke.Invokers$Holder.linkToTargetMethod(java.lang.Object, long, java.lang.Object)'> (0x0000000083760120) 
thrown [t:\workspace\open\src\hotspot\share\interpreter\linkResolver.cpp, line 766]
Event: 113.780 Thread 0x000002a0ba7a7510 Exception <a 'java/lang/NoSuchMethodError'{0x00000000836626e8}: 'int java.lang.invoke.DirectMethodHandle$Holder.invokeInterface(java.lang.Object, java.lang.Object)'> (0x00000000836626e8) 
thrown [t:\workspace\open\src\hotspot\share\interpreter\linkResolver.cpp, line 766]
Event: 113.788 Thread 0x000002a0ba7a7510 Exception <a 'java/lang/NoSuchMethodError'{0x000000008368d760}: 'java.lang.Object java.lang.invoke.DirectMethodHandle$Holder.invokeStatic(java.lang.Object, java.lang.Object, int, java.lang.Object)'> (0x000000008368d760) 
thrown [t:\workspace\open\src\hotspot\share\interpreter\linkResolver.cpp, line 766]
Event: 113.790 Thread 0x000002a0ba7a7510 Exception <a 'java/lang/NoSuchMethodError'{0x0000000083695318}: 'java.lang.Object java.lang.invoke.DirectMethodHandle$Holder.newInvokeSpecial(java.lang.Object, java.lang.Object, int, java.lang.Object)'> (0x0000000083695318) 
thrown [t:\workspace\open\src\hotspot\share\interpreter\linkResolver.cpp, line 766]
Event: 113.791 Thread 0x000002a0ba7a7510 Exception <a 'java/lang/NoSuchMethodError'{0x0000000083699c00}: 'java.lang.Object java.lang.invoke.DirectMethodHandle$Holder.invokeSpecial(java.lang.Object, java.lang.Object, java.lang.Object, int, java.lang.Object)'> (0x0000000083699c00) 
thrown [t:\workspace\open\src\hotspot\share\interpreter\linkResolver.cpp, line 766]
Event: 117.743 Thread 0x000002a0ba7a7510 Exception <a 'java/lang/IncompatibleClassChangeError'{0x000000008357d7e0}: Found class java.lang.Object, but interface was expected> (0x000000008357d7e0) 
thrown [t:\workspace\open\src\hotspot\share\interpreter\linkResolver.cpp, line 833]

VM Operations (20 events):
Event: 114.106 Executing VM operation: Cleanup
Event: 114.106 Executing VM operation: Cleanup done
Event: 115.109 Executing VM operation: Cleanup
Event: 115.109 Executing VM operation: Cleanup done
Event: 116.111 Executing VM operation: Cleanup
Event: 116.111 Executing VM operation: Cleanup done
Event: 117.888 Executing VM operation: HandshakeAllThreads
Event: 117.894 Executing VM operation: HandshakeAllThreads done
Event: 117.894 Executing VM operation: Cleanup
Event: 117.894 Executing VM operation: Cleanup done
Event: 117.896 Executing VM operation: HandshakeAllThreads
Event: 117.896 Executing VM operation: HandshakeAllThreads done
Event: 119.895 Executing VM operation: Cleanup
Event: 119.895 Executing VM operation: Cleanup done
Event: 124.923 Executing VM operation: Cleanup
Event: 124.923 Executing VM operation: Cleanup done
Event: 125.928 Executing VM operation: Cleanup
Event: 125.928 Executing VM operation: Cleanup done
Event: 126.930 Executing VM operation: Cleanup
Event: 127.056 Executing VM operation: Cleanup done

Events (20 events):
Event: 85.312 loading class java/util/WeakHashMap$HashIterator
Event: 85.312 loading class java/util/WeakHashMap$HashIterator done
Event: 85.312 loading class java/util/WeakHashMap$KeyIterator done
Event: 85.790 loading class java/io/StringReader
Event: 85.791 loading class java/io/StringReader done
Event: 85.812 loading class java/lang/StrictMath
Event: 85.815 loading class java/lang/StrictMath done
Event: 85.815 loading class java/math/MutableBigInteger
Event: 85.817 loading class java/math/MutableBigInteger done
Event: 88.500 loading class java/lang/invoke/SerializedLambda
Event: 88.500 loading class java/lang/invoke/SerializedLambda done
Event: 88.501 loading class java/lang/ProcessBuilder
Event: 88.501 loading class java/lang/ProcessBuilder done
Event: 103.352 Thread 0x000002a0ba7d8a30 Thread exited: 0x000002a0ba7d8a30
Event: 113.798 Thread 0x000002a0bdb102a0 Thread added: 0x000002a0bdb102a0
Event: 113.803 loading class sun/nio/fs/WindowsPath$1
Event: 113.803 loading class sun/nio/fs/WindowsPath$1 done
Event: 117.938 loading class java/nio/charset/CharacterCodingException
Event: 117.938 loading class java/nio/charset/CharacterCodingException done
Event: 125.577 Thread 0x000002a0bdb0c8e0 Thread added: 0x000002a0bdb0c8e0


Dynamic libraries:
0x00007ff6c6570000 - 0x00007ff6c657e000 	E:\jdk-17.0.2\bin\java.exe
0x00007ffaa7bf0000 - 0x00007ffaa7de7000 	C:\WINDOWS\SYSTEM32\ntdll.dll
0x00007ffaa6620000 - 0x00007ffaa66dd000 	C:\WINDOWS\System32\KERNEL32.DLL
0x00007ffaa53d0000 - 0x00007ffaa56c6000 	C:\WINDOWS\System32\KERNELBASE.dll
0x00007ffaa52d0000 - 0x00007ffaa53d0000 	C:\WINDOWS\System32\ucrtbase.dll
0x00007ffa912c0000 - 0x00007ffa912da000 	E:\jdk-17.0.2\bin\VCRUNTIME140.dll
0x00007ffa912e0000 - 0x00007ffa912f8000 	E:\jdk-17.0.2\bin\jli.dll
0x00007ffaa6cf0000 - 0x00007ffaa6e8e000 	C:\WINDOWS\System32\USER32.dll
0x00007ffaa5780000 - 0x00007ffaa57a2000 	C:\WINDOWS\System32\win32u.dll
0x00007ffaa71d0000 - 0x00007ffaa71fc000 	C:\WINDOWS\System32\GDI32.dll
0x00007ffaa5850000 - 0x00007ffaa596a000 	C:\WINDOWS\System32\gdi32full.dll
0x00007ffaa57b0000 - 0x00007ffaa584d000 	C:\WINDOWS\System32\msvcp_win.dll
0x00007ffa97110000 - 0x00007ffa973aa000 	C:\WINDOWS\WinSxS\amd64_microsoft.windows.common-controls_6595b64144ccf1df_6.0.19041.3570_none_60bb2a3971f3e41a\COMCTL32.dll
0x00007ffaa6180000 - 0x00007ffaa621e000 	C:\WINDOWS\System32\msvcrt.dll
0x00007ffaa6f80000 - 0x00007ffaa6fb0000 	C:\WINDOWS\System32\IMM32.DLL
0x00007ffa912b0000 - 0x00007ffa912bc000 	E:\jdk-17.0.2\bin\vcruntime140_1.dll
0x00007ffa7e760000 - 0x00007ffa7e7ed000 	E:\jdk-17.0.2\bin\msvcp140.dll
0x00007ffa44850000 - 0x00007ffa45411000 	E:\jdk-17.0.2\bin\server\jvm.dll
0x00007ffaa6b60000 - 0x00007ffaa6c0e000 	C:\WINDOWS\System32\ADVAPI32.dll
0x00007ffaa5cd0000 - 0x00007ffaa5d6c000 	C:\WINDOWS\System32\sechost.dll
0x00007ffaa6340000 - 0x00007ffaa6466000 	C:\WINDOWS\System32\RPCRT4.dll
0x00007ffaa6b50000 - 0x00007ffaa6b58000 	C:\WINDOWS\System32\PSAPI.DLL
0x00007ffa912a0000 - 0x00007ffa912a9000 	C:\WINDOWS\SYSTEM32\WSOCK32.dll
0x00007ffaa7040000 - 0x00007ffaa70ab000 	C:\WINDOWS\System32\WS2_32.dll
0x00007ffa92980000 - 0x00007ffa929a7000 	C:\WINDOWS\SYSTEM32\WINMM.dll
0x00007ffa94f80000 - 0x00007ffa94f8a000 	C:\WINDOWS\SYSTEM32\VERSION.dll
0x00007ffaa3050000 - 0x00007ffaa3062000 	C:\WINDOWS\SYSTEM32\kernel.appcore.dll
0x00007ffa91290000 - 0x00007ffa9129a000 	E:\jdk-17.0.2\bin\jimage.dll
0x00007ffa93370000 - 0x00007ffa93554000 	C:\WINDOWS\SYSTEM32\DBGHELP.DLL
0x00007ffa93310000 - 0x00007ffa93344000 	C:\WINDOWS\SYSTEM32\dbgcore.DLL
0x00007ffaa5b70000 - 0x00007ffaa5bf2000 	C:\WINDOWS\System32\bcryptPrimitives.dll
0x00007ffa7e730000 - 0x00007ffa7e755000 	E:\jdk-17.0.2\bin\java.dll
0x00007ffa44770000 - 0x00007ffa44846000 	E:\jdk-17.0.2\bin\jsvml.dll
0x00007ffaa7260000 - 0x00007ffaa79a4000 	C:\WINDOWS\System32\SHELL32.dll
0x00007ffaa3330000 - 0x00007ffaa3acb000 	C:\WINDOWS\SYSTEM32\windows.storage.dll
0x00007ffaa5e20000 - 0x00007ffaa6174000 	C:\WINDOWS\System32\combase.dll
0x00007ffaa4c30000 - 0x00007ffaa4c5d000 	C:\WINDOWS\SYSTEM32\Wldp.dll
0x00007ffaa5d70000 - 0x00007ffaa5e1d000 	C:\WINDOWS\System32\SHCORE.dll
0x00007ffaa6f00000 - 0x00007ffaa6f55000 	C:\WINDOWS\System32\shlwapi.dll
0x00007ffaa5200000 - 0x00007ffaa5225000 	C:\WINDOWS\SYSTEM32\profapi.dll
0x00007ffa7e710000 - 0x00007ffa7e729000 	E:\jdk-17.0.2\bin\net.dll
0x00007ffa9a510000 - 0x00007ffa9a61a000 	C:\WINDOWS\SYSTEM32\WINHTTP.dll
0x00007ffaa4a10000 - 0x00007ffaa4a7a000 	C:\WINDOWS\system32\mswsock.dll
0x00007ffa7e6f0000 - 0x00007ffa7e706000 	E:\jdk-17.0.2\bin\nio.dll
0x00007ffa7e6d0000 - 0x00007ffa7e6e8000 	E:\jdk-17.0.2\bin\zip.dll
0x00007ffaa0d90000 - 0x00007ffaa0da0000 	E:\jdk-17.0.2\bin\verify.dll
0x00007ffaa0cd0000 - 0x00007ffaa0cf7000 	C:\Users\Smart tech\.gradle\native\68d5fa5c4cc2d200863cafc0d521ce42e7d3e7ee720ec0a83991735586a16f82\windows-amd64\native-platform.dll
0x00007ffa7ecd0000 - 0x00007ffa7ee14000 	C:\Users\Smart tech\.gradle\native\e376f236ea51e6404a007f0833ffe2c6e607c4080706a723a18a27aeea778392\windows-amd64\native-platform-file-events.dll
0x00007ffa7e340000 - 0x00007ffa7e349000 	E:\jdk-17.0.2\bin\management.dll
0x00007ffa7e330000 - 0x00007ffa7e33b000 	E:\jdk-17.0.2\bin\management_ext.dll
0x00007ffaa4fb0000 - 0x00007ffaa4fc8000 	C:\WINDOWS\SYSTEM32\CRYPTSP.dll
0x00007ffaa42d0000 - 0x00007ffaa4304000 	C:\WINDOWS\system32\rsaenh.dll
0x00007ffaa5970000 - 0x00007ffaa5997000 	C:\WINDOWS\System32\bcrypt.dll
0x00007ffaa5180000 - 0x00007ffaa51ae000 	C:\WINDOWS\SYSTEM32\USERENV.dll
0x00007ffaa4ba0000 - 0x00007ffaa4bac000 	C:\WINDOWS\SYSTEM32\CRYPTBASE.dll
0x00007ffaa46d0000 - 0x00007ffaa470b000 	C:\WINDOWS\SYSTEM32\IPHLPAPI.DLL
0x00007ffaa6ef0000 - 0x00007ffaa6ef8000 	C:\WINDOWS\System32\NSI.dll
0x00007ffa9bcb0000 - 0x00007ffa9bcc7000 	C:\WINDOWS\SYSTEM32\dhcpcsvc6.DLL
0x00007ffa9e1e0000 - 0x00007ffa9e1fd000 	C:\WINDOWS\SYSTEM32\dhcpcsvc.DLL
0x00007ffaa4710000 - 0x00007ffaa47da000 	C:\WINDOWS\SYSTEM32\DNSAPI.dll
0x00007ffa7e320000 - 0x00007ffa7e32e000 	E:\jdk-17.0.2\bin\sunmscapi.dll
0x00007ffaa5a10000 - 0x00007ffaa5b6d000 	C:\WINDOWS\System32\CRYPT32.dll
0x00007ffaa4ca0000 - 0x00007ffaa4cc7000 	C:\WINDOWS\SYSTEM32\ncrypt.dll
0x00007ffaa4c60000 - 0x00007ffaa4c9b000 	C:\WINDOWS\SYSTEM32\NTASN1.dll
0x00007ffa75b20000 - 0x00007ffa75b27000 	C:\WINDOWS\system32\wshunix.dll

dbghelp: loaded successfully - version: 4.0.5 - missing functions: none
symbol engine: initialized successfully - sym options: 0x614 - pdb path: .;E:\jdk-17.0.2\bin;C:\WINDOWS\SYSTEM32;C:\WINDOWS\WinSxS\amd64_microsoft.windows.common-controls_6595b64144ccf1df_6.0.19041.3570_none_60bb2a3971f3e41a;E:\jdk-17.0.2\bin\server;C:\Users\Smart tech\.gradle\native\68d5fa5c4cc2d200863cafc0d521ce42e7d3e7ee720ec0a83991735586a16f82\windows-amd64;C:\Users\Smart tech\.gradle\native\e376f236ea51e6404a007f0833ffe2c6e607c4080706a723a18a27aeea778392\windows-amd64

VM Arguments:
jvm_args: -XX:MaxMetaspaceSize=512m --add-opens=java.base/java.util=ALL-UNNAMED --add-opens=java.base/java.lang=ALL-UNNAMED --add-opens=java.base/java.lang.invoke=ALL-UNNAMED --add-opens=java.prefs/java.util.prefs=ALL-UNNAMED --add-opens=java.base/java.nio.charset=ALL-UNNAMED --add-opens=java.base/java.net=ALL-UNNAMED --add-opens=java.base/java.util.concurrent.atomic=ALL-UNNAMED -Xmx2048m -Dfile.encoding=windows-1252 -Duser.country=US -Duser.language=en -Duser.variant 
java_command: org.gradle.launcher.daemon.bootstrap.GradleDaemon 8.0.1
java_class_path (initial): C:\Users\Smart tech\.gradle\wrapper\dists\gradle-8.0.1-all\aro4hu1c3oeioove7l0i4i14o\gradle-8.0.1\lib\gradle-launcher-8.0.1.jar
Launcher Type: SUN_STANDARD

[Global flags]
     intx CICompilerCount                          = 3                                         {product} {ergonomic}
   size_t CompressedClassSpaceSize                 = 432013312                                 {product} {ergonomic}
     uint ConcGCThreads                            = 1                                         {product} {ergonomic}
     uint G1ConcRefinementThreads                  = 4                                         {product} {ergonomic}
   size_t G1HeapRegionSize                         = 1048576                                   {product} {ergonomic}
    uintx GCDrainStackTargetSize                   = 64                                        {product} {ergonomic}
   size_t InitialHeapSize                          = 65011712                                  {product} {ergonomic}
   size_t MarkStackSize                            = 4194304                                   {product} {ergonomic}
   size_t MaxHeapSize                              = 2147483648                                {product} {command line}
   size_t MaxMetaspaceSize                         = 536870912                                 {product} {command line}
   size_t MaxNewSize                               = 1287651328                                {product} {ergonomic}
   size_t MinHeapDeltaBytes                        = 1048576                                   {product} {ergonomic}
   size_t MinHeapSize                              = 8388608                                   {product} {ergonomic}
    uintx NonNMethodCodeHeapSize                   = 5832780                                {pd product} {ergonomic}
    uintx NonProfiledCodeHeapSize                  = 122912730                              {pd product} {ergonomic}
    uintx ProfiledCodeHeapSize                     = 122912730                              {pd product} {ergonomic}
    uintx ReservedCodeCacheSize                    = 251658240                              {pd product} {ergonomic}
     bool SegmentedCodeCache                       = true                                      {product} {ergonomic}
   size_t SoftMaxHeapSize                          = 2147483648                             {manageable} {ergonomic}
     bool UseCompressedClassPointers               = true                           {product lp64_product} {ergonomic}
     bool UseCompressedOops                        = true                           {product lp64_product} {ergonomic}
     bool UseG1GC                                  = true                                      {product} {ergonomic}
     bool UseLargePagesIndividualAllocation        = false                                  {pd product} {ergonomic}

Logging:
Log output configuration:
 #0: stdout all=warning uptime,level,tags
 #1: stderr all=off uptime,level,tags

Environment Variables:
JAVA_HOME=E:\jdk-17.0.2\
CLASSPATH=C:\SkillWork\Seda\android\\gradle\wrapper\gradle-wrapper.jar
PATH=C:\SkillWork\Seda\node_modules\.bin;C:\SkillWork\Seda\node_modules\.bin;C:\SkillWork\node_modules\.bin;C:\node_modules\.bin;C:\SkillWork\Seda\node_modules\npm\node_modules\@npmcli\run-script\lib\node-gyp-bin;C:\SkillWork\Seda\node_modules\.bin;C:\SkillWork\node_modules\.bin;C:\node_modules\.bin;C:\Users\Smart tech\AppData\Roaming\npm\node_modules\npm\node_modules\@npmcli\run-script\lib\node-gyp-bin;C:\WINDOWS\system32;C:\WINDOWS;C:\WINDOWS\System32\Wbem;C:\WINDOWS\System32\WindowsPowerShell\v1.0\;C:\WINDOWS\System32\OpenSSH\;C:\Users\Smart tech\AppData\Local\Android\Sdk\platform-tools;E:\jdk-17.0.2\bin\;C:\Program Files\Git\cmd;C:\MinGW\bin;C:\Program Files\dotnet\;C:\Users\Smart tech\AppData\Roaming\nvm;C:\Program Files\nodejs;C:\Users\Smart tech\AppData\Local\Microsoft\WindowsApps;C:\Users\Smart tech\AppData\Local\Programs\Microsoft VS Code\bin;C:\Users\Smart tech\AppData\Local\Android\Sdk\platform-tools;C:\Users\Smart tech\AppData\Roaming\npm;C:\Users\Smart tech\.dotnet\tools;C:\Users\Smart tech\AppData\Roaming\nvm;C:\Program Files\nodejs;C:\MinGW\bin;
USERNAME=Smart tech
OS=Windows_NT
PROCESSOR_IDENTIFIER=Intel64 Family 6 Model 58 Stepping 9, GenuineIntel



---------------  S Y S T E M  ---------------

OS:
 Windows 10 , 64 bit Build 19041 (10.0.19041.3570)
OS uptime: 3 days 12:35 hours
Hyper-V role detected

CPU: total 4 (initial active 4) (2 cores per cpu, 2 threads per core) family 6 model 58 stepping 9 microcode 0x21, cx8, cmov, fxsr, ht, mmx, sse, sse2, sse3, ssse3, sse4.1, sse4.2, popcnt, tsc, tscinvbit, avx, aes, erms, clmul, vzeroupper, clflush, hv

Memory: 4k page, system-wide physical 3961M (147M free)
TotalPageFile size 16249M (AvailPageFile size 2M)
current process WorkingSet (physical memory assigned to process): 80M, peak: 156M
current process commit charge ("private bytes"): 200M, peak: 222M

vm_info: OpenJDK 64-Bit Server VM (17.0.2+8-86) for windows-amd64 JRE (17.0.2+8-86), built on Dec  7 2021 21:49:10 by "mach5one" with MS VC++ 16.8 / 16.9 (VS2019)

END.
