#
# There is insufficient memory for the Java Runtime Environment to continue.
# Native memory allocation (malloc) failed to allocate 32744 bytes for ChunkPool::allocate
# Possible reasons:
#   The system is out of physical RAM or swap space
#   The process is running with CompressedOops enabled, and the Java Heap may be blocking the growth of the native heap
# Possible solutions:
#   Reduce memory load on the system
#   Increase physical memory or swap space
#   Check if swap backing store is full
#   Decrease Java heap size (-Xmx/-Xms)
#   Decrease number of Java threads
#   Decrease Java thread stack sizes (-Xss)
#   Set larger code cache with -XX:ReservedCodeCacheSize=
#   JVM is running with Unscaled Compressed Oops mode in which the Java heap is
#     placed in the first 4GB address space. The Java Heap base address is the
#     maximum limit for the native heap growth. Please use -XX:HeapBaseMinAddress
#     to set the Java Heap base and to place the Java Heap above 4GB virtual address.
# This output file may be truncated or incomplete.
#
#  Out of Memory Error (arena.cpp:78), pid=14640, tid=10600
#
# JRE version: OpenJDK Runtime Environment (17.0.2+8) (build 17.0.2+8-86)
# Java VM: OpenJDK 64-Bit Server VM (17.0.2+8-86, mixed mode, sharing, tiered, compressed oops, compressed class ptrs, g1 gc, windows-amd64)
# No core dump will be written. Minidumps are not enabled by default on client versions of Windows
#

---------------  S U M M A R Y ------------

Command Line: -Xmx64m -Xms64m -Dorg.gradle.appname=gradlew org.gradle.wrapper.GradleWrapperMain tasks

Host: Intel(R) Core(TM) i5-3230M CPU @ 2.60GHz, 4 cores, 3G,  Windows 10 , 64 bit Build 19041 (10.0.19041.3570)
Time: Fri Oct 27 23:52:11 2023 Pakistan Standard Time elapsed time: 26.604828 seconds (0d 0h 0m 26s)

---------------  T H R E A D  ---------------

Current thread (0x000001c2d1fd4010):  JavaThread "C1 CompilerThread0" daemon [_thread_in_native, id=10600, stack(0x000000841fb00000,0x000000841fc00000)]


Current CompileTask:
C1:  26605 1468       3       java.lang.invoke.VarHandleGuards::guard_LLL_Z (86 bytes)

Stack: [0x000000841fb00000,0x000000841fc00000]
Native frames: (J=compiled Java code, j=interpreted, Vv=VM code, C=native code)
V  [jvm.dll+0x670baa]
V  [jvm.dll+0x7cfcb4]
V  [jvm.dll+0x7d145e]
V  [jvm.dll+0x7d1ac3]
V  [jvm.dll+0x242bc5]
V  [jvm.dll+0xaa7c0]
V  [jvm.dll+0xaab0c]
V  [jvm.dll+0x11a5b5]
V  [jvm.dll+0x1779dd]
V  [jvm.dll+0x1785c3]
V  [jvm.dll+0x132833]
V  [jvm.dll+0x13212f]
V  [jvm.dll+0x132366]
V  [jvm.dll+0x1317fa]
V  [jvm.dll+0x1334c1]
V  [jvm.dll+0x224908]
V  [jvm.dll+0x222a6c]
V  [jvm.dll+0x7859bb]
V  [jvm.dll+0x77ff7a]
V  [jvm.dll+0x66fa35]
C  [ucrtbase.dll+0x21bb2]
C  [KERNEL32.DLL+0x17344]
C  [ntdll.dll+0x526b1]


---------------  P R O C E S S  ---------------

Threads class SMR info:
_java_thread_list=0x000001c2d3694cb0, length=13, elements={
0x000001c2b90f1030, 0x000001c2b91c3430, 0x000001c2b91c42a0, 0x000001c2d1f65550,
0x000001c2d1f66910, 0x000001c2d1f692d0, 0x000001c2d1f6cca0, 0x000001c2d1f6da30,
0x000001c2d1fd4010, 0x000001c2d1fdc600, 0x000001c2d2035a20, 0x000001c2d2037930,
0x000001c2d37195b0
}

Java Threads: ( => current thread )
  0x000001c2b90f1030 JavaThread "main" [_thread_in_Java, id=12244, stack(0x000000841ed00000,0x000000841ee00000)]
  0x000001c2b91c3430 JavaThread "Reference Handler" daemon [_thread_blocked, id=19660, stack(0x000000841f400000,0x000000841f500000)]
  0x000001c2b91c42a0 JavaThread "Finalizer" daemon [_thread_blocked, id=9016, stack(0x000000841f500000,0x000000841f600000)]
  0x000001c2d1f65550 JavaThread "Signal Dispatcher" daemon [_thread_blocked, id=19708, stack(0x000000841f600000,0x000000841f700000)]
  0x000001c2d1f66910 JavaThread "Attach Listener" daemon [_thread_blocked, id=19908, stack(0x000000841f700000,0x000000841f800000)]
  0x000001c2d1f692d0 JavaThread "Service Thread" daemon [_thread_blocked, id=19740, stack(0x000000841f800000,0x000000841f900000)]
  0x000001c2d1f6cca0 JavaThread "Monitor Deflation Thread" daemon [_thread_blocked, id=12224, stack(0x000000841f900000,0x000000841fa00000)]
  0x000001c2d1f6da30 JavaThread "C2 CompilerThread0" daemon [_thread_blocked, id=11956, stack(0x000000841fa00000,0x000000841fb00000)]
=>0x000001c2d1fd4010 JavaThread "C1 CompilerThread0" daemon [_thread_in_native, id=10600, stack(0x000000841fb00000,0x000000841fc00000)]
  0x000001c2d1fdc600 JavaThread "Sweeper thread" daemon [_thread_blocked, id=20072, stack(0x000000841fc00000,0x000000841fd00000)]
  0x000001c2d2035a20 JavaThread "Notification Thread" daemon [_thread_blocked, id=19932, stack(0x000000841fd00000,0x000000841fe00000)]
  0x000001c2d2037930 JavaThread "Common-Cleaner" daemon [_thread_blocked, id=8648, stack(0x000000841ff00000,0x0000008420000000)]
  0x000001c2d37195b0 JavaThread "pool-1-thread-1" [_thread_blocked, id=1956, stack(0x0000008420300000,0x0000008420400000)]

Other Threads:
  0x000001c2b91b8950 VMThread "VM Thread" [stack: 0x000000841f300000,0x000000841f400000] [id=9968]
  0x000001c2d2036f00 WatcherThread [stack: 0x000000841fe00000,0x000000841ff00000] [id=21188]
  0x000001c2b910ee80 GCTaskThread "GC Thread#0" [stack: 0x000000841ee00000,0x000000841ef00000] [id=11404]
  0x000001c2d30608c0 GCTaskThread "GC Thread#1" [stack: 0x0000008420000000,0x0000008420100000] [id=20988]
  0x000001c2d2ff8830 GCTaskThread "GC Thread#2" [stack: 0x0000008420100000,0x0000008420200000] [id=11872]
  0x000001c2d2ff8ae0 GCTaskThread "GC Thread#3" [stack: 0x0000008420200000,0x0000008420300000] [id=11580]
  0x000001c2b91105c0 ConcurrentGCThread "G1 Main Marker" [stack: 0x000000841ef00000,0x000000841f000000] [id=20524]
  0x000001c2b9110fd0 ConcurrentGCThread "G1 Conc#0" [stack: 0x000000841f000000,0x000000841f100000] [id=21428]
  0x000001c2b915c940 ConcurrentGCThread "G1 Refine#0" [stack: 0x000000841f100000,0x000000841f200000] [id=7908]
  0x000001c2b915d360 ConcurrentGCThread "G1 Service" [stack: 0x000000841f200000,0x000000841f300000] [id=12964]

Threads with active compile tasks:
C1 CompilerThread0    26760 1468       3       java.lang.invoke.VarHandleGuards::guard_LLL_Z (86 bytes)

VM state: not at safepoint (normal execution)

VM Mutex/Monitor currently owned by a thread: None

Heap address: 0x00000000fc000000, size: 64 MB, Compressed Oops mode: 32-bit

CDS archive(s) mapped at: [0x0000000800000000-0x0000000800bc0000-0x0000000800bc0000), size 12320768, SharedBaseAddress: 0x0000000800000000, ArchiveRelocationMode: 0.
Compressed class space mapped at: 0x0000000800c00000-0x0000000840c00000, reserved size: 1073741824
Narrow klass base: 0x0000000800000000, Narrow klass shift: 0, Narrow klass range: 0x100000000

GC Precious Log:
 CPUs: 4 total, 4 available
 Memory: 3961M
 Large Page Support: Disabled
 NUMA Support: Disabled
 Compressed Oops: Enabled (32-bit)
 Heap Region Size: 1M
 Heap Min Capacity: 64M
 Heap Initial Capacity: 64M
 Heap Max Capacity: 64M
 Pre-touch: Disabled
 Parallel Workers: 4
 Concurrent Workers: 1
 Concurrent Refinement Workers: 4
 Periodic GC: Disabled

Heap:
 garbage-first heap   total 65536K, used 24182K [0x00000000fc000000, 0x0000000100000000)
  region size 1024K, 18 young (18432K), 3 survivors (3072K)
 Metaspace       used 8225K, committed 8448K, reserved 1056768K
  class space    used 1078K, committed 1216K, reserved 1048576K

Heap Regions: E=young(eden), S=young(survivor), O=old, HS=humongous(starts), HC=humongous(continues), CS=collection set, F=free, OA=open archive, CA=closed archive, TAMS=top-at-mark-start (previous, next)
|   0|0x00000000fc000000, 0x00000000fc100000, 0x00000000fc100000|100%| O|  |TAMS 0x00000000fc000000, 0x00000000fc000000| Untracked 
|   1|0x00000000fc100000, 0x00000000fc200000, 0x00000000fc200000|100%| O|  |TAMS 0x00000000fc100000, 0x00000000fc100000| Untracked 
|   2|0x00000000fc200000, 0x00000000fc300000, 0x00000000fc300000|100%|HS|  |TAMS 0x00000000fc200000, 0x00000000fc200000| Complete 
|   3|0x00000000fc300000, 0x00000000fc400000, 0x00000000fc400000|100%|HC|  |TAMS 0x00000000fc300000, 0x00000000fc300000| Complete 
|   4|0x00000000fc400000, 0x00000000fc500000, 0x00000000fc500000|100%|HC|  |TAMS 0x00000000fc400000, 0x00000000fc400000| Complete 
|   5|0x00000000fc500000, 0x00000000fc600000, 0x00000000fc600000|100%|HC|  |TAMS 0x00000000fc500000, 0x00000000fc500000| Complete 
|   6|0x00000000fc600000, 0x00000000fc700000, 0x00000000fc700000|100%| O|  |TAMS 0x00000000fc600000, 0x00000000fc600000| Untracked 
|   7|0x00000000fc700000, 0x00000000fc79d800, 0x00000000fc800000| 61%| O|  |TAMS 0x00000000fc700000, 0x00000000fc700000| Untracked 
|   8|0x00000000fc800000, 0x00000000fc800000, 0x00000000fc900000|  0%| F|  |TAMS 0x00000000fc800000, 0x00000000fc800000| Untracked 
|   9|0x00000000fc900000, 0x00000000fc900000, 0x00000000fca00000|  0%| F|  |TAMS 0x00000000fc900000, 0x00000000fc900000| Untracked 
|  10|0x00000000fca00000, 0x00000000fca00000, 0x00000000fcb00000|  0%| F|  |TAMS 0x00000000fca00000, 0x00000000fca00000| Untracked 
|  11|0x00000000fcb00000, 0x00000000fcb00000, 0x00000000fcc00000|  0%| F|  |TAMS 0x00000000fcb00000, 0x00000000fcb00000| Untracked 
|  12|0x00000000fcc00000, 0x00000000fcc00000, 0x00000000fcd00000|  0%| F|  |TAMS 0x00000000fcc00000, 0x00000000fcc00000| Untracked 
|  13|0x00000000fcd00000, 0x00000000fcd00000, 0x00000000fce00000|  0%| F|  |TAMS 0x00000000fcd00000, 0x00000000fcd00000| Untracked 
|  14|0x00000000fce00000, 0x00000000fce00000, 0x00000000fcf00000|  0%| F|  |TAMS 0x00000000fce00000, 0x00000000fce00000| Untracked 
|  15|0x00000000fcf00000, 0x00000000fcf00000, 0x00000000fd000000|  0%| F|  |TAMS 0x00000000fcf00000, 0x00000000fcf00000| Untracked 
|  16|0x00000000fd000000, 0x00000000fd000000, 0x00000000fd100000|  0%| F|  |TAMS 0x00000000fd000000, 0x00000000fd000000| Untracked 
|  17|0x00000000fd100000, 0x00000000fd100000, 0x00000000fd200000|  0%| F|  |TAMS 0x00000000fd100000, 0x00000000fd100000| Untracked 
|  18|0x00000000fd200000, 0x00000000fd200000, 0x00000000fd300000|  0%| F|  |TAMS 0x00000000fd200000, 0x00000000fd200000| Untracked 
|  19|0x00000000fd300000, 0x00000000fd300000, 0x00000000fd400000|  0%| F|  |TAMS 0x00000000fd300000, 0x00000000fd300000| Untracked 
|  20|0x00000000fd400000, 0x00000000fd400000, 0x00000000fd500000|  0%| F|  |TAMS 0x00000000fd400000, 0x00000000fd400000| Untracked 
|  21|0x00000000fd500000, 0x00000000fd500000, 0x00000000fd600000|  0%| F|  |TAMS 0x00000000fd500000, 0x00000000fd500000| Untracked 
|  22|0x00000000fd600000, 0x00000000fd600000, 0x00000000fd700000|  0%| F|  |TAMS 0x00000000fd600000, 0x00000000fd600000| Untracked 
|  23|0x00000000fd700000, 0x00000000fd700000, 0x00000000fd800000|  0%| F|  |TAMS 0x00000000fd700000, 0x00000000fd700000| Untracked 
|  24|0x00000000fd800000, 0x00000000fd800000, 0x00000000fd900000|  0%| F|  |TAMS 0x00000000fd800000, 0x00000000fd800000| Untracked 
|  25|0x00000000fd900000, 0x00000000fd900000, 0x00000000fda00000|  0%| F|  |TAMS 0x00000000fd900000, 0x00000000fd900000| Untracked 
|  26|0x00000000fda00000, 0x00000000fda00000, 0x00000000fdb00000|  0%| F|  |TAMS 0x00000000fda00000, 0x00000000fda00000| Untracked 
|  27|0x00000000fdb00000, 0x00000000fdb00000, 0x00000000fdc00000|  0%| F|  |TAMS 0x00000000fdb00000, 0x00000000fdb00000| Untracked 
|  28|0x00000000fdc00000, 0x00000000fdc00000, 0x00000000fdd00000|  0%| F|  |TAMS 0x00000000fdc00000, 0x00000000fdc00000| Untracked 
|  29|0x00000000fdd00000, 0x00000000fdd00000, 0x00000000fde00000|  0%| F|  |TAMS 0x00000000fdd00000, 0x00000000fdd00000| Untracked 
|  30|0x00000000fde00000, 0x00000000fde00000, 0x00000000fdf00000|  0%| F|  |TAMS 0x00000000fde00000, 0x00000000fde00000| Untracked 
|  31|0x00000000fdf00000, 0x00000000fdf00000, 0x00000000fe000000|  0%| F|  |TAMS 0x00000000fdf00000, 0x00000000fdf00000| Untracked 
|  32|0x00000000fe000000, 0x00000000fe000000, 0x00000000fe100000|  0%| F|  |TAMS 0x00000000fe000000, 0x00000000fe000000| Untracked 
|  33|0x00000000fe100000, 0x00000000fe100000, 0x00000000fe200000|  0%| F|  |TAMS 0x00000000fe100000, 0x00000000fe100000| Untracked 
|  34|0x00000000fe200000, 0x00000000fe200000, 0x00000000fe300000|  0%| F|  |TAMS 0x00000000fe200000, 0x00000000fe200000| Untracked 
|  35|0x00000000fe300000, 0x00000000fe300000, 0x00000000fe400000|  0%| F|  |TAMS 0x00000000fe300000, 0x00000000fe300000| Untracked 
|  36|0x00000000fe400000, 0x00000000fe400000, 0x00000000fe500000|  0%| F|  |TAMS 0x00000000fe400000, 0x00000000fe400000| Untracked 
|  37|0x00000000fe500000, 0x00000000fe500000, 0x00000000fe600000|  0%| F|  |TAMS 0x00000000fe500000, 0x00000000fe500000| Untracked 
|  38|0x00000000fe600000, 0x00000000fe600000, 0x00000000fe700000|  0%| F|  |TAMS 0x00000000fe600000, 0x00000000fe600000| Untracked 
|  39|0x00000000fe700000, 0x00000000fe700000, 0x00000000fe800000|  0%| F|  |TAMS 0x00000000fe700000, 0x00000000fe700000| Untracked 
|  40|0x00000000fe800000, 0x00000000fe800000, 0x00000000fe900000|  0%| F|  |TAMS 0x00000000fe800000, 0x00000000fe800000| Untracked 
|  41|0x00000000fe900000, 0x00000000fe900000, 0x00000000fea00000|  0%| F|  |TAMS 0x00000000fe900000, 0x00000000fe900000| Untracked 
|  42|0x00000000fea00000, 0x00000000fea00000, 0x00000000feb00000|  0%| F|  |TAMS 0x00000000fea00000, 0x00000000fea00000| Untracked 
|  43|0x00000000feb00000, 0x00000000feb00000, 0x00000000fec00000|  0%| F|  |TAMS 0x00000000feb00000, 0x00000000feb00000| Untracked 
|  44|0x00000000fec00000, 0x00000000fed00000, 0x00000000fed00000|100%| S|CS|TAMS 0x00000000fec00000, 0x00000000fec00000| Complete 
|  45|0x00000000fed00000, 0x00000000fee00000, 0x00000000fee00000|100%| S|CS|TAMS 0x00000000fed00000, 0x00000000fed00000| Complete 
|  46|0x00000000fee00000, 0x00000000fef00000, 0x00000000fef00000|100%| S|CS|TAMS 0x00000000fee00000, 0x00000000fee00000| Complete 
|  47|0x00000000fef00000, 0x00000000fef00000, 0x00000000ff000000|  0%| F|  |TAMS 0x00000000fef00000, 0x00000000fef00000| Untracked 
|  48|0x00000000ff000000, 0x00000000ff000000, 0x00000000ff100000|  0%| F|  |TAMS 0x00000000ff000000, 0x00000000ff000000| Untracked 
|  49|0x00000000ff100000, 0x00000000ff140f50, 0x00000000ff200000| 25%| E|  |TAMS 0x00000000ff100000, 0x00000000ff100000| Complete 
|  50|0x00000000ff200000, 0x00000000ff300000, 0x00000000ff300000|100%| E|CS|TAMS 0x00000000ff200000, 0x00000000ff200000| Complete 
|  51|0x00000000ff300000, 0x00000000ff400000, 0x00000000ff400000|100%| E|CS|TAMS 0x00000000ff300000, 0x00000000ff300000| Complete 
|  52|0x00000000ff400000, 0x00000000ff500000, 0x00000000ff500000|100%| E|CS|TAMS 0x00000000ff400000, 0x00000000ff400000| Complete 
|  53|0x00000000ff500000, 0x00000000ff600000, 0x00000000ff600000|100%| E|CS|TAMS 0x00000000ff500000, 0x00000000ff500000| Complete 
|  54|0x00000000ff600000, 0x00000000ff700000, 0x00000000ff700000|100%| E|  |TAMS 0x00000000ff600000, 0x00000000ff600000| Complete 
|  55|0x00000000ff700000, 0x00000000ff800000, 0x00000000ff800000|100%| E|CS|TAMS 0x00000000ff700000, 0x00000000ff700000| Complete 
|  56|0x00000000ff800000, 0x00000000ff900000, 0x00000000ff900000|100%| E|CS|TAMS 0x00000000ff800000, 0x00000000ff800000| Complete 
|  57|0x00000000ff900000, 0x00000000ffa00000, 0x00000000ffa00000|100%| E|CS|TAMS 0x00000000ff900000, 0x00000000ff900000| Complete 
|  58|0x00000000ffa00000, 0x00000000ffb00000, 0x00000000ffb00000|100%| E|CS|TAMS 0x00000000ffa00000, 0x00000000ffa00000| Complete 
|  59|0x00000000ffb00000, 0x00000000ffc00000, 0x00000000ffc00000|100%| E|CS|TAMS 0x00000000ffb00000, 0x00000000ffb00000| Complete 
|  60|0x00000000ffc00000, 0x00000000ffd00000, 0x00000000ffd00000|100%| E|CS|TAMS 0x00000000ffc00000, 0x00000000ffc00000| Complete 
|  61|0x00000000ffd00000, 0x00000000ffe00000, 0x00000000ffe00000|100%| E|CS|TAMS 0x00000000ffd00000, 0x00000000ffd00000| Complete 
|  62|0x00000000ffe00000, 0x00000000fff00000, 0x00000000fff00000|100%| E|CS|TAMS 0x00000000ffe00000, 0x00000000ffe00000| Complete 
|  63|0x00000000fff00000, 0x0000000100000000, 0x0000000100000000|100%| E|CS|TAMS 0x00000000fff00000, 0x00000000fff00000| Complete 

Card table byte_map: [0x000001c2b8f10000,0x000001c2b8f30000] _byte_map_base: 0x000001c2b8730000

Marking Bits (Prev, Next): (CMBitMap*) 0x000001c2b910f490, (CMBitMap*) 0x000001c2b910f4d0
 Prev Bits: [0x000001c2b8f50000, 0x000001c2b9050000)
 Next Bits: [0x000001c2cf940000, 0x000001c2cfa40000)

Polling page: 0x000001c2b70e0000

Metaspace:

Usage:
  Non-class:      6.98 MB used.
      Class:      1.05 MB used.
       Both:      8.03 MB used.

Virtual space:
  Non-class space:        8.00 MB reserved,       7.06 MB ( 88%) committed,  1 nodes.
      Class space:        1.00 GB reserved,       1.19 MB ( <1%) committed,  1 nodes.
             Both:        1.01 GB reserved,       8.25 MB ( <1%) committed. 

Chunk freelists:
   Non-Class:  400.00 KB
       Class:  2.68 MB
        Both:  3.07 MB

MaxMetaspaceSize: unlimited
CompressedClassSpaceSize: 1.00 GB
Initial GC threshold: 21.00 MB
Current GC threshold: 21.00 MB
CDS: on
MetaspaceReclaimPolicy: balanced
 - commit_granule_bytes: 65536.
 - commit_granule_words: 8192.
 - virtual_space_node_default_size: 1048576.
 - enlarge_chunks_in_place: 1.
 - new_chunks_are_fully_committed: 0.
 - uncommit_free_chunks: 1.
 - use_allocation_guard: 0.
 - handle_deallocations: 1.


Internal statistics:

num_allocs_failed_limit: 0.
num_arena_births: 86.
num_arena_deaths: 0.
num_vsnodes_births: 2.
num_vsnodes_deaths: 0.
num_space_committed: 132.
num_space_uncommitted: 0.
num_chunks_returned_to_freelist: 0.
num_chunks_taken_from_freelist: 296.
num_chunk_merges: 0.
num_chunk_splits: 199.
num_chunks_enlarged: 166.
num_purges: 0.
num_inconsistent_stats: 0.

CodeHeap 'non-profiled nmethods': size=120000Kb used=582Kb max_used=582Kb free=119417Kb
 bounds [0x000001c2c8410000, 0x000001c2c8680000, 0x000001c2cf940000]
CodeHeap 'profiled nmethods': size=120000Kb used=2925Kb max_used=2925Kb free=117074Kb
 bounds [0x000001c2c0ee0000, 0x000001c2c11c0000, 0x000001c2c8410000]
CodeHeap 'non-nmethods': size=5760Kb used=1171Kb max_used=1183Kb free=4588Kb
 bounds [0x000001c2c0940000, 0x000001c2c0bb0000, 0x000001c2c0ee0000]
 total_blobs=1928 nmethods=1459 adapters=382
 compilation: enabled
              stopped_count=0, restarted_count=0
 full_count=0

Compilation events (20 events):
Event: 24.874 Thread 0x000001c2d1fd4010 nmethod 1458 0x000001c2c84a0e10 code [0x000001c2c84a0fa0, 0x000001c2c84a1078]
Event: 24.963 Thread 0x000001c2d1fd4010 1459       3       jdk.internal.misc.Unsafe::putReferenceOpaque (9 bytes)
Event: 24.963 Thread 0x000001c2d1fd4010 nmethod 1459 0x000001c2c11b9010 code [0x000001c2c11b91a0, 0x000001c2c11b92f8]
Event: 24.967 Thread 0x000001c2d1fd4010 1460       3       java.util.concurrent.ScheduledThreadPoolExecutor$DelayedWorkQueue::setIndex (16 bytes)
Event: 24.967 Thread 0x000001c2d1fd4010 nmethod 1460 0x000001c2c11b9390 code [0x000001c2c11b9540, 0x000001c2c11b9858]
Event: 24.967 Thread 0x000001c2d1fd4010 1461       1       org.gradle.internal.logging.console.ThrottlingOutputEventListener::access$000 (5 bytes)
Event: 24.968 Thread 0x000001c2d1fd4010 nmethod 1461 0x000001c2c84a1110 code [0x000001c2c84a12a0, 0x000001c2c84a1358]
Event: 24.968 Thread 0x000001c2d1fd4010 1462       1       org.gradle.internal.logging.events.UpdateNowEvent::getLogLevel (2 bytes)
Event: 24.968 Thread 0x000001c2d1fd4010 nmethod 1462 0x000001c2c84a1410 code [0x000001c2c84a15a0, 0x000001c2c84a1678]
Event: 24.968 Thread 0x000001c2d1fd4010 1463       3       java.util.concurrent.TimeUnit::toNanos (45 bytes)
Event: 24.968 Thread 0x000001c2d1fd4010 nmethod 1463 0x000001c2c11b9910 code [0x000001c2c11b9ac0, 0x000001c2c11b9d38]
Event: 25.071 Thread 0x000001c2d1fd4010 1464       3       java.util.concurrent.TimeUnit::convert (77 bytes)
Event: 25.071 Thread 0x000001c2d1fd4010 nmethod 1464 0x000001c2c11b9e10 code [0x000001c2c11ba020, 0x000001c2c11ba3e8]
Event: 25.071 Thread 0x000001c2d1fd4010 1465       3       java.util.concurrent.locks.LockSupport::setBlocker (12 bytes)
Event: 25.071 Thread 0x000001c2d1fd4010 nmethod 1465 0x000001c2c11ba590 code [0x000001c2c11ba740, 0x000001c2c11ba948]
Event: 25.176 Thread 0x000001c2d1fd4010 1466       3       java.util.concurrent.locks.AbstractQueuedSynchronizer$ConditionObject::canReacquire (28 bytes)
Event: 25.177 Thread 0x000001c2d1fd4010 nmethod 1466 0x000001c2c11baa10 code [0x000001c2c11babc0, 0x000001c2c11baf18]
Event: 25.926 Thread 0x000001c2d1fd4010 1467       3       java.util.regex.Matcher::getTextLength (10 bytes)
Event: 25.926 Thread 0x000001c2d1fd4010 nmethod 1467 0x000001c2c11bb090 code [0x000001c2c11bb240, 0x000001c2c11bb408]
Event: 26.463 Thread 0x000001c2d1fd4010 1468       3       java.lang.invoke.VarHandleGuards::guard_LLL_Z (86 bytes)

GC Heap History (4 events):
Event: 6.002 GC heap before
{Heap before GC invocations=0 (full 0):
 garbage-first heap   total 65536K, used 12288K [0x00000000fc000000, 0x0000000100000000)
  region size 1024K, 13 young (13312K), 0 survivors (0K)
 Metaspace       used 1763K, committed 1920K, reserved 1056768K
  class space    used 160K, committed 192K, reserved 1048576K
}
Event: 6.185 GC heap after
{Heap after GC invocations=1 (full 0):
 garbage-first heap   total 65536K, used 3424K [0x00000000fc000000, 0x0000000100000000)
  region size 1024K, 2 young (2048K), 2 survivors (2048K)
 Metaspace       used 1763K, committed 1920K, reserved 1056768K
  class space    used 160K, committed 192K, reserved 1048576K
}
Event: 12.868 GC heap before
{Heap before GC invocations=1 (full 0):
 garbage-first heap   total 65536K, used 22880K [0x00000000fc000000, 0x0000000100000000)
  region size 1024K, 17 young (17408K), 2 survivors (2048K)
 Metaspace       used 5127K, committed 5312K, reserved 1056768K
  class space    used 689K, committed 768K, reserved 1048576K
}
Event: 12.873 GC heap after
{Heap after GC invocations=2 (full 0):
 garbage-first heap   total 65536K, used 10870K [0x00000000fc000000, 0x0000000100000000)
  region size 1024K, 3 young (3072K), 3 survivors (3072K)
 Metaspace       used 5127K, committed 5312K, reserved 1056768K
  class space    used 689K, committed 768K, reserved 1048576K
}

Deoptimization events (20 events):
Event: 18.694 Thread 0x000001c2d2ccf840 Uncommon trap: trap_request=0xffffff45 fr.pc=0x000001c2c844dc0c relative=0x00000000000004cc
Event: 18.694 Thread 0x000001c2d2ccf840 Uncommon trap: reason=unstable_if action=reinterpret pc=0x000001c2c844dc0c method=java.lang.AbstractStringBuilder.putStringAt(ILjava/lang/String;II)V @ 8 c2
Event: 18.694 Thread 0x000001c2d2ccf840 DEOPT PACKING pc=0x000001c2c844dc0c sp=0x00000084204ff1d0
Event: 18.694 Thread 0x000001c2d2ccf840 DEOPT UNPACKING pc=0x000001c2c09923a3 sp=0x00000084204ff058 mode 2
Event: 18.694 Thread 0x000001c2d2ccf840 Uncommon trap: trap_request=0xffffff45 fr.pc=0x000001c2c8446c80 relative=0x00000000000004c0
Event: 18.694 Thread 0x000001c2d2ccf840 Uncommon trap: reason=unstable_if action=reinterpret pc=0x000001c2c8446c80 method=java.lang.AbstractStringBuilder.putStringAt(ILjava/lang/String;II)V @ 8 c2
Event: 18.694 Thread 0x000001c2d2ccf840 DEOPT PACKING pc=0x000001c2c8446c80 sp=0x00000084204ff160
Event: 18.694 Thread 0x000001c2d2ccf840 DEOPT UNPACKING pc=0x000001c2c09923a3 sp=0x00000084204ff050 mode 2
Event: 18.694 Thread 0x000001c2d2ccf840 Uncommon trap: trap_request=0xffffff45 fr.pc=0x000001c2c84247dc relative=0x000000000000005c
Event: 18.694 Thread 0x000001c2d2ccf840 Uncommon trap: reason=unstable_if action=reinterpret pc=0x000001c2c84247dc method=java.lang.AbstractStringBuilder.isLatin1()Z @ 10 c2
Event: 18.695 Thread 0x000001c2d2ccf840 DEOPT PACKING pc=0x000001c2c84247dc sp=0x00000084204feff0
Event: 18.695 Thread 0x000001c2d2ccf840 DEOPT UNPACKING pc=0x000001c2c09923a3 sp=0x00000084204fef80 mode 2
Event: 18.695 Thread 0x000001c2d2ccf840 Uncommon trap: trap_request=0xffffff45 fr.pc=0x000001c2c847f05c relative=0x00000000000003bc
Event: 18.695 Thread 0x000001c2d2ccf840 Uncommon trap: reason=unstable_if action=reinterpret pc=0x000001c2c847f05c method=java.lang.AbstractStringBuilder.isLatin1()Z @ 10 c2
Event: 18.695 Thread 0x000001c2d2ccf840 DEOPT PACKING pc=0x000001c2c847f05c sp=0x00000084204ff1e0
Event: 18.695 Thread 0x000001c2d2ccf840 DEOPT UNPACKING pc=0x000001c2c09923a3 sp=0x00000084204ff160 mode 2
Event: 24.802 Thread 0x000001c2d2ccf840 Uncommon trap: trap_request=0xffffff45 fr.pc=0x000001c2c841d600 relative=0x0000000000000080
Event: 24.802 Thread 0x000001c2d2ccf840 Uncommon trap: reason=unstable_if action=reinterpret pc=0x000001c2c841d600 method=java.lang.String.codePointAt(I)I @ 4 c2
Event: 24.802 Thread 0x000001c2d2ccf840 DEOPT PACKING pc=0x000001c2c841d600 sp=0x00000084204ff170
Event: 24.802 Thread 0x000001c2d2ccf840 DEOPT UNPACKING pc=0x000001c2c09923a3 sp=0x00000084204ff108 mode 2

Classes unloaded (0 events):
No events

Classes redefined (0 events):
No events

Internal exceptions (20 events):
Event: 11.224 Thread 0x000001c2b90f1030 Exception <a 'java/lang/NoSuchMethodError'{0x00000000ff717c18}: 'void java.lang.invoke.DirectMethodHandle$Holder.invokeStatic(java.lang.Object, java.lang.Object)'> (0x00000000ff717c18) 
thrown [t:\workspace\open\src\hotspot\share\interpreter\linkResolver.cpp, line 766]
Event: 11.668 Thread 0x000001c2b90f1030 Exception <a 'java/lang/NoClassDefFoundError'{0x00000000ff79ec30}: org/slf4j/impl/StaticMarkerBinder> (0x00000000ff79ec30) 
thrown [t:\workspace\open\src\hotspot\share\classfile\systemDictionary.cpp, line 245]
Event: 11.774 Thread 0x000001c2b90f1030 Exception <a 'java/lang/NoSuchMethodError'{0x00000000ff63d078}: 'java.lang.Object java.lang.invoke.DirectMethodHandle$Holder.invokeVirtual(java.lang.Object, java.lang.Object, java.lang.Object, java.lang.Object, java.lang.Object, java.lang.Object, java.lang.Object)'> (0x00000000ff63d078) 
thrown [t:\workspace\open\src\hotspot\share\interpreter\linkResolver.cpp, line 766]
Event: 11.779 Thread 0x000001c2b90f1030 Exception <a 'java/lang/NoSuchMethodError'{0x00000000ff64eee8}: 'java.lang.Object java.lang.invoke.Invokers$Holder.invoker(java.lang.Object, java.lang.Object, java.lang.Object)'> (0x00000000ff64eee8) 
thrown [t:\workspace\open\src\hotspot\share\interpreter\linkResolver.cpp, line 766]
Event: 11.788 Thread 0x000001c2b90f1030 Exception <a 'java/lang/NoSuchMethodError'{0x00000000ff657fb8}: 'java.lang.Object java.lang.invoke.DirectMethodHandle$Holder.invokeStatic(java.lang.Object, java.lang.Object, int)'> (0x00000000ff657fb8) 
thrown [t:\workspace\open\src\hotspot\share\interpreter\linkResolver.cpp, line 766]
Event: 11.794 Thread 0x000001c2b90f1030 Exception <a 'java/lang/NoSuchMethodError'{0x00000000ff663ca8}: 'void java.lang.invoke.DelegatingMethodHandle$Holder.delegate(java.lang.Object, java.lang.Object, int, java.lang.Object)'> (0x00000000ff663ca8) 
thrown [t:\workspace\open\src\hotspot\share\interpreter\linkResolver.cpp, line 766]
Event: 11.866 Thread 0x000001c2b90f1030 Exception <a 'java/lang/NoSuchMethodError'{0x00000000ff667df0}: 'int java.lang.invoke.DirectMethodHandle$Holder.invokeSpecial(java.lang.Object, java.lang.Object, java.lang.Object)'> (0x00000000ff667df0) 
thrown [t:\workspace\open\src\hotspot\share\interpreter\linkResolver.cpp, line 766]
Event: 11.888 Thread 0x000001c2b90f1030 Exception <a 'java/lang/NoSuchMethodError'{0x00000000ff67af38}: 'java.lang.Object java.lang.invoke.Invokers$Holder.invokeExact_MT(java.lang.Object, java.lang.Object, java.lang.Object, java.lang.Object)'> (0x00000000ff67af38) 
thrown [t:\workspace\open\src\hotspot\share\interpreter\linkResolver.cpp, line 766]
Event: 12.686 Thread 0x000001c2b90f1030 Exception <a 'java/lang/NoSuchMethodError'{0x00000000ff0a5bd0}: 'void java.lang.invoke.DirectMethodHandle$Holder.invokeSpecial(java.lang.Object, java.lang.Object, java.lang.Object)'> (0x00000000ff0a5bd0) 
thrown [t:\workspace\open\src\hotspot\share\interpreter\linkResolver.cpp, line 766]
Event: 12.723 Thread 0x000001c2b90f1030 Implicit null exception at 0x000001c2c845fc8c to 0x000001c2c8460198
Event: 12.723 Thread 0x000001c2b90f1030 Implicit null exception at 0x000001c2c845338f to 0x000001c2c84538ac
Event: 12.906 Thread 0x000001c2b90f1030 Exception <a 'java/lang/NoSuchMethodError'{0x00000000fff46458}: 'java.lang.Object java.lang.invoke.DirectMethodHandle$Holder.invokeStaticInit(java.lang.Object)'> (0x00000000fff46458) 
thrown [t:\workspace\open\src\hotspot\share\interpreter\linkResolver.cpp, line 766]
Event: 14.232 Thread 0x000001c2b90f1030 Exception <a 'java/lang/NoSuchMethodError'{0x00000000ffb7fc18}: 'java.lang.Object java.lang.invoke.DirectMethodHandle$Holder.invokeStaticInit(java.lang.Object, int, int, int, int)'> (0x00000000ffb7fc18) 
thrown [t:\workspace\open\src\hotspot\share\interpreter\linkResolver.cpp, line 766]
Event: 15.266 Thread 0x000001c2b90f1030 Exception <a 'java/lang/NoSuchMethodError'{0x00000000ffbe7ba8}: 'java.lang.Object java.lang.invoke.DirectMethodHandle$Holder.invokeStaticInit(java.lang.Object, java.lang.Object, int, int, int, int)'> (0x00000000ffbe7ba8) 
thrown [t:\workspace\open\src\hotspot\share\interpreter\linkResolver.cpp, line 766]
Event: 16.508 Thread 0x000001c2b90f1030 Exception <a 'java/lang/NoSuchMethodError'{0x00000000ffa14b90}: 'void java.lang.invoke.DirectMethodHandle$Holder.invokeStatic(java.lang.Object, java.lang.Object, java.lang.Object)'> (0x00000000ffa14b90) 
thrown [t:\workspace\open\src\hotspot\share\interpreter\linkResolver.cpp, line 766]
Event: 18.450 Thread 0x000001c2d2ccf840 Exception <a 'java/lang/NoSuchMethodError'{0x00000000ff206ec0}: 'void java.lang.invoke.DirectMethodHandle$Holder.invokeStatic(java.lang.Object, long)'> (0x00000000ff206ec0) 
thrown [t:\workspace\open\src\hotspot\share\interpreter\linkResolver.cpp, line 766]
Event: 18.451 Thread 0x000001c2d2ccf840 Exception <a 'java/lang/NoSuchMethodError'{0x00000000ff20c570}: 'java.lang.Object java.lang.invoke.DirectMethodHandle$Holder.newInvokeSpecial(java.lang.Object, long)'> (0x00000000ff20c570) 
thrown [t:\workspace\open\src\hotspot\share\interpreter\linkResolver.cpp, line 766]
Event: 18.459 Thread 0x000001c2d2ccf840 Exception <a 'java/lang/NoSuchMethodError'{0x00000000ff217118}: 'java.lang.Object java.lang.invoke.DirectMethodHandle$Holder.invokeStaticInit(java.lang.Object, java.lang.Object, long, java.lang.Object)'> (0x00000000ff217118) 
thrown [t:\workspace\open\src\hotspot\share\interpreter\linkResolver.cpp, line 766]
Event: 18.461 Thread 0x000001c2d2ccf840 Exception <a 'java/lang/NoSuchMethodError'{0x00000000ff21d7a0}: 'java.lang.Object java.lang.invoke.DirectMethodHandle$Holder.newInvokeSpecial(java.lang.Object, java.lang.Object, long)'> (0x00000000ff21d7a0) 
thrown [t:\workspace\open\src\hotspot\share\interpreter\linkResolver.cpp, line 766]
Event: 18.462 Thread 0x000001c2d2ccf840 Exception <a 'java/lang/NoSuchMethodError'{0x00000000ff221a90}: 'java.lang.Object java.lang.invoke.Invokers$Holder.linkToTargetMethod(java.lang.Object, long, java.lang.Object)'> (0x00000000ff221a90) 
thrown [t:\workspace\open\src\hotspot\share\interpreter\linkResolver.cpp, line 766]

VM Operations (20 events):
Event: 12.868 Executing VM operation: G1CollectForAllocation
Event: 12.874 Executing VM operation: G1CollectForAllocation done
Event: 13.568 Executing VM operation: HandshakeAllThreads
Event: 13.568 Executing VM operation: HandshakeAllThreads done
Event: 14.574 Executing VM operation: Cleanup
Event: 14.574 Executing VM operation: Cleanup done
Event: 15.107 Executing VM operation: HandshakeAllThreads
Event: 15.107 Executing VM operation: HandshakeAllThreads done
Event: 16.108 Executing VM operation: Cleanup
Event: 16.119 Executing VM operation: Cleanup done
Event: 16.703 Executing VM operation: HandshakeAllThreads
Event: 16.703 Executing VM operation: HandshakeAllThreads done
Event: 17.699 Executing VM operation: Cleanup
Event: 17.699 Executing VM operation: Cleanup done
Event: 18.490 Executing VM operation: HandshakeAllThreads
Event: 18.689 Executing VM operation: HandshakeAllThreads done
Event: 19.699 Executing VM operation: Cleanup
Event: 19.699 Executing VM operation: Cleanup done
Event: 25.759 Executing VM operation: Cleanup
Event: 25.760 Executing VM operation: Cleanup done

Events (20 events):
Event: 18.464 loading class jdk/internal/event/Event
Event: 18.466 loading class jdk/internal/event/Event done
Event: 18.466 loading class jdk/internal/event/ProcessStartEvent done
Event: 18.468 Thread 0x000001c2d354efa0 Thread added: 0x000001c2d354efa0
Event: 18.470 loading class java/util/concurrent/locks/AbstractQueuedSynchronizer$ExclusiveNode
Event: 18.470 loading class java/util/concurrent/locks/AbstractQueuedSynchronizer$ExclusiveNode done
Event: 18.471 Thread 0x000001c2d3551480 Thread added: 0x000001c2d3551480
Event: 18.472 loading class java/util/Scanner
Event: 18.474 loading class java/util/Scanner done
Event: 18.477 loading class java/util/Scanner$PatternLRUCache
Event: 18.477 loading class java/util/Scanner$PatternLRUCache done
Event: 18.481 loading class sun/text/resources/cldr/FormatData_en
Event: 18.482 loading class sun/text/resources/cldr/FormatData_en done
Event: 18.482 loading class sun/text/resources/cldr/FormatData_en_US
Event: 18.482 loading class sun/text/resources/cldr/FormatData_en_US done
Event: 18.680 Thread 0x000001c2d354efa0 Thread exited: 0x000001c2d354efa0
Event: 18.695 loading class java/io/PrintWriter
Event: 18.696 loading class java/io/PrintWriter done
Event: 24.803 loading class java/util/regex/Matcher$ImmutableMatchResult
Event: 24.812 loading class java/util/regex/Matcher$ImmutableMatchResult done


Dynamic libraries:
0x00007ff6c6570000 - 0x00007ff6c657e000 	E:\jdk-17.0.2\bin\java.exe
0x00007ffaa7bf0000 - 0x00007ffaa7de7000 	C:\WINDOWS\SYSTEM32\ntdll.dll
0x00007ffaa6620000 - 0x00007ffaa66dd000 	C:\WINDOWS\System32\KERNEL32.DLL
0x00007ffaa53d0000 - 0x00007ffaa56c6000 	C:\WINDOWS\System32\KERNELBASE.dll
0x00007ffaa52d0000 - 0x00007ffaa53d0000 	C:\WINDOWS\System32\ucrtbase.dll
0x00007ffa912e0000 - 0x00007ffa912f8000 	E:\jdk-17.0.2\bin\jli.dll
0x00007ffa912c0000 - 0x00007ffa912da000 	E:\jdk-17.0.2\bin\VCRUNTIME140.dll
0x00007ffaa6cf0000 - 0x00007ffaa6e8e000 	C:\WINDOWS\System32\USER32.dll
0x00007ffaa5780000 - 0x00007ffaa57a2000 	C:\WINDOWS\System32\win32u.dll
0x00007ffaa71d0000 - 0x00007ffaa71fc000 	C:\WINDOWS\System32\GDI32.dll
0x00007ffaa5850000 - 0x00007ffaa596a000 	C:\WINDOWS\System32\gdi32full.dll
0x00007ffaa57b0000 - 0x00007ffaa584d000 	C:\WINDOWS\System32\msvcp_win.dll
0x00007ffa97110000 - 0x00007ffa973aa000 	C:\WINDOWS\WinSxS\amd64_microsoft.windows.common-controls_6595b64144ccf1df_6.0.19041.3570_none_60bb2a3971f3e41a\COMCTL32.dll
0x00007ffaa6180000 - 0x00007ffaa621e000 	C:\WINDOWS\System32\msvcrt.dll
0x00007ffaa6f80000 - 0x00007ffaa6fb0000 	C:\WINDOWS\System32\IMM32.DLL
0x00007ffa912b0000 - 0x00007ffa912bc000 	E:\jdk-17.0.2\bin\vcruntime140_1.dll
0x00007ffa7e760000 - 0x00007ffa7e7ed000 	E:\jdk-17.0.2\bin\msvcp140.dll
0x00007ffa44850000 - 0x00007ffa45411000 	E:\jdk-17.0.2\bin\server\jvm.dll
0x00007ffaa6b60000 - 0x00007ffaa6c0e000 	C:\WINDOWS\System32\ADVAPI32.dll
0x00007ffaa5cd0000 - 0x00007ffaa5d6c000 	C:\WINDOWS\System32\sechost.dll
0x00007ffaa6340000 - 0x00007ffaa6466000 	C:\WINDOWS\System32\RPCRT4.dll
0x00007ffaa6b50000 - 0x00007ffaa6b58000 	C:\WINDOWS\System32\PSAPI.DLL
0x00007ffa912a0000 - 0x00007ffa912a9000 	C:\WINDOWS\SYSTEM32\WSOCK32.dll
0x00007ffa94f80000 - 0x00007ffa94f8a000 	C:\WINDOWS\SYSTEM32\VERSION.dll
0x00007ffa92980000 - 0x00007ffa929a7000 	C:\WINDOWS\SYSTEM32\WINMM.dll
0x00007ffaa7040000 - 0x00007ffaa70ab000 	C:\WINDOWS\System32\WS2_32.dll
0x00007ffaa3050000 - 0x00007ffaa3062000 	C:\WINDOWS\SYSTEM32\kernel.appcore.dll
0x00007ffa91290000 - 0x00007ffa9129a000 	E:\jdk-17.0.2\bin\jimage.dll
0x00007ffa93370000 - 0x00007ffa93554000 	C:\WINDOWS\SYSTEM32\DBGHELP.DLL
0x00007ffa93310000 - 0x00007ffa93344000 	C:\WINDOWS\SYSTEM32\dbgcore.DLL
0x00007ffaa5b70000 - 0x00007ffaa5bf2000 	C:\WINDOWS\System32\bcryptPrimitives.dll
0x00007ffa7e730000 - 0x00007ffa7e755000 	E:\jdk-17.0.2\bin\java.dll
0x00007ffa44770000 - 0x00007ffa44846000 	E:\jdk-17.0.2\bin\jsvml.dll
0x00007ffaa7260000 - 0x00007ffaa79a4000 	C:\WINDOWS\System32\SHELL32.dll
0x00007ffaa3330000 - 0x00007ffaa3acb000 	C:\WINDOWS\SYSTEM32\windows.storage.dll
0x00007ffaa5e20000 - 0x00007ffaa6174000 	C:\WINDOWS\System32\combase.dll
0x00007ffaa4c30000 - 0x00007ffaa4c5d000 	C:\WINDOWS\SYSTEM32\Wldp.dll
0x00007ffaa5d70000 - 0x00007ffaa5e1d000 	C:\WINDOWS\System32\SHCORE.dll
0x00007ffaa6f00000 - 0x00007ffaa6f55000 	C:\WINDOWS\System32\shlwapi.dll
0x00007ffaa5200000 - 0x00007ffaa5225000 	C:\WINDOWS\SYSTEM32\profapi.dll
0x00007ffa7e710000 - 0x00007ffa7e729000 	E:\jdk-17.0.2\bin\net.dll
0x00007ffa9a510000 - 0x00007ffa9a61a000 	C:\WINDOWS\SYSTEM32\WINHTTP.dll
0x00007ffaa4a10000 - 0x00007ffaa4a7a000 	C:\WINDOWS\system32\mswsock.dll
0x00007ffa7e6f0000 - 0x00007ffa7e706000 	E:\jdk-17.0.2\bin\nio.dll
0x00007ffa7e6d0000 - 0x00007ffa7e6e8000 	E:\jdk-17.0.2\bin\zip.dll
0x00007ffaa0d90000 - 0x00007ffaa0da0000 	E:\jdk-17.0.2\bin\verify.dll
0x00007ffaa0cd0000 - 0x00007ffaa0cf7000 	C:\Users\Smart tech\.gradle\native\68d5fa5c4cc2d200863cafc0d521ce42e7d3e7ee720ec0a83991735586a16f82\windows-amd64\native-platform.dll
0x00007ffa7e340000 - 0x00007ffa7e349000 	E:\jdk-17.0.2\bin\management.dll
0x00007ffa7e330000 - 0x00007ffa7e33b000 	E:\jdk-17.0.2\bin\management_ext.dll
0x00007ffaa4fb0000 - 0x00007ffaa4fc8000 	C:\WINDOWS\SYSTEM32\CRYPTSP.dll
0x00007ffaa42d0000 - 0x00007ffaa4304000 	C:\WINDOWS\system32\rsaenh.dll
0x00007ffaa5970000 - 0x00007ffaa5997000 	C:\WINDOWS\System32\bcrypt.dll
0x00007ffaa5180000 - 0x00007ffaa51ae000 	C:\WINDOWS\SYSTEM32\USERENV.dll
0x00007ffaa4ba0000 - 0x00007ffaa4bac000 	C:\WINDOWS\SYSTEM32\CRYPTBASE.dll
0x00007ffaa46d0000 - 0x00007ffaa470b000 	C:\WINDOWS\SYSTEM32\IPHLPAPI.DLL
0x00007ffaa6ef0000 - 0x00007ffaa6ef8000 	C:\WINDOWS\System32\NSI.dll
0x00007ffa9bcb0000 - 0x00007ffa9bcc7000 	C:\WINDOWS\SYSTEM32\dhcpcsvc6.DLL
0x00007ffa9e1e0000 - 0x00007ffa9e1fd000 	C:\WINDOWS\SYSTEM32\dhcpcsvc.DLL
0x00007ffaa4710000 - 0x00007ffaa47da000 	C:\WINDOWS\SYSTEM32\DNSAPI.dll

dbghelp: loaded successfully - version: 4.0.5 - missing functions: none
symbol engine: initialized successfully - sym options: 0x614 - pdb path: .;E:\jdk-17.0.2\bin;C:\WINDOWS\SYSTEM32;C:\WINDOWS\WinSxS\amd64_microsoft.windows.common-controls_6595b64144ccf1df_6.0.19041.3570_none_60bb2a3971f3e41a;E:\jdk-17.0.2\bin\server;C:\Users\Smart tech\.gradle\native\68d5fa5c4cc2d200863cafc0d521ce42e7d3e7ee720ec0a83991735586a16f82\windows-amd64

VM Arguments:
jvm_args: -Xmx64m -Xms64m -Dorg.gradle.appname=gradlew 
java_command: org.gradle.wrapper.GradleWrapperMain tasks
java_class_path (initial): C:\SkillWork\Seda\android\\gradle\wrapper\gradle-wrapper.jar
Launcher Type: SUN_STANDARD

[Global flags]
     intx CICompilerCount                          = 3                                         {product} {ergonomic}
     uint ConcGCThreads                            = 1                                         {product} {ergonomic}
     uint G1ConcRefinementThreads                  = 4                                         {product} {ergonomic}
   size_t G1HeapRegionSize                         = 1048576                                   {product} {ergonomic}
    uintx GCDrainStackTargetSize                   = 64                                        {product} {ergonomic}
   size_t InitialHeapSize                          = 67108864                                  {product} {command line}
   size_t MarkStackSize                            = 4194304                                   {product} {ergonomic}
   size_t MaxHeapSize                              = 67108864                                  {product} {command line}
   size_t MaxNewSize                               = 39845888                                  {product} {ergonomic}
   size_t MinHeapDeltaBytes                        = 1048576                                   {product} {ergonomic}
   size_t MinHeapSize                              = 67108864                                  {product} {command line}
    uintx NonNMethodCodeHeapSize                   = 5832780                                {pd product} {ergonomic}
    uintx NonProfiledCodeHeapSize                  = 122912730                              {pd product} {ergonomic}
    uintx ProfiledCodeHeapSize                     = 122912730                              {pd product} {ergonomic}
    uintx ReservedCodeCacheSize                    = 251658240                              {pd product} {ergonomic}
     bool SegmentedCodeCache                       = true                                      {product} {ergonomic}
   size_t SoftMaxHeapSize                          = 67108864                               {manageable} {ergonomic}
     bool UseCompressedClassPointers               = true                           {product lp64_product} {ergonomic}
     bool UseCompressedOops                        = true                           {product lp64_product} {ergonomic}
     bool UseG1GC                                  = true                                      {product} {ergonomic}
     bool UseLargePagesIndividualAllocation        = false                                  {pd product} {ergonomic}

Logging:
Log output configuration:
 #0: stdout all=warning uptime,level,tags
 #1: stderr all=off uptime,level,tags

Environment Variables:
JAVA_HOME=E:\jdk-17.0.2\
CLASSPATH=C:\SkillWork\Seda\android\\gradle\wrapper\gradle-wrapper.jar
PATH=C:\SkillWork\Seda\node_modules\.bin;C:\SkillWork\Seda\node_modules\.bin;C:\SkillWork\node_modules\.bin;C:\node_modules\.bin;C:\SkillWork\Seda\node_modules\npm\node_modules\@npmcli\run-script\lib\node-gyp-bin;C:\SkillWork\Seda\node_modules\.bin;C:\SkillWork\node_modules\.bin;C:\node_modules\.bin;C:\Users\Smart tech\AppData\Roaming\npm\node_modules\npm\node_modules\@npmcli\run-script\lib\node-gyp-bin;C:\WINDOWS\system32;C:\WINDOWS;C:\WINDOWS\System32\Wbem;C:\WINDOWS\System32\WindowsPowerShell\v1.0\;C:\WINDOWS\System32\OpenSSH\;C:\Users\Smart tech\AppData\Local\Android\Sdk\platform-tools;E:\jdk-17.0.2\bin\;C:\Program Files\Git\cmd;C:\MinGW\bin;C:\Program Files\dotnet\;C:\Users\Smart tech\AppData\Roaming\nvm;C:\Program Files\nodejs;C:\Users\Smart tech\AppData\Local\Microsoft\WindowsApps;C:\Users\Smart tech\AppData\Local\Programs\Microsoft VS Code\bin;C:\Users\Smart tech\AppData\Local\Android\Sdk\platform-tools;C:\Users\Smart tech\AppData\Roaming\npm;C:\Users\Smart tech\.dotnet\tools;C:\Users\Smart tech\AppData\Roaming\nvm;C:\Program Files\nodejs;C:\MinGW\bin;
USERNAME=Smart tech
OS=Windows_NT
PROCESSOR_IDENTIFIER=Intel64 Family 6 Model 58 Stepping 9, GenuineIntel



---------------  S Y S T E M  ---------------

OS:
 Windows 10 , 64 bit Build 19041 (10.0.19041.3570)
OS uptime: 3 days 12:39 hours
Hyper-V role detected

CPU: total 4 (initial active 4) (2 cores per cpu, 2 threads per core) family 6 model 58 stepping 9 microcode 0x21, cx8, cmov, fxsr, ht, mmx, sse, sse2, sse3, ssse3, sse4.1, sse4.2, popcnt, tsc, tscinvbit, avx, aes, erms, clmul, vzeroupper, clflush, hv

Memory: 4k page, system-wide physical 3961M (123M free)
TotalPageFile size 16249M (AvailPageFile size 147M)
current process WorkingSet (physical memory assigned to process): 78M, peak: 81M
current process commit charge ("private bytes"): 152M, peak: 156M

vm_info: OpenJDK 64-Bit Server VM (17.0.2+8-86) for windows-amd64 JRE (17.0.2+8-86), built on Dec  7 2021 21:49:10 by "mach5one" with MS VC++ 16.8 / 16.9 (VS2019)

END.
