#
# There is insufficient memory for the Java Runtime Environment to continue.
# Native memory allocation (mmap) failed to map 65536 bytes for Failed to commit metaspace.
# Possible reasons:
#   The system is out of physical RAM or swap space
#   The process is running with CompressedOops enabled, and the Java Heap may be blocking the growth of the native heap
# Possible solutions:
#   Reduce memory load on the system
#   Increase physical memory or swap space
#   Check if swap backing store is full
#   Decrease Java heap size (-Xmx/-Xms)
#   Decrease number of Java threads
#   Decrease Java thread stack sizes (-Xss)
#   Set larger code cache with -XX:ReservedCodeCacheSize=
#   JVM is running with Unscaled Compressed Oops mode in which the Java heap is
#     placed in the first 4GB address space. The Java Heap base address is the
#     maximum limit for the native heap growth. Please use -XX:HeapBaseMinAddress
#     to set the Java Heap base and to place the Java Heap above 4GB virtual address.
# This output file may be truncated or incomplete.
#
#  Out of Memory Error (virtualSpaceNode.cpp:110), pid=10000, tid=12712
#
# JRE version: OpenJDK Runtime Environment (17.0.2+8) (build 17.0.2+8-86)
# Java VM: OpenJDK 64-Bit Server VM (17.0.2+8-86, mixed mode, sharing, tiered, compressed oops, compressed class ptrs, g1 gc, windows-amd64)
# No core dump will be written. Minidumps are not enabled by default on client versions of Windows
#

---------------  S U M M A R Y ------------

Command Line: -XX:MaxMetaspaceSize=512m --add-opens=java.base/java.util=ALL-UNNAMED --add-opens=java.base/java.lang=ALL-UNNAMED --add-opens=java.base/java.lang.invoke=ALL-UNNAMED --add-opens=java.prefs/java.util.prefs=ALL-UNNAMED --add-opens=java.base/java.nio.charset=ALL-UNNAMED --add-opens=java.base/java.net=ALL-UNNAMED --add-opens=java.base/java.util.concurrent.atomic=ALL-UNNAMED -Xmx2048m -Dfile.encoding=windows-1252 -Duser.country=US -Duser.language=en -Duser.variant org.gradle.launcher.daemon.bootstrap.GradleDaemon 8.0.1

Host: Intel(R) Core(TM) i5-3230M CPU @ 2.60GHz, 4 cores, 3G,  Windows 10 , 64 bit Build 19041 (10.0.19041.3570)
Time: Fri Oct 27 23:48:48 2023 Pakistan Standard Time elapsed time: 126.350947 seconds (0d 0h 2m 6s)

---------------  T H R E A D  ---------------

Current thread (0x0000019872577f70):  JavaThread "Daemon worker" [_thread_in_vm, id=12712, stack(0x0000007a28f00000,0x0000007a29000000)]

Stack: [0x0000007a28f00000,0x0000007a29000000]
Native frames: (J=compiled Java code, j=interpreted, Vv=VM code, C=native code)
V  [jvm.dll+0x670baa]
V  [jvm.dll+0x7cfcb4]
V  [jvm.dll+0x7d145e]
V  [jvm.dll+0x7d1ac3]
V  [jvm.dll+0x242bc5]
V  [jvm.dll+0x7cbc5b]
V  [jvm.dll+0x616966]
V  [jvm.dll+0x1be3ee]
V  [jvm.dll+0x6192a1]
V  [jvm.dll+0x617306]
V  [jvm.dll+0x1e2482]
V  [jvm.dll+0x1e1e69]
V  [jvm.dll+0x1e8dfe]
V  [jvm.dll+0x1de251]
V  [jvm.dll+0x537c30]
V  [jvm.dll+0x74ad28]
V  [jvm.dll+0x74ae14]
V  [jvm.dll+0x408cc5]
V  [jvm.dll+0x40ed18]
C  [java.dll+0x17ec]

Java frames: (J=compiled Java code, j=interpreted, Vv=VM code)
J 831  java.lang.ClassLoader.defineClass1(Ljava/lang/ClassLoader;Ljava/lang/String;[BIILjava/security/ProtectionDomain;Ljava/lang/String;)Ljava/lang/Class; java.base@17.0.2 (0 bytes) @ 0x00000198629d05e3 [0x00000198629d0520+0x00000000000000c3]
J 1250 c1 java.lang.ClassLoader.defineClass(Ljava/lang/String;[BIILjava/security/ProtectionDomain;)Ljava/lang/Class; java.base@17.0.2 (43 bytes) @ 0x000001985b6e1fd4 [0x000001985b6e1c80+0x0000000000000354]
J 1004 c1 java.security.SecureClassLoader.defineClass(Ljava/lang/String;[BIILjava/security/CodeSource;)Ljava/lang/Class; java.base@17.0.2 (16 bytes) @ 0x000001985b647f8c [0x000001985b647ec0+0x00000000000000cc]
J 3719 c2 java.net.URLClassLoader.findClass(Ljava/lang/String;)Ljava/lang/Class; java.base@17.0.2 (47 bytes) @ 0x0000019862b6dc20 [0x0000019862b6b940+0x00000000000022e0]
J 3717 c1 java.lang.ClassLoader.loadClass(Ljava/lang/String;Z)Ljava/lang/Class; java.base@17.0.2 (121 bytes) @ 0x000001985bbd4574 [0x000001985bbd3fc0+0x00000000000005b4]
J 3064 c2 java.lang.ClassLoader.loadClass(Ljava/lang/String;)Ljava/lang/Class; java.base@17.0.2 (7 bytes) @ 0x0000019862afcb40 [0x0000019862afcb00+0x0000000000000040]
v  ~StubRoutines::call_stub
j  org.gradle.internal.snapshot.SnapshotUtil.getMetadataFromChildren(Lorg/gradle/internal/snapshot/ChildMap;Lorg/gradle/internal/snapshot/VfsRelativePath;Lorg/gradle/internal/snapshot/CaseSensitivity;Ljava/util/function/Supplier;)Ljava/util/Optional;+3
j  org.gradle.internal.snapshot.AbstractIncompleteFileSystemNode.getSnapshot(Lorg/gradle/internal/snapshot/VfsRelativePath;Lorg/gradle/internal/snapshot/CaseSensitivity;)Ljava/util/Optional;+11
j  org.gradle.internal.vfs.impl.DefaultSnapshotHierarchy.findMetadata(Ljava/lang/String;)Ljava/util/Optional;+31
j  org.gradle.internal.snapshot.SnapshotHierarchy.findSnapshot(Ljava/lang/String;)Ljava/util/Optional;+2
j  org.gradle.internal.vfs.impl.AbstractVirtualFileSystem.findSnapshot(Ljava/lang/String;)Ljava/util/Optional;+5
j  org.gradle.internal.vfs.impl.DefaultFileSystemAccess.readSnapshotFromLocation(Ljava/lang/String;Ljava/util/function/Function;Ljava/util/function/Supplier;)Ljava/lang/Object;+5
j  org.gradle.internal.vfs.impl.DefaultFileSystemAccess.readSnapshotFromLocation(Ljava/lang/String;Ljava/util/function/Supplier;)Lorg/gradle/internal/snapshot/FileSystemLocationSnapshot;+6
j  org.gradle.internal.vfs.impl.DefaultFileSystemAccess.readLocation(Ljava/lang/String;)Lorg/gradle/internal/snapshot/FileSystemLocationSnapshot;+9
j  org.gradle.internal.vfs.impl.DefaultFileSystemAccess.read(Ljava/lang/String;)Lorg/gradle/internal/snapshot/FileSystemLocationSnapshot;+2
j  org.gradle.internal.classpath.DefaultCachedClasspathTransformer.snapshotOf(Ljava/io/File;)Lorg/gradle/internal/snapshot/FileSystemLocationSnapshot;+8
j  org.gradle.internal.classpath.DefaultCachedClasspathTransformer.cachedFile(Ljava/io/File;Lorg/gradle/internal/classpath/ClasspathFileTransformer;Ljava/util/Set;)Ljava/util/Optional;+2
j  org.gradle.internal.classpath.DefaultCachedClasspathTransformer.lambda$transformFiles$1(Lorg/gradle/internal/classpath/ClasspathFileTransformer;Ljava/io/File;Ljava/util/Set;)Ljava/util/Optional;+4
j  org.gradle.internal.classpath.DefaultCachedClasspathTransformer$$Lambda$422+0x0000000801027920.apply(Ljava/lang/Object;Ljava/util/Set;)Ljava/util/Optional;+13
j  org.gradle.internal.classpath.DefaultCachedClasspathTransformer.lambda$transformAll$12(Ljava/util/Collection;Lorg/gradle/internal/classpath/DefaultCachedClasspathTransformer$ValueOrTransformProvider;)Ljava/util/List;+70
j  org.gradle.internal.classpath.DefaultCachedClasspathTransformer$$Lambda$423+0x0000000801027b40.create()Ljava/lang/Object;+12
j  org.gradle.cache.internal.DefaultCacheAccess.useCache(Lorg/gradle/internal/Factory;)Ljava/lang/Object;+58
j  org.gradle.cache.internal.DefaultPersistentDirectoryStore.useCache(Lorg/gradle/internal/Factory;)Ljava/lang/Object;+5
j  org.gradle.cache.internal.DefaultCacheFactory$ReferenceTrackingCache.useCache(Lorg/gradle/internal/Factory;)Ljava/lang/Object;+8
j  org.gradle.internal.classpath.DefaultCachedClasspathTransformer.transformAll(Ljava/util/Collection;Lorg/gradle/internal/classpath/DefaultCachedClasspathTransformer$ValueOrTransformProvider;)Ljava/util/List;+35
j  org.gradle.internal.classpath.DefaultCachedClasspathTransformer.transformFiles(Lorg/gradle/internal/classpath/ClassPath;Lorg/gradle/internal/classpath/ClasspathFileTransformer;)Lorg/gradle/internal/classpath/ClassPath;+14
j  org.gradle.internal.classpath.DefaultCachedClasspathTransformer.transform(Lorg/gradle/internal/classpath/ClassPath;Lorg/gradle/internal/classpath/CachedClasspathTransformer$StandardTransform;Lorg/gradle/internal/classpath/CachedClasspathTransformer$Transform;)Lorg/gradle/internal/classpath/ClassPath;+30
j  org.gradle.groovy.scripts.internal.FileCacheBackedScriptClassCompiler.remapClasses(Ljava/io/File;Lorg/gradle/groovy/scripts/internal/RemappingScriptSource;)Lorg/gradle/internal/classpath/ClassPath;+42
j  org.gradle.groovy.scripts.internal.FileCacheBackedScriptClassCompiler.compile(Lorg/gradle/groovy/scripts/ScriptSource;Lorg/gradle/api/internal/initialization/ClassLoaderScope;Lorg/gradle/groovy/scripts/internal/CompileOperation;Ljava/lang/Class;Lorg/gradle/api/Action;)Lorg/gradle/groovy/scripts/internal/CompiledScript;+326
j  org.gradle.groovy.scripts.internal.CrossBuildInMemoryCachingScriptClassCache.getOrCompile(Lorg/gradle/groovy/scripts/ScriptSource;Lorg/gradle/api/internal/initialization/ClassLoaderScope;Lorg/gradle/groovy/scripts/internal/CompileOperation;Ljava/lang/Class;Lorg/gradle/api/Action;Lorg/gradle/groovy/scripts/internal/ScriptClassCompiler;)Lorg/gradle/groovy/scripts/internal/CompiledScript;+105
j  org.gradle.groovy.scripts.internal.BuildScopeInMemoryCachingScriptClassCompiler.compile(Lorg/gradle/groovy/scripts/ScriptSource;Lorg/gradle/api/internal/initialization/ClassLoaderScope;Lorg/gradle/groovy/scripts/internal/CompileOperation;Ljava/lang/Class;Lorg/gradle/api/Action;)Lorg/gradle/groovy/scripts/internal/CompiledScript;+66
j  org.gradle.groovy.scripts.DefaultScriptCompilerFactory$ScriptCompilerImpl.compile(Ljava/lang/Class;Lorg/gradle/groovy/scripts/internal/CompileOperation;Lorg/gradle/api/internal/initialization/ClassLoaderScope;Lorg/gradle/api/Action;)Lorg/gradle/groovy/scripts/ScriptRunner;+16
j  org.gradle.configuration.DefaultScriptPluginFactory$ScriptPluginImpl.apply(Ljava/lang/Object;)V+276
j  org.gradle.configuration.BuildOperationScriptPlugin$1.run(Lorg/gradle/internal/operations/BuildOperationContext;)V+11
j  org.gradle.internal.operations.DefaultBuildOperationRunner$1.execute(Lorg/gradle/internal/operations/RunnableBuildOperation;Lorg/gradle/internal/operations/BuildOperationContext;)V+2
j  org.gradle.internal.operations.DefaultBuildOperationRunner$1.execute(Lorg/gradle/internal/operations/BuildOperation;Lorg/gradle/internal/operations/BuildOperationContext;)V+6
j  org.gradle.internal.operations.DefaultBuildOperationRunner$2.execute(Lorg/gradle/internal/operations/BuildOperationDescriptor;Lorg/gradle/internal/operations/BuildOperationState;Lorg/gradle/internal/operations/BuildOperationState;Lorg/gradle/internal/operations/DefaultBuildOperationRunner$ReadableBuildOperationContext;Lorg/gradle/internal/operations/DefaultBuildOperationRunner$BuildOperationExecutionListener;)Lorg/gradle/internal/operations/BuildOperation;+22
j  org.gradle.internal.operations.DefaultBuildOperationRunner$2.execute(Lorg/gradle/internal/operations/BuildOperationDescriptor;Lorg/gradle/internal/operations/BuildOperationState;Lorg/gradle/internal/operations/BuildOperationState;Lorg/gradle/internal/operations/DefaultBuildOperationRunner$ReadableBuildOperationContext;Lorg/gradle/internal/operations/DefaultBuildOperationRunner$BuildOperationExecutionListener;)Ljava/lang/Object;+8
j  org.gradle.internal.operations.DefaultBuildOperationRunner.execute(Lorg/gradle/internal/operations/BuildOperationDescriptor$Builder;Lorg/gradle/internal/operations/BuildOperationState;Lorg/gradle/internal/operations/DefaultBuildOperationRunner$BuildOperationExecution;)Ljava/lang/Object;+141
j  org.gradle.internal.operations.DefaultBuildOperationRunner.execute(Lorg/gradle/internal/operations/BuildOperation;Lorg/gradle/internal/operations/BuildOperationWorker;Lorg/gradle/internal/operations/BuildOperationState;)V+18
j  org.gradle.internal.operations.DefaultBuildOperationRunner.run(Lorg/gradle/internal/operations/RunnableBuildOperation;)V+9
j  org.gradle.internal.operations.DefaultBuildOperationExecutor.run(Lorg/gradle/internal/operations/RunnableBuildOperation;)V+5
j  org.gradle.configuration.BuildOperationScriptPlugin.lambda$apply$0(Ljava/lang/Object;Lorg/gradle/configuration/internal/UserCodeApplicationId;)V+14
j  org.gradle.configuration.BuildOperationScriptPlugin$$Lambda$421+0x000000080101f310.execute(Ljava/lang/Object;)V+12
j  org.gradle.configuration.internal.DefaultUserCodeApplicationContext.apply(Lorg/gradle/internal/DisplayName;Lorg/gradle/api/Action;)V+37
j  org.gradle.configuration.BuildOperationScriptPlugin.apply(Ljava/lang/Object;)V+61
j  org.gradle.initialization.ScriptEvaluatingSettingsProcessor.applySettingsScript(Lorg/gradle/groovy/scripts/TextResourceScriptSource;Lorg/gradle/api/internal/SettingsInternal;)V+32
j  org.gradle.initialization.ScriptEvaluatingSettingsProcessor.process(Lorg/gradle/api/internal/GradleInternal;Lorg/gradle/initialization/SettingsLocation;Lorg/gradle/api/internal/initialization/ClassLoaderScope;Lorg/gradle/StartParameter;)Lorg/gradle/initialization/SettingsState;+89
j  org.gradle.initialization.SettingsEvaluatedCallbackFiringSettingsProcessor.process(Lorg/gradle/api/internal/GradleInternal;Lorg/gradle/initialization/SettingsLocation;Lorg/gradle/api/internal/initialization/ClassLoaderScope;Lorg/gradle/StartParameter;)Lorg/gradle/initialization/SettingsState;+9
j  org.gradle.initialization.RootBuildCacheControllerSettingsProcessor.process(Lorg/gradle/api/internal/GradleInternal;Lorg/gradle/initialization/SettingsLocation;Lorg/gradle/api/internal/initialization/ClassLoaderScope;Lorg/gradle/StartParameter;)Lorg/gradle/initialization/SettingsState;+9
j  org.gradle.initialization.BuildOperationSettingsProcessor$2.call(Lorg/gradle/internal/operations/BuildOperationContext;)Lorg/gradle/initialization/SettingsState;+23
j  org.gradle.initialization.BuildOperationSettingsProcessor$2.call(Lorg/gradle/internal/operations/BuildOperationContext;)Ljava/lang/Object;+2
j  org.gradle.internal.operations.DefaultBuildOperationRunner$CallableBuildOperationWorker.execute(Lorg/gradle/internal/operations/CallableBuildOperation;Lorg/gradle/internal/operations/BuildOperationContext;)V+3
j  org.gradle.internal.operations.DefaultBuildOperationRunner$CallableBuildOperationWorker.execute(Lorg/gradle/internal/operations/BuildOperation;Lorg/gradle/internal/operations/BuildOperationContext;)V+6
j  org.gradle.internal.operations.DefaultBuildOperationRunner$2.execute(Lorg/gradle/internal/operations/BuildOperationDescriptor;Lorg/gradle/internal/operations/BuildOperationState;Lorg/gradle/internal/operations/BuildOperationState;Lorg/gradle/internal/operations/DefaultBuildOperationRunner$ReadableBuildOperationContext;Lorg/gradle/internal/operations/DefaultBuildOperationRunner$BuildOperationExecutionListener;)Lorg/gradle/internal/operations/BuildOperation;+22
j  org.gradle.internal.operations.DefaultBuildOperationRunner$2.execute(Lorg/gradle/internal/operations/BuildOperationDescriptor;Lorg/gradle/internal/operations/BuildOperationState;Lorg/gradle/internal/operations/BuildOperationState;Lorg/gradle/internal/operations/DefaultBuildOperationRunner$ReadableBuildOperationContext;Lorg/gradle/internal/operations/DefaultBuildOperationRunner$BuildOperationExecutionListener;)Ljava/lang/Object;+8
j  org.gradle.internal.operations.DefaultBuildOperationRunner.execute(Lorg/gradle/internal/operations/BuildOperationDescriptor$Builder;Lorg/gradle/internal/operations/BuildOperationState;Lorg/gradle/internal/operations/DefaultBuildOperationRunner$BuildOperationExecution;)Ljava/lang/Object;+141
j  org.gradle.internal.operations.DefaultBuildOperationRunner.execute(Lorg/gradle/internal/operations/BuildOperation;Lorg/gradle/internal/operations/BuildOperationWorker;Lorg/gradle/internal/operations/BuildOperationState;)V+18
j  org.gradle.internal.operations.DefaultBuildOperationRunner.call(Lorg/gradle/internal/operations/CallableBuildOperation;)Ljava/lang/Object;+16
j  org.gradle.internal.operations.DefaultBuildOperationExecutor.call(Lorg/gradle/internal/operations/CallableBuildOperation;)Ljava/lang/Object;+5
j  org.gradle.initialization.BuildOperationSettingsProcessor.process(Lorg/gradle/api/internal/GradleInternal;Lorg/gradle/initialization/SettingsLocation;Lorg/gradle/api/internal/initialization/ClassLoaderScope;Lorg/gradle/StartParameter;)Lorg/gradle/initialization/SettingsState;+17
j  org.gradle.initialization.DefaultSettingsLoader.findSettingsAndLoadIfAppropriate(Lorg/gradle/api/internal/GradleInternal;Lorg/gradle/StartParameter;Lorg/gradle/initialization/SettingsLocation;Lorg/gradle/api/internal/initialization/ClassLoaderScope;)Lorg/gradle/initialization/SettingsState;+9
j  org.gradle.initialization.DefaultSettingsLoader.findAndLoadSettings(Lorg/gradle/api/internal/GradleInternal;)Lorg/gradle/initialization/SettingsState;+33
j  org.gradle.initialization.SettingsAttachingSettingsLoader.findAndLoadSettings(Lorg/gradle/api/internal/GradleInternal;)Lorg/gradle/initialization/SettingsState;+5
j  org.gradle.internal.composite.CommandLineIncludedBuildSettingsLoader.findAndLoadSettings(Lorg/gradle/api/internal/GradleInternal;)Lorg/gradle/initialization/SettingsState;+5
j  org.gradle.internal.composite.ChildBuildRegisteringSettingsLoader.findAndLoadSettings(Lorg/gradle/api/internal/GradleInternal;)Lorg/gradle/initialization/SettingsState;+5
j  org.gradle.internal.composite.CompositeBuildSettingsLoader.findAndLoadSettings(Lorg/gradle/api/internal/GradleInternal;)Lorg/gradle/initialization/SettingsState;+5
j  org.gradle.initialization.InitScriptHandlingSettingsLoader.findAndLoadSettings(Lorg/gradle/api/internal/GradleInternal;)Lorg/gradle/initialization/SettingsState;+13
j  org.gradle.api.internal.initialization.CacheConfigurationsHandlingSettingsLoader.findAndLoadSettings(Lorg/gradle/api/internal/GradleInternal;)Lorg/gradle/initialization/SettingsState;+15
j  org.gradle.initialization.GradlePropertiesHandlingSettingsLoader.findAndLoadSettings(Lorg/gradle/api/internal/GradleInternal;)Lorg/gradle/initialization/SettingsState;+39
j  org.gradle.initialization.DefaultSettingsPreparer.prepareSettings(Lorg/gradle/api/internal/GradleInternal;)V+33
j  org.gradle.initialization.BuildOperationFiringSettingsPreparer$LoadBuild.doLoadBuild()V+11
j  org.gradle.initialization.BuildOperationFiringSettingsPreparer$LoadBuild.run(Lorg/gradle/internal/operations/BuildOperationContext;)V+1
j  org.gradle.internal.operations.DefaultBuildOperationRunner$1.execute(Lorg/gradle/internal/operations/RunnableBuildOperation;Lorg/gradle/internal/operations/BuildOperationContext;)V+2
j  org.gradle.internal.operations.DefaultBuildOperationRunner$1.execute(Lorg/gradle/internal/operations/BuildOperation;Lorg/gradle/internal/operations/BuildOperationContext;)V+6
j  org.gradle.internal.operations.DefaultBuildOperationRunner$2.execute(Lorg/gradle/internal/operations/BuildOperationDescriptor;Lorg/gradle/internal/operations/BuildOperationState;Lorg/gradle/internal/operations/BuildOperationState;Lorg/gradle/internal/operations/DefaultBuildOperationRunner$ReadableBuildOperationContext;Lorg/gradle/internal/operations/DefaultBuildOperationRunner$BuildOperationExecutionListener;)Lorg/gradle/internal/operations/BuildOperation;+22
j  org.gradle.internal.operations.DefaultBuildOperationRunner$2.execute(Lorg/gradle/internal/operations/BuildOperationDescriptor;Lorg/gradle/internal/operations/BuildOperationState;Lorg/gradle/internal/operations/BuildOperationState;Lorg/gradle/internal/operations/DefaultBuildOperationRunner$ReadableBuildOperationContext;Lorg/gradle/internal/operations/DefaultBuildOperationRunner$BuildOperationExecutionListener;)Ljava/lang/Object;+8
j  org.gradle.internal.operations.DefaultBuildOperationRunner.execute(Lorg/gradle/internal/operations/BuildOperationDescriptor$Builder;Lorg/gradle/internal/operations/BuildOperationState;Lorg/gradle/internal/operations/DefaultBuildOperationRunner$BuildOperationExecution;)Ljava/lang/Object;+141
j  org.gradle.internal.operations.DefaultBuildOperationRunner.execute(Lorg/gradle/internal/operations/BuildOperation;Lorg/gradle/internal/operations/BuildOperationWorker;Lorg/gradle/internal/operations/BuildOperationState;)V+18
j  org.gradle.internal.operations.DefaultBuildOperationRunner.run(Lorg/gradle/internal/operations/RunnableBuildOperation;)V+9
j  org.gradle.internal.operations.DefaultBuildOperationExecutor.run(Lorg/gradle/internal/operations/RunnableBuildOperation;)V+5
j  org.gradle.initialization.BuildOperationFiringSettingsPreparer.prepareSettings(Lorg/gradle/api/internal/GradleInternal;)V+31
j  org.gradle.initialization.VintageBuildModelController.lambda$prepareSettings$1()V+8
j  org.gradle.initialization.VintageBuildModelController$$Lambda$256+0x0000000800edebd8.run()V+4
j  org.gradle.internal.model.StateTransitionController.lambda$doTransition$13(Ljava/lang/Runnable;)Lorg/gradle/internal/build/ExecutionResult;+1
j  org.gradle.internal.model.StateTransitionController$$Lambda$255+0x0000000800ede9b8.get()Ljava/lang/Object;+4
j  org.gradle.internal.model.StateTransitionController.doTransition(Lorg/gradle/internal/model/StateTransitionController$State;Lorg/gradle/internal/model/StateTransitionController$State;Ljava/util/function/Supplier;)Lorg/gradle/internal/build/ExecutionResult;+24
j  org.gradle.internal.model.StateTransitionController.doTransition(Lorg/gradle/internal/model/StateTransitionController$State;Lorg/gradle/internal/model/StateTransitionController$State;Ljava/lang/Runnable;)V+9
j  org.gradle.internal.model.StateTransitionController.lambda$transitionIfNotPreviously$11(Lorg/gradle/internal/model/StateTransitionController$State;Lorg/gradle/internal/model/StateTransitionController$State;Ljava/lang/Runnable;)V+16
j  org.gradle.internal.model.StateTransitionController$$Lambda$257+0x0000000800ededf8.run()V+16
j  org.gradle.internal.work.DefaultSynchronizer.withLock(Ljava/lang/Runnable;)V+6
j  org.gradle.internal.model.StateTransitionController.transitionIfNotPreviously(Lorg/gradle/internal/model/StateTransitionController$State;Lorg/gradle/internal/model/StateTransitionController$State;Ljava/lang/Runnable;)V+13
j  org.gradle.initialization.VintageBuildModelController.prepareSettings()V+16
j  org.gradle.initialization.VintageBuildModelController.prepareToScheduleTasks()V+1
j  org.gradle.internal.build.DefaultBuildLifecycleController.lambda$prepareToScheduleTasks$3()V+9
j  org.gradle.internal.build.DefaultBuildLifecycleController$$Lambda$253+0x0000000800ede578.run()V+4
j  org.gradle.internal.model.StateTransitionController.lambda$doTransition$13(Ljava/lang/Runnable;)Lorg/gradle/internal/build/ExecutionResult;+1
j  org.gradle.internal.model.StateTransitionController$$Lambda$255+0x0000000800ede9b8.get()Ljava/lang/Object;+4
j  org.gradle.internal.model.StateTransitionController.doTransition(Lorg/gradle/internal/model/StateTransitionController$State;Lorg/gradle/internal/model/StateTransitionController$State;Ljava/util/function/Supplier;)Lorg/gradle/internal/build/ExecutionResult;+24
j  org.gradle.internal.model.StateTransitionController.doTransition(Lorg/gradle/internal/model/StateTransitionController$State;Lorg/gradle/internal/model/StateTransitionController$State;Ljava/lang/Runnable;)V+9
j  org.gradle.internal.model.StateTransitionController.lambda$maybeTransition$9(Lorg/gradle/internal/model/StateTransitionController$State;Lorg/gradle/internal/model/StateTransitionController$State;Ljava/lang/Runnable;)V+16
j  org.gradle.internal.model.StateTransitionController$$Lambda$254+0x0000000800ede798.run()V+16
j  org.gradle.internal.work.DefaultSynchronizer.withLock(Ljava/lang/Runnable;)V+6
j  org.gradle.internal.model.StateTransitionController.maybeTransition(Lorg/gradle/internal/model/StateTransitionController$State;Lorg/gradle/internal/model/StateTransitionController$State;Ljava/lang/Runnable;)V+13
j  org.gradle.internal.build.DefaultBuildLifecycleController.prepareToScheduleTasks()V+16
j  org.gradle.internal.buildtree.DefaultBuildTreeWorkPreparer.scheduleRequestedTasks(Lorg/gradle/internal/buildtree/BuildTreeWorkGraph;Lorg/gradle/execution/EntryTaskSelector;)Lorg/gradle/internal/buildtree/BuildTreeWorkGraph$FinalizedGraph;+4
j  org.gradle.configurationcache.VintageBuildTreeWorkController$scheduleAndRunRequestedTasks$1.apply(Lorg/gradle/internal/buildtree/BuildTreeWorkGraph;)Lorg/gradle/internal/build/ExecutionResult;+18
j  org.gradle.configurationcache.VintageBuildTreeWorkController$scheduleAndRunRequestedTasks$1.apply(Ljava/lang/Object;)Ljava/lang/Object;+5
j  org.gradle.composite.internal.DefaultIncludedBuildTaskGraph.withNewWorkGraph(Ljava/util/function/Function;)Ljava/lang/Object;+30
j  org.gradle.configurationcache.VintageBuildTreeWorkController.scheduleAndRunRequestedTasks(Lorg/gradle/execution/EntryTaskSelector;)Lorg/gradle/internal/build/ExecutionResult;+16
j  org.gradle.internal.buildtree.DefaultBuildTreeLifecycleController.lambda$scheduleAndRunTasks$1(Lorg/gradle/execution/EntryTaskSelector;)Lorg/gradle/internal/build/ExecutionResult;+5
j  org.gradle.internal.buildtree.DefaultBuildTreeLifecycleController$$Lambda$248+0x0000000800edd710.get()Ljava/lang/Object;+8
j  org.gradle.internal.buildtree.DefaultBuildTreeLifecycleController.lambda$runBuild$4(Ljava/util/function/Supplier;)Ljava/lang/Object;+1
j  org.gradle.internal.buildtree.DefaultBuildTreeLifecycleController$$Lambda$249+0x0000000800edd930.get()Ljava/lang/Object;+8
j  org.gradle.internal.model.StateTransitionController.lambda$transition$6(Ljava/util/function/Supplier;)Lorg/gradle/internal/build/ExecutionResult;+1
j  org.gradle.internal.model.StateTransitionController$$Lambda$251+0x0000000800eddd70.get()Ljava/lang/Object;+4
j  org.gradle.internal.model.StateTransitionController.doTransition(Lorg/gradle/internal/model/StateTransitionController$State;Lorg/gradle/internal/model/StateTransitionController$State;Ljava/util/function/Supplier;)Lorg/gradle/internal/build/ExecutionResult;+24
j  org.gradle.internal.model.StateTransitionController.lambda$transition$7(Lorg/gradle/internal/model/StateTransitionController$State;Lorg/gradle/internal/model/StateTransitionController$State;Ljava/util/function/Supplier;)Ljava/lang/Object;+9
j  org.gradle.internal.model.StateTransitionController$$Lambda$250+0x0000000800eddb50.create()Ljava/lang/Object;+16
j  org.gradle.internal.work.DefaultSynchronizer.withLock(Lorg/gradle/internal/Factory;)Ljava/lang/Object;+6
j  org.gradle.internal.model.StateTransitionController.transition(Lorg/gradle/internal/model/StateTransitionController$State;Lorg/gradle/internal/model/StateTransitionController$State;Ljava/util/function/Supplier;)Ljava/lang/Object;+13
j  org.gradle.internal.buildtree.DefaultBuildTreeLifecycleController.runBuild(Ljava/util/function/Supplier;)Ljava/lang/Object;+17
j  org.gradle.internal.buildtree.DefaultBuildTreeLifecycleController.scheduleAndRunTasks(Lorg/gradle/execution/EntryTaskSelector;)V+8
j  org.gradle.internal.buildtree.DefaultBuildTreeLifecycleController.scheduleAndRunTasks()V+2
j  org.gradle.tooling.internal.provider.ExecuteBuildActionRunner.run(Lorg/gradle/internal/invocation/BuildAction;Lorg/gradle/internal/buildtree/BuildTreeLifecycleController;)Lorg/gradle/internal/buildtree/BuildActionRunner$Result;+12
j  org.gradle.launcher.exec.ChainingBuildActionRunner.run(Lorg/gradle/internal/invocation/BuildAction;Lorg/gradle/internal/buildtree/BuildTreeLifecycleController;)Lorg/gradle/internal/buildtree/BuildActionRunner$Result;+34
j  org.gradle.internal.buildtree.ProblemReportingBuildActionRunner.run(Lorg/gradle/internal/invocation/BuildAction;Lorg/gradle/internal/buildtree/BuildTreeLifecycleController;)Lorg/gradle/internal/buildtree/BuildActionRunner$Result;+12
j  org.gradle.launcher.exec.BuildOutcomeReportingBuildActionRunner.run(Lorg/gradle/internal/invocation/BuildAction;Lorg/gradle/internal/buildtree/BuildTreeLifecycleController;)Lorg/gradle/internal/buildtree/BuildActionRunner$Result;+69
j  org.gradle.tooling.internal.provider.FileSystemWatchingBuildActionRunner.run(Lorg/gradle/internal/invocation/BuildAction;Lorg/gradle/internal/buildtree/BuildTreeLifecycleController;)Lorg/gradle/internal/buildtree/BuildActionRunner$Result;+335
j  org.gradle.launcher.exec.BuildCompletionNotifyingBuildActionRunner.run(Lorg/gradle/internal/invocation/BuildAction;Lorg/gradle/internal/buildtree/BuildTreeLifecycleController;)Lorg/gradle/internal/buildtree/BuildActionRunner$Result;+6
j  org.gradle.launcher.exec.RootBuildLifecycleBuildActionExecutor.lambda$execute$0(Lorg/gradle/internal/invocation/BuildAction;Lorg/gradle/internal/buildtree/BuildTreeLifecycleController;)Lorg/gradle/internal/buildtree/BuildActionRunner$Result;+6
j  org.gradle.launcher.exec.RootBuildLifecycleBuildActionExecutor$$Lambda$205+0x0000000800ebd380.apply(Ljava/lang/Object;)Ljava/lang/Object;+12
j  org.gradle.composite.internal.DefaultRootBuildState.run(Ljava/util/function/Function;)Ljava/lang/Object;+87
j  org.gradle.launcher.exec.RootBuildLifecycleBuildActionExecutor.execute(Lorg/gradle/internal/invocation/BuildAction;Lorg/gradle/internal/buildtree/BuildTreeContext;)Lorg/gradle/internal/buildtree/BuildActionRunner$Result;+28
j  org.gradle.internal.buildtree.DefaultBuildTreeContext.execute(Lorg/gradle/internal/invocation/BuildAction;)Lorg/gradle/internal/buildtree/BuildActionRunner$Result;+64
j  org.gradle.launcher.exec.BuildTreeLifecycleBuildActionExecutor.lambda$execute$0(Lorg/gradle/internal/invocation/BuildAction;Lorg/gradle/internal/buildtree/BuildTreeContext;)Lorg/gradle/internal/buildtree/BuildActionRunner$Result;+2
j  org.gradle.launcher.exec.BuildTreeLifecycleBuildActionExecutor$$Lambda$158+0x0000000800e1c268.apply(Ljava/lang/Object;)Ljava/lang/Object;+8
j  org.gradle.internal.buildtree.BuildTreeState.run(Ljava/util/function/Function;)Ljava/lang/Object;+5
j  org.gradle.launcher.exec.BuildTreeLifecycleBuildActionExecutor.execute(Lorg/gradle/internal/invocation/BuildAction;Lorg/gradle/internal/session/BuildSessionContext;)Lorg/gradle/internal/buildtree/BuildActionRunner$Result;+181
j  org.gradle.launcher.exec.RunAsBuildOperationBuildActionExecutor$3.call(Lorg/gradle/internal/operations/BuildOperationContext;)Lorg/gradle/internal/buildtree/BuildActionRunner$Result;+25
j  org.gradle.launcher.exec.RunAsBuildOperationBuildActionExecutor$3.call(Lorg/gradle/internal/operations/BuildOperationContext;)Ljava/lang/Object;+2
j  org.gradle.internal.operations.DefaultBuildOperationRunner$CallableBuildOperationWorker.execute(Lorg/gradle/internal/operations/CallableBuildOperation;Lorg/gradle/internal/operations/BuildOperationContext;)V+3
j  org.gradle.internal.operations.DefaultBuildOperationRunner$CallableBuildOperationWorker.execute(Lorg/gradle/internal/operations/BuildOperation;Lorg/gradle/internal/operations/BuildOperationContext;)V+6
j  org.gradle.internal.operations.DefaultBuildOperationRunner$2.execute(Lorg/gradle/internal/operations/BuildOperationDescriptor;Lorg/gradle/internal/operations/BuildOperationState;Lorg/gradle/internal/operations/BuildOperationState;Lorg/gradle/internal/operations/DefaultBuildOperationRunner$ReadableBuildOperationContext;Lorg/gradle/internal/operations/DefaultBuildOperationRunner$BuildOperationExecutionListener;)Lorg/gradle/internal/operations/BuildOperation;+22
j  org.gradle.internal.operations.DefaultBuildOperationRunner$2.execute(Lorg/gradle/internal/operations/BuildOperationDescriptor;Lorg/gradle/internal/operations/BuildOperationState;Lorg/gradle/internal/operations/BuildOperationState;Lorg/gradle/internal/operations/DefaultBuildOperationRunner$ReadableBuildOperationContext;Lorg/gradle/internal/operations/DefaultBuildOperationRunner$BuildOperationExecutionListener;)Ljava/lang/Object;+8
j  org.gradle.internal.operations.DefaultBuildOperationRunner.execute(Lorg/gradle/internal/operations/BuildOperationDescriptor$Builder;Lorg/gradle/internal/operations/BuildOperationState;Lorg/gradle/internal/operations/DefaultBuildOperationRunner$BuildOperationExecution;)Ljava/lang/Object;+141
j  org.gradle.internal.operations.DefaultBuildOperationRunner.execute(Lorg/gradle/internal/operations/BuildOperation;Lorg/gradle/internal/operations/BuildOperationWorker;Lorg/gradle/internal/operations/BuildOperationState;)V+18
j  org.gradle.internal.operations.DefaultBuildOperationRunner.call(Lorg/gradle/internal/operations/CallableBuildOperation;)Ljava/lang/Object;+16
j  org.gradle.internal.operations.DefaultBuildOperationExecutor.call(Lorg/gradle/internal/operations/CallableBuildOperation;)Ljava/lang/Object;+5
j  org.gradle.launcher.exec.RunAsBuildOperationBuildActionExecutor.execute(Lorg/gradle/internal/invocation/BuildAction;Lorg/gradle/internal/session/BuildSessionContext;)Lorg/gradle/internal/buildtree/BuildActionRunner$Result;+23
j  org.gradle.launcher.exec.RunAsWorkerThreadBuildActionExecutor.lambda$execute$0(Lorg/gradle/internal/invocation/BuildAction;Lorg/gradle/internal/session/BuildSessionContext;)Lorg/gradle/internal/buildtree/BuildActionRunner$Result;+6
j  org.gradle.launcher.exec.RunAsWorkerThreadBuildActionExecutor$$Lambda$157+0x0000000800e030f8.create()Ljava/lang/Object;+12
j  org.gradle.internal.work.DefaultWorkerLeaseService.withLocks(Ljava/util/Collection;Lorg/gradle/internal/Factory;)Ljava/lang/Object;+28
j  org.gradle.internal.work.DefaultWorkerLeaseService.runAsWorkerThread(Lorg/gradle/internal/Factory;)Ljava/lang/Object;+33
j  org.gradle.launcher.exec.RunAsWorkerThreadBuildActionExecutor.execute(Lorg/gradle/internal/invocation/BuildAction;Lorg/gradle/internal/session/BuildSessionContext;)Lorg/gradle/internal/buildtree/BuildActionRunner$Result;+12
j  org.gradle.tooling.internal.provider.continuous.ContinuousBuildActionExecutor.execute(Lorg/gradle/internal/invocation/BuildAction;Lorg/gradle/internal/session/BuildSessionContext;)Lorg/gradle/internal/buildtree/BuildActionRunner$Result;+58
j  org.gradle.tooling.internal.provider.SubscribableBuildActionExecutor.execute(Lorg/gradle/internal/invocation/BuildAction;Lorg/gradle/internal/session/BuildSessionContext;)Lorg/gradle/internal/buildtree/BuildActionRunner$Result;+30
j  org.gradle.internal.session.DefaultBuildSessionContext.execute(Lorg/gradle/internal/invocation/BuildAction;)Lorg/gradle/internal/buildtree/BuildActionRunner$Result;+64
j  org.gradle.tooling.internal.provider.BuildSessionLifecycleBuildActionExecuter$ActionImpl.apply(Lorg/gradle/internal/session/BuildSessionContext;)Lorg/gradle/launcher/exec/BuildActionResult;+6
j  org.gradle.tooling.internal.provider.BuildSessionLifecycleBuildActionExecuter$ActionImpl.apply(Ljava/lang/Object;)Ljava/lang/Object;+5
j  org.gradle.internal.session.BuildSessionState.run(Ljava/util/function/Function;)Ljava/lang/Object;+5
j  org.gradle.tooling.internal.provider.BuildSessionLifecycleBuildActionExecuter.execute(Lorg/gradle/internal/invocation/BuildAction;Lorg/gradle/launcher/exec/BuildActionParameters;Lorg/gradle/initialization/BuildRequestContext;)Lorg/gradle/launcher/exec/BuildActionResult;+95
j  org.gradle.tooling.internal.provider.BuildSessionLifecycleBuildActionExecuter.execute(Lorg/gradle/internal/invocation/BuildAction;Ljava/lang/Object;Ljava/lang/Object;)Lorg/gradle/launcher/exec/BuildActionResult;+10
j  org.gradle.tooling.internal.provider.StartParamsValidatingActionExecuter.execute(Lorg/gradle/internal/invocation/BuildAction;Lorg/gradle/launcher/exec/BuildActionParameters;Lorg/gradle/initialization/BuildRequestContext;)Lorg/gradle/launcher/exec/BuildActionResult;+177
j  org.gradle.tooling.internal.provider.StartParamsValidatingActionExecuter.execute(Lorg/gradle/internal/invocation/BuildAction;Ljava/lang/Object;Ljava/lang/Object;)Lorg/gradle/launcher/exec/BuildActionResult;+10
j  org.gradle.tooling.internal.provider.SessionFailureReportingActionExecuter.execute(Lorg/gradle/internal/invocation/BuildAction;Lorg/gradle/launcher/exec/BuildActionParameters;Lorg/gradle/initialization/BuildRequestContext;)Lorg/gradle/launcher/exec/BuildActionResult;+7
j  org.gradle.tooling.internal.provider.SessionFailureReportingActionExecuter.execute(Lorg/gradle/internal/invocation/BuildAction;Ljava/lang/Object;Ljava/lang/Object;)Lorg/gradle/launcher/exec/BuildActionResult;+10
j  org.gradle.tooling.internal.provider.SetupLoggingActionExecuter.execute(Lorg/gradle/internal/invocation/BuildAction;Lorg/gradle/launcher/exec/BuildActionParameters;Lorg/gradle/initialization/BuildRequestContext;)Lorg/gradle/launcher/exec/BuildActionResult;+50
j  org.gradle.tooling.internal.provider.SetupLoggingActionExecuter.execute(Lorg/gradle/internal/invocation/BuildAction;Ljava/lang/Object;Ljava/lang/Object;)Lorg/gradle/launcher/exec/BuildActionResult;+10
j  org.gradle.launcher.daemon.server.exec.ExecuteBuild.doBuild(Lorg/gradle/launcher/daemon/server/api/DaemonCommandExecution;Lorg/gradle/launcher/daemon/protocol/Build;)V+117
j  org.gradle.launcher.daemon.server.exec.BuildCommandOnly.execute(Lorg/gradle/launcher/daemon/server/api/DaemonCommandExecution;)V+49
j  org.gradle.launcher.daemon.server.api.DaemonCommandExecution.proceed()Z+23
j  org.gradle.launcher.daemon.server.exec.WatchForDisconnection.execute(Lorg/gradle/launcher/daemon/server/api/DaemonCommandExecution;)V+19
j  org.gradle.launcher.daemon.server.api.DaemonCommandExecution.proceed()Z+23
j  org.gradle.launcher.daemon.server.exec.ResetDeprecationLogger.execute(Lorg/gradle/launcher/daemon/server/api/DaemonCommandExecution;)V+7
j  org.gradle.launcher.daemon.server.api.DaemonCommandExecution.proceed()Z+23
j  org.gradle.launcher.daemon.server.exec.RequestStopIfSingleUsedDaemon.execute(Lorg/gradle/launcher/daemon/server/api/DaemonCommandExecution;)V+33
j  org.gradle.launcher.daemon.server.api.DaemonCommandExecution.proceed()Z+23
j  org.gradle.launcher.daemon.server.exec.ForwardClientInput$2.create()Ljava/lang/Void;+4
j  org.gradle.launcher.daemon.server.exec.ForwardClientInput$2.create()Ljava/lang/Object;+1
j  org.gradle.util.internal.Swapper.swap(Ljava/lang/Object;Lorg/gradle/internal/Factory;)Ljava/lang/Object;+21
j  org.gradle.launcher.daemon.server.exec.ForwardClientInput.execute(Lorg/gradle/launcher/daemon/server/api/DaemonCommandExecution;)V+63
j  org.gradle.launcher.daemon.server.api.DaemonCommandExecution.proceed()Z+23
j  org.gradle.launcher.daemon.server.exec.LogAndCheckHealth.execute(Lorg/gradle/launcher/daemon/server/api/DaemonCommandExecution;)V+51
j  org.gradle.launcher.daemon.server.api.DaemonCommandExecution.proceed()Z+23
j  org.gradle.launcher.daemon.server.exec.LogToClient.doBuild(Lorg/gradle/launcher/daemon/server/api/DaemonCommandExecution;Lorg/gradle/launcher/daemon/protocol/Build;)V+87
j  org.gradle.launcher.daemon.server.exec.BuildCommandOnly.execute(Lorg/gradle/launcher/daemon/server/api/DaemonCommandExecution;)V+49
j  org.gradle.launcher.daemon.server.api.DaemonCommandExecution.proceed()Z+23
j  org.gradle.launcher.daemon.server.exec.EstablishBuildEnvironment.doBuild(Lorg/gradle/launcher/daemon/server/api/DaemonCommandExecution;Lorg/gradle/launcher/daemon/protocol/Build;)V+356
j  org.gradle.launcher.daemon.server.exec.BuildCommandOnly.execute(Lorg/gradle/launcher/daemon/server/api/DaemonCommandExecution;)V+49
j  org.gradle.launcher.daemon.server.api.DaemonCommandExecution.proceed()Z+23
j  org.gradle.launcher.daemon.server.exec.StartBuildOrRespondWithBusy$1.run()V+44
j  org.gradle.launcher.daemon.server.DaemonStateCoordinator$1.run()V+4
j  org.gradle.internal.concurrent.ExecutorPolicy$CatchAndRecordFailures.onExecute(Ljava/lang/Runnable;)V+1
j  org.gradle.internal.concurrent.ManagedExecutorImpl$1.run()V+25
j  java.util.concurrent.ThreadPoolExecutor.runWorker(Ljava/util/concurrent/ThreadPoolExecutor$Worker;)V+92 java.base@17.0.2
j  java.util.concurrent.ThreadPoolExecutor$Worker.run()V+5 java.base@17.0.2
j  java.lang.Thread.run()V+11 java.base@17.0.2
v  ~StubRoutines::call_stub

---------------  P R O C E S S  ---------------

Threads class SMR info:
_java_thread_list=0x00000198755a4160, length=34, elements={
0x0000019851e6f880, 0x0000019851f3bd50, 0x0000019851f3cad0, 0x000001987168ec90,
0x0000019871690760, 0x0000019871693030, 0x0000019871694900, 0x00000198716975b0,
0x0000019871697f60, 0x0000019871713a70, 0x0000019872161460, 0x0000019872163d40,
0x00000198733d01e0, 0x0000019871752e60, 0x0000019872a25070, 0x0000019872429420,
0x000001987220d280, 0x0000019872577aa0, 0x0000019872577f70, 0x0000019872577100,
0x000001987257a5f0, 0x0000019872578440, 0x00000198725775d0, 0x0000019872578910,
0x000001987257a120, 0x0000019872579c50, 0x0000019872578de0, 0x00000198725792b0,
0x00000198753fdad0, 0x00000198753f9c40, 0x00000198753fe940, 0x00000198753faab0,
0x00000198753faf80, 0x00000198753fc2c0
}

Java Threads: ( => current thread )
  0x0000019851e6f880 JavaThread "main" [_thread_blocked, id=7460, stack(0x0000007a27300000,0x0000007a27400000)]
  0x0000019851f3bd50 JavaThread "Reference Handler" daemon [_thread_blocked, id=16392, stack(0x0000007a27a00000,0x0000007a27b00000)]
  0x0000019851f3cad0 JavaThread "Finalizer" daemon [_thread_blocked, id=15556, stack(0x0000007a27b00000,0x0000007a27c00000)]
  0x000001987168ec90 JavaThread "Signal Dispatcher" daemon [_thread_blocked, id=12916, stack(0x0000007a27c00000,0x0000007a27d00000)]
  0x0000019871690760 JavaThread "Attach Listener" daemon [_thread_blocked, id=15836, stack(0x0000007a27d00000,0x0000007a27e00000)]
  0x0000019871693030 JavaThread "Service Thread" daemon [_thread_blocked, id=9496, stack(0x0000007a27e00000,0x0000007a27f00000)]
  0x0000019871694900 JavaThread "Monitor Deflation Thread" daemon [_thread_blocked, id=5580, stack(0x0000007a27f00000,0x0000007a28000000)]
  0x00000198716975b0 JavaThread "C2 CompilerThread0" daemon [_thread_blocked, id=3012, stack(0x0000007a28000000,0x0000007a28100000)]
  0x0000019871697f60 JavaThread "C1 CompilerThread0" daemon [_thread_blocked, id=3264, stack(0x0000007a28100000,0x0000007a28200000)]
  0x0000019871713a70 JavaThread "Sweeper thread" daemon [_thread_blocked, id=5784, stack(0x0000007a28200000,0x0000007a28300000)]
  0x0000019872161460 JavaThread "Common-Cleaner" daemon [_thread_blocked, id=20316, stack(0x0000007a28300000,0x0000007a28400000)]
  0x0000019872163d40 JavaThread "Notification Thread" daemon [_thread_blocked, id=17944, stack(0x0000007a28400000,0x0000007a28500000)]
  0x00000198733d01e0 JavaThread "Daemon health stats" [_thread_blocked, id=2704, stack(0x0000007a28900000,0x0000007a28a00000)]
  0x0000019871752e60 JavaThread "Incoming local TCP Connector on port 56823" [_thread_in_native, id=12920, stack(0x0000007a28a00000,0x0000007a28b00000)]
  0x0000019872a25070 JavaThread "Daemon periodic checks" [_thread_blocked, id=6612, stack(0x0000007a28b00000,0x0000007a28c00000)]
  0x0000019872429420 JavaThread "Daemon" [_thread_blocked, id=3688, stack(0x0000007a28c00000,0x0000007a28d00000)]
  0x000001987220d280 JavaThread "Handler for socket connection from /127.0.0.1:56823 to /127.0.0.1:56824" [_thread_in_native, id=15712, stack(0x0000007a28d00000,0x0000007a28e00000)]
  0x0000019872577aa0 JavaThread "Cancel handler" [_thread_blocked, id=17676, stack(0x0000007a28e00000,0x0000007a28f00000)]
=>0x0000019872577f70 JavaThread "Daemon worker" [_thread_in_vm, id=12712, stack(0x0000007a28f00000,0x0000007a29000000)]
  0x0000019872577100 JavaThread "Asynchronous log dispatcher for DefaultDaemonConnection: socket connection from /127.0.0.1:56823 to /127.0.0.1:56824" [_thread_blocked, id=12948, stack(0x0000007a29000000,0x0000007a29100000)]
  0x000001987257a5f0 JavaThread "Daemon client event forwarder" [_thread_blocked, id=7452, stack(0x0000007a29200000,0x0000007a29300000)]
  0x0000019872578440 JavaThread "Cache worker for journal cache (C:\Users\Smart tech\.gradle\caches\journal-1)" [_thread_blocked, id=20416, stack(0x0000007a29300000,0x0000007a29400000)]
  0x00000198725775d0 JavaThread "File lock request listener" [_thread_in_native, id=7792, stack(0x0000007a29400000,0x0000007a29500000)]
  0x0000019872578910 JavaThread "File lock release action executor" [_thread_blocked, id=17652, stack(0x0000007a29500000,0x0000007a29600000)]
  0x000001987257a120 JavaThread "Cache worker for file hash cache (C:\Users\Smart tech\.gradle\caches\8.0.1\fileHashes)" [_thread_blocked, id=12396, stack(0x0000007a29600000,0x0000007a29700000)]
  0x0000019872579c50 JavaThread "File watcher server" daemon [_thread_in_native, id=10128, stack(0x0000007a29900000,0x0000007a29a00000)]
  0x0000019872578de0 JavaThread "File watcher consumer" daemon [_thread_blocked, id=14208, stack(0x0000007a29a00000,0x0000007a29b00000)]
  0x00000198725792b0 JavaThread "Cache worker for checksums cache (C:\SkillWork\Seda\android\.gradle\8.0.1\checksums)" [_thread_blocked, id=1840, stack(0x0000007a29b00000,0x0000007a29c00000)]
  0x00000198753fdad0 JavaThread "Cache worker for cache directory md-rule (C:\Users\Smart tech\.gradle\caches\8.0.1\md-rule)" [_thread_blocked, id=18772, stack(0x0000007a29c00000,0x0000007a29d00000)]
  0x00000198753f9c40 JavaThread "Cache worker for file content cache (C:\Users\Smart tech\.gradle\caches\8.0.1\fileContent)" [_thread_blocked, id=15608, stack(0x0000007a29d00000,0x0000007a29e00000)]
  0x00000198753fe940 JavaThread "Cache worker for file hash cache (C:\SkillWork\Seda\android\.gradle\8.0.1\fileHashes)" [_thread_blocked, id=13200, stack(0x0000007a29e00000,0x0000007a29f00000)]
  0x00000198753faab0 JavaThread "Cache worker for cache directory md-supplier (C:\Users\Smart tech\.gradle\caches\8.0.1\md-supplier)" [_thread_blocked, id=12588, stack(0x0000007a29f00000,0x0000007a2a000000)]
  0x00000198753faf80 JavaThread "Cache worker for execution history cache (C:\Users\Smart tech\.gradle\caches\8.0.1\executionHistory)" [_thread_blocked, id=14868, stack(0x0000007a2a000000,0x0000007a2a100000)]
  0x00000198753fc2c0 JavaThread "jar transforms" [_thread_blocked, id=20976, stack(0x0000007a27100000,0x0000007a27200000)]

Other Threads:
  0x0000019851f321c0 VMThread "VM Thread" [stack: 0x0000007a27900000,0x0000007a27a00000] [id=7528]
  0x000001987216b240 WatcherThread [stack: 0x0000007a28500000,0x0000007a28600000] [id=16464]
  0x0000019851eb0ba0 GCTaskThread "GC Thread#0" [stack: 0x0000007a27400000,0x0000007a27500000] [id=17704]
  0x00000198725446f0 GCTaskThread "GC Thread#1" [stack: 0x0000007a28600000,0x0000007a28700000] [id=19896]
  0x0000019872360c90 GCTaskThread "GC Thread#2" [stack: 0x0000007a28700000,0x0000007a28800000] [id=9380]
  0x00000198725456a0 GCTaskThread "GC Thread#3" [stack: 0x0000007a28800000,0x0000007a28900000] [id=19504]
  0x0000019851ec19f0 ConcurrentGCThread "G1 Main Marker" [stack: 0x0000007a27500000,0x0000007a27600000] [id=14276]
  0x0000019851ec2310 ConcurrentGCThread "G1 Conc#0" [stack: 0x0000007a27600000,0x0000007a27700000] [id=17360]
  0x0000019851f0d650 ConcurrentGCThread "G1 Refine#0" [stack: 0x0000007a27700000,0x0000007a27800000] [id=13368]
  0x0000019851f0df80 ConcurrentGCThread "G1 Service" [stack: 0x0000007a27800000,0x0000007a27900000] [id=20356]

Threads with active compile tasks:

VM state: not at safepoint (normal execution)

VM Mutex/Monitor currently owned by a thread:  ([mutex/lock_event])
[0x0000019851e6b460] Metaspace_lock - owner thread: 0x0000019872577f70

Heap address: 0x0000000080000000, size: 2048 MB, Compressed Oops mode: 32-bit

CDS archive(s) mapped at: [0x0000000800000000-0x0000000800bc0000-0x0000000800bc0000), size 12320768, SharedBaseAddress: 0x0000000800000000, ArchiveRelocationMode: 0.
Compressed class space mapped at: 0x0000000800c00000-0x000000081a800000, reserved size: 432013312
Narrow klass base: 0x0000000800000000, Narrow klass shift: 0, Narrow klass range: 0x100000000

GC Precious Log:
 CPUs: 4 total, 4 available
 Memory: 3961M
 Large Page Support: Disabled
 NUMA Support: Disabled
 Compressed Oops: Enabled (32-bit)
 Heap Region Size: 1M
 Heap Min Capacity: 8M
 Heap Initial Capacity: 62M
 Heap Max Capacity: 2G
 Pre-touch: Disabled
 Parallel Workers: 4
 Concurrent Workers: 1
 Concurrent Refinement Workers: 4
 Periodic GC: Disabled

Heap:
 garbage-first heap   total 63488K, used 38360K [0x0000000080000000, 0x0000000100000000)
  region size 1024K, 15 young (15360K), 4 survivors (4096K)
 Metaspace       used 29994K, committed 30400K, reserved 454656K
  class space    used 4199K, committed 4416K, reserved 421888K

Heap Regions: E=young(eden), S=young(survivor), O=old, HS=humongous(starts), HC=humongous(continues), CS=collection set, F=free, OA=open archive, CA=closed archive, TAMS=top-at-mark-start (previous, next)
|   0|0x0000000080000000, 0x0000000080100000, 0x0000000080100000|100%| O|  |TAMS 0x0000000080100000, 0x0000000080000000| Untracked 
|   1|0x0000000080100000, 0x0000000080200000, 0x0000000080200000|100%| O|  |TAMS 0x0000000080200000, 0x0000000080100000| Untracked 
|   2|0x0000000080200000, 0x0000000080300000, 0x0000000080300000|100%|HS|  |TAMS 0x0000000080300000, 0x0000000080200000| Complete 
|   3|0x0000000080300000, 0x0000000080400000, 0x0000000080400000|100%|HC|  |TAMS 0x0000000080400000, 0x0000000080300000| Complete 
|   4|0x0000000080400000, 0x0000000080500000, 0x0000000080500000|100%|HC|  |TAMS 0x0000000080500000, 0x0000000080400000| Complete 
|   5|0x0000000080500000, 0x0000000080600000, 0x0000000080600000|100%|HC|  |TAMS 0x0000000080600000, 0x0000000080500000| Complete 
|   6|0x0000000080600000, 0x0000000080700000, 0x0000000080700000|100%| O|  |TAMS 0x0000000080700000, 0x0000000080600000| Untracked 
|   7|0x0000000080700000, 0x0000000080800000, 0x0000000080800000|100%| O|  |TAMS 0x0000000080800000, 0x0000000080700000| Untracked 
|   8|0x0000000080800000, 0x0000000080900000, 0x0000000080900000|100%| O|  |TAMS 0x0000000080900000, 0x0000000080800000| Untracked 
|   9|0x0000000080900000, 0x0000000080a00000, 0x0000000080a00000|100%| O|  |TAMS 0x0000000080a00000, 0x0000000080900000| Untracked 
|  10|0x0000000080a00000, 0x0000000080b00000, 0x0000000080b00000|100%| O|  |TAMS 0x0000000080b00000, 0x0000000080a00000| Untracked 
|  11|0x0000000080b00000, 0x0000000080c00000, 0x0000000080c00000|100%| O|  |TAMS 0x0000000080c00000, 0x0000000080b00000| Untracked 
|  12|0x0000000080c00000, 0x0000000080d00000, 0x0000000080d00000|100%| O|  |TAMS 0x0000000080d00000, 0x0000000080c00000| Untracked 
|  13|0x0000000080d00000, 0x0000000080e00000, 0x0000000080e00000|100%| O|  |TAMS 0x0000000080e00000, 0x0000000080d00000| Untracked 
|  14|0x0000000080e00000, 0x0000000080f00000, 0x0000000080f00000|100%| O|  |TAMS 0x0000000080f00000, 0x0000000080e00000| Untracked 
|  15|0x0000000080f00000, 0x0000000081000000, 0x0000000081000000|100%| O|  |TAMS 0x0000000081000000, 0x0000000080f00000| Untracked 
|  16|0x0000000081000000, 0x0000000081100000, 0x0000000081100000|100%| O|  |TAMS 0x0000000081100000, 0x0000000081000000| Untracked 
|  17|0x0000000081100000, 0x0000000081200000, 0x0000000081200000|100%| O|  |TAMS 0x0000000081200000, 0x0000000081100000| Untracked 
|  18|0x0000000081200000, 0x0000000081300000, 0x0000000081300000|100%| O|  |TAMS 0x00000000812bd600, 0x0000000081200000| Untracked 
|  19|0x0000000081300000, 0x0000000081400000, 0x0000000081400000|100%| O|  |TAMS 0x0000000081300000, 0x0000000081300000| Untracked 
|  20|0x0000000081400000, 0x0000000081500000, 0x0000000081500000|100%| O|  |TAMS 0x0000000081400000, 0x0000000081400000| Untracked 
|  21|0x0000000081500000, 0x0000000081600000, 0x0000000081600000|100%| O|  |TAMS 0x0000000081500000, 0x0000000081500000| Untracked 
|  22|0x0000000081600000, 0x0000000081700000, 0x0000000081700000|100%| O|  |TAMS 0x0000000081600000, 0x0000000081600000| Untracked 
|  23|0x0000000081700000, 0x0000000081776000, 0x0000000081800000| 46%| O|  |TAMS 0x0000000081700000, 0x0000000081700000| Untracked 
|  24|0x0000000081800000, 0x0000000081800000, 0x0000000081900000|  0%| F|  |TAMS 0x0000000081800000, 0x0000000081800000| Untracked 
|  25|0x0000000081900000, 0x0000000081900000, 0x0000000081a00000|  0%| F|  |TAMS 0x0000000081900000, 0x0000000081900000| Untracked 
|  26|0x0000000081a00000, 0x0000000081a00000, 0x0000000081b00000|  0%| F|  |TAMS 0x0000000081a00000, 0x0000000081a00000| Untracked 
|  27|0x0000000081b00000, 0x0000000081b00000, 0x0000000081c00000|  0%| F|  |TAMS 0x0000000081b00000, 0x0000000081b00000| Untracked 
|  28|0x0000000081c00000, 0x0000000081c00000, 0x0000000081d00000|  0%| F|  |TAMS 0x0000000081c00000, 0x0000000081c00000| Untracked 
|  29|0x0000000081d00000, 0x0000000081d00000, 0x0000000081e00000|  0%| F|  |TAMS 0x0000000081d00000, 0x0000000081d00000| Untracked 
|  30|0x0000000081e00000, 0x0000000081e00000, 0x0000000081f00000|  0%| F|  |TAMS 0x0000000081e00000, 0x0000000081e00000| Untracked 
|  31|0x0000000081f00000, 0x0000000082000000, 0x0000000082000000|100%| S|CS|TAMS 0x0000000081f00000, 0x0000000081f00000| Complete 
|  32|0x0000000082000000, 0x0000000082000000, 0x0000000082100000|  0%| F|  |TAMS 0x0000000082000000, 0x0000000082000000| Untracked 
|  33|0x0000000082100000, 0x0000000082100000, 0x0000000082200000|  0%| F|  |TAMS 0x0000000082100000, 0x0000000082100000| Untracked 
|  34|0x0000000082200000, 0x0000000082200000, 0x0000000082300000|  0%| F|  |TAMS 0x0000000082200000, 0x0000000082200000| Untracked 
|  35|0x0000000082300000, 0x0000000082300000, 0x0000000082400000|  0%| F|  |TAMS 0x0000000082300000, 0x0000000082300000| Untracked 
|  36|0x0000000082400000, 0x0000000082500000, 0x0000000082500000|100%| S|CS|TAMS 0x0000000082400000, 0x0000000082400000| Complete 
|  37|0x0000000082500000, 0x0000000082600000, 0x0000000082600000|100%| S|CS|TAMS 0x0000000082500000, 0x0000000082500000| Complete 
|  38|0x0000000082600000, 0x0000000082700000, 0x0000000082700000|100%| S|CS|TAMS 0x0000000082600000, 0x0000000082600000| Complete 
|  39|0x0000000082700000, 0x0000000082700000, 0x0000000082800000|  0%| F|  |TAMS 0x0000000082700000, 0x0000000082700000| Untracked 
|  40|0x0000000082800000, 0x0000000082800000, 0x0000000082900000|  0%| F|  |TAMS 0x0000000082800000, 0x0000000082800000| Untracked 
|  41|0x0000000082900000, 0x0000000082900000, 0x0000000082a00000|  0%| F|  |TAMS 0x0000000082900000, 0x0000000082900000| Untracked 
|  42|0x0000000082a00000, 0x0000000082a00000, 0x0000000082b00000|  0%| F|  |TAMS 0x0000000082a00000, 0x0000000082a00000| Untracked 
|  43|0x0000000082b00000, 0x0000000082b00000, 0x0000000082c00000|  0%| F|  |TAMS 0x0000000082b00000, 0x0000000082b00000| Untracked 
|  44|0x0000000082c00000, 0x0000000082c00000, 0x0000000082d00000|  0%| F|  |TAMS 0x0000000082c00000, 0x0000000082c00000| Untracked 
|  45|0x0000000082d00000, 0x0000000082d00000, 0x0000000082e00000|  0%| F|  |TAMS 0x0000000082d00000, 0x0000000082d00000| Untracked 
|  46|0x0000000082e00000, 0x0000000082e00000, 0x0000000082f00000|  0%| F|  |TAMS 0x0000000082e00000, 0x0000000082e00000| Untracked 
|  47|0x0000000082f00000, 0x0000000082f00000, 0x0000000083000000|  0%| F|  |TAMS 0x0000000082f00000, 0x0000000082f00000| Untracked 
|  48|0x0000000083000000, 0x0000000083000000, 0x0000000083100000|  0%| F|  |TAMS 0x0000000083000000, 0x0000000083000000| Untracked 
|  49|0x0000000083100000, 0x0000000083100000, 0x0000000083200000|  0%| F|  |TAMS 0x0000000083100000, 0x0000000083100000| Untracked 
|  50|0x0000000083200000, 0x0000000083200000, 0x0000000083300000|  0%| F|  |TAMS 0x0000000083200000, 0x0000000083200000| Untracked 
|  51|0x0000000083300000, 0x00000000833fc1d0, 0x0000000083400000| 98%| E|  |TAMS 0x0000000083300000, 0x0000000083300000| Complete 
|  52|0x0000000083400000, 0x0000000083500000, 0x0000000083500000|100%| E|CS|TAMS 0x0000000083400000, 0x0000000083400000| Complete 
|  53|0x0000000083500000, 0x0000000083600000, 0x0000000083600000|100%| E|CS|TAMS 0x0000000083500000, 0x0000000083500000| Complete 
|  54|0x0000000083600000, 0x0000000083700000, 0x0000000083700000|100%| E|CS|TAMS 0x0000000083600000, 0x0000000083600000| Complete 
|  55|0x0000000083700000, 0x0000000083800000, 0x0000000083800000|100%| E|CS|TAMS 0x0000000083700000, 0x0000000083700000| Complete 
|  56|0x0000000083800000, 0x0000000083900000, 0x0000000083900000|100%| E|CS|TAMS 0x0000000083800000, 0x0000000083800000| Complete 
|  57|0x0000000083900000, 0x0000000083a00000, 0x0000000083a00000|100%| E|CS|TAMS 0x0000000083900000, 0x0000000083900000| Complete 
|  58|0x0000000083a00000, 0x0000000083b00000, 0x0000000083b00000|100%| E|CS|TAMS 0x0000000083a00000, 0x0000000083a00000| Complete 
|  59|0x0000000083b00000, 0x0000000083c00000, 0x0000000083c00000|100%| E|CS|TAMS 0x0000000083b00000, 0x0000000083b00000| Complete 
|  60|0x0000000083c00000, 0x0000000083d00000, 0x0000000083d00000|100%| E|CS|TAMS 0x0000000083c00000, 0x0000000083c00000| Complete 
|  61|0x0000000083d00000, 0x0000000083e00000, 0x0000000083e00000|100%| E|CS|TAMS 0x0000000083d00000, 0x0000000083d00000| Complete 

Card table byte_map: [0x000001986a8e0000,0x000001986ace0000] _byte_map_base: 0x000001986a4e0000

Marking Bits (Prev, Next): (CMBitMap*) 0x0000019851eb1100, (CMBitMap*) 0x0000019851eb10c0
 Prev Bits: [0x000001986d0e0000, 0x000001986f0e0000)
 Next Bits: [0x000001986b0e0000, 0x000001986d0e0000)

Polling page: 0x0000019851d40000

Metaspace:

Usage:
  Non-class:     25.19 MB used.
      Class:      4.10 MB used.
       Both:     29.29 MB used.

Virtual space:
  Non-class space:       32.00 MB reserved,      25.38 MB ( 79%) committed,  4 nodes.
      Class space:      412.00 MB reserved,       4.31 MB (  1%) committed,  1 nodes.
             Both:      444.00 MB reserved,      29.69 MB (  7%) committed. 

Chunk freelists:
   Non-Class:  2.05 MB
       Class:  3.73 MB
        Both:  5.78 MB

MaxMetaspaceSize: 512.00 MB
CompressedClassSpaceSize: 412.00 MB
Initial GC threshold: 21.00 MB
Current GC threshold: 35.12 MB
CDS: on
MetaspaceReclaimPolicy: balanced
 - commit_granule_bytes: 65536.
 - commit_granule_words: 8192.
 - virtual_space_node_default_size: 1048576.
 - enlarge_chunks_in_place: 1.
 - new_chunks_are_fully_committed: 0.
 - uncommit_free_chunks: 1.
 - use_allocation_guard: 0.
 - handle_deallocations: 1.


Internal statistics:

num_allocs_failed_limit: 3.
num_arena_births: 312.
num_arena_deaths: 0.
num_vsnodes_births: 5.
num_vsnodes_deaths: 0.
num_space_committed: 475.
num_space_uncommitted: 0.
num_chunks_returned_to_freelist: 3.
num_chunks_taken_from_freelist: 1334.
num_chunk_merges: 3.
num_chunk_splits: 907.
num_chunks_enlarged: 660.
num_purges: 0.
num_inconsistent_stats: 0.

CodeHeap 'non-profiled nmethods': size=120000Kb used=2178Kb max_used=2178Kb free=117821Kb
 bounds [0x0000019862980000, 0x0000019862bf0000, 0x0000019869eb0000]
CodeHeap 'profiled nmethods': size=120000Kb used=7956Kb max_used=7956Kb free=112043Kb
 bounds [0x000001985b450000, 0x000001985bc20000, 0x0000019862980000]
CodeHeap 'non-nmethods': size=5760Kb used=1581Kb max_used=1627Kb free=4178Kb
 bounds [0x000001985aeb0000, 0x000001985b120000, 0x000001985b450000]
 total_blobs=4484 nmethods=3837 adapters=558
 compilation: enabled
              stopped_count=0, restarted_count=0
 full_count=0

Compilation events (20 events):
Event: 121.031 Thread 0x0000019871697f60 3852       3       org.gradle.internal.logging.slf4j.OutputEventListenerBackedLogger::debug (8 bytes)
Event: 121.031 Thread 0x0000019871697f60 nmethod 3852 0x000001985bc0f410 code [0x000001985bc0f5a0, 0x000001985bc0f6e8]
Event: 121.032 Thread 0x0000019871697f60 3853       3       org.gradle.internal.logging.slf4j.BuildOperationAwareLogger::debug (19 bytes)
Event: 121.032 Thread 0x0000019871697f60 nmethod 3853 0x000001985bc0f790 code [0x000001985bc0f960, 0x000001985bc0fcb8]
Event: 121.394 Thread 0x0000019871697f60 3854       3       java.io.BufferedInputStream::fill (203 bytes)
Event: 121.395 Thread 0x0000019871697f60 nmethod 3854 0x000001985bc0fe10 code [0x000001985bc10080, 0x000001985bc10ce8]
Event: 122.749 Thread 0x0000019871697f60 3855       3       java.lang.ThreadLocal$ThreadLocalMap::set (133 bytes)
Event: 122.750 Thread 0x0000019871697f60 nmethod 3855 0x000001985bc11010 code [0x000001985bc112a0, 0x000001985bc11fa8]
Event: 123.762 Thread 0x0000019871697f60 3857       1       org.gradle.internal.concurrent.ManagedExecutorImpl::access$100 (5 bytes)
Event: 123.762 Thread 0x0000019871697f60 nmethod 3857 0x0000019862b9fc90 code [0x0000019862b9fe20, 0x0000019862b9fed8]
Event: 123.763 Thread 0x00000198716975b0 3858       4       java.lang.String::<init> (14 bytes)
Event: 123.770 Thread 0x00000198716975b0 nmethod 3858 0x0000019862b9ff90 code [0x0000019862ba0120, 0x0000019862ba0638]
Event: 124.202 Thread 0x0000019871697f60 3859   !   3       org.gradle.cache.internal.DefaultFileLockManager$AwaitableFileLockReleasedSignal::await (78 bytes)
Event: 124.203 Thread 0x0000019871697f60 nmethod 3859 0x000001985bc12410 code [0x000001985bc125e0, 0x000001985bc12a38]
Event: 125.207 Thread 0x0000019871697f60 3860   !   3       org.gradle.cache.internal.filelock.LockInfoAccess::tryLock (39 bytes)
Event: 125.207 Thread 0x0000019871697f60 nmethod 3860 0x000001985bc12c90 code [0x000001985bc12e80, 0x000001985bc13318]
Event: 126.324 Thread 0x0000019871697f60 3861       3       java.nio.ByteBuffer::get (54 bytes)
Event: 126.325 Thread 0x0000019871697f60 nmethod 3861 0x000001985bc13590 code [0x000001985bc13780, 0x000001985bc13c58]
Event: 126.325 Thread 0x0000019871697f60 3862   !   3       java.nio.ByteBuffer::getArray (121 bytes)
Event: 126.327 Thread 0x0000019871697f60 nmethod 3862 0x000001985bc13e90 code [0x000001985bc14100, 0x000001985bc14c58]

GC Heap History (20 events):
Event: 4.968 GC heap before
{Heap before GC invocations=0 (full 0):
 garbage-first heap   total 63488K, used 12288K [0x0000000080000000, 0x0000000100000000)
  region size 1024K, 13 young (13312K), 0 survivors (0K)
 Metaspace       used 977K, committed 1088K, reserved 430080K
  class space    used 74K, committed 128K, reserved 421888K
}
Event: 5.209 GC heap after
{Heap after GC invocations=1 (full 0):
 garbage-first heap   total 63488K, used 3752K [0x0000000080000000, 0x0000000100000000)
  region size 1024K, 2 young (2048K), 2 survivors (2048K)
 Metaspace       used 977K, committed 1088K, reserved 430080K
  class space    used 74K, committed 128K, reserved 421888K
}
Event: 11.953 GC heap before
{Heap before GC invocations=1 (full 0):
 garbage-first heap   total 63488K, used 22184K [0x0000000080000000, 0x0000000100000000)
  region size 1024K, 17 young (17408K), 2 survivors (2048K)
 Metaspace       used 3869K, committed 4032K, reserved 430080K
  class space    used 474K, committed 576K, reserved 421888K
}
Event: 11.962 GC heap after
{Heap after GC invocations=2 (full 0):
 garbage-first heap   total 63488K, used 10437K [0x0000000080000000, 0x0000000100000000)
  region size 1024K, 3 young (3072K), 3 survivors (3072K)
 Metaspace       used 3869K, committed 4032K, reserved 430080K
  class space    used 474K, committed 576K, reserved 421888K
}
Event: 16.803 GC heap before
{Heap before GC invocations=2 (full 0):
 garbage-first heap   total 63488K, used 28869K [0x0000000080000000, 0x0000000100000000)
  region size 1024K, 21 young (21504K), 3 survivors (3072K)
 Metaspace       used 3935K, committed 4096K, reserved 430080K
  class space    used 475K, committed 576K, reserved 421888K
}
Event: 16.809 GC heap after
{Heap after GC invocations=3 (full 0):
 garbage-first heap   total 63488K, used 10837K [0x0000000080000000, 0x0000000100000000)
  region size 1024K, 1 young (1024K), 1 survivors (1024K)
 Metaspace       used 3935K, committed 4096K, reserved 430080K
  class space    used 475K, committed 576K, reserved 421888K
}
Event: 39.921 GC heap before
{Heap before GC invocations=3 (full 0):
 garbage-first heap   total 63488K, used 42581K [0x0000000080000000, 0x0000000100000000)
  region size 1024K, 32 young (32768K), 1 survivors (1024K)
 Metaspace       used 9269K, committed 9472K, reserved 438272K
  class space    used 1251K, committed 1344K, reserved 421888K
}
Event: 39.930 GC heap after
{Heap after GC invocations=4 (full 0):
 garbage-first heap   total 63488K, used 18009K [0x0000000080000000, 0x0000000100000000)
  region size 1024K, 4 young (4096K), 4 survivors (4096K)
 Metaspace       used 9269K, committed 9472K, reserved 438272K
  class space    used 1251K, committed 1344K, reserved 421888K
}
Event: 54.504 GC heap before
{Heap before GC invocations=4 (full 0):
 garbage-first heap   total 63488K, used 40537K [0x0000000080000000, 0x0000000100000000)
  region size 1024K, 27 young (27648K), 4 survivors (4096K)
 Metaspace       used 13712K, committed 14016K, reserved 438272K
  class space    used 1912K, committed 2048K, reserved 421888K
}
Event: 54.521 GC heap after
{Heap after GC invocations=5 (full 0):
 garbage-first heap   total 63488K, used 19329K [0x0000000080000000, 0x0000000100000000)
  region size 1024K, 2 young (2048K), 2 survivors (2048K)
 Metaspace       used 13712K, committed 14016K, reserved 438272K
  class space    used 1912K, committed 2048K, reserved 421888K
}
Event: 65.666 GC heap before
{Heap before GC invocations=5 (full 0):
 garbage-first heap   total 63488K, used 42881K [0x0000000080000000, 0x0000000100000000)
  region size 1024K, 25 young (25600K), 2 survivors (2048K)
 Metaspace       used 17233K, committed 17536K, reserved 438272K
  class space    used 2486K, committed 2624K, reserved 421888K
}
Event: 65.671 GC heap after
{Heap after GC invocations=6 (full 0):
 garbage-first heap   total 63488K, used 20724K [0x0000000080000000, 0x0000000100000000)
  region size 1024K, 3 young (3072K), 3 survivors (3072K)
 Metaspace       used 17233K, committed 17536K, reserved 438272K
  class space    used 2486K, committed 2624K, reserved 421888K
}
Event: 70.604 GC heap before
{Heap before GC invocations=6 (full 0):
 garbage-first heap   total 63488K, used 45300K [0x0000000080000000, 0x0000000100000000)
  region size 1024K, 27 young (27648K), 3 survivors (3072K)
 Metaspace       used 20790K, committed 21120K, reserved 446464K
  class space    used 3054K, committed 3200K, reserved 421888K
}
Event: 70.615 GC heap after
{Heap after GC invocations=7 (full 0):
 garbage-first heap   total 63488K, used 22261K [0x0000000080000000, 0x0000000100000000)
  region size 1024K, 3 young (3072K), 3 survivors (3072K)
 Metaspace       used 20790K, committed 21120K, reserved 446464K
  class space    used 3054K, committed 3200K, reserved 421888K
}
Event: 71.347 GC heap before
{Heap before GC invocations=7 (full 0):
 garbage-first heap   total 63488K, used 25333K [0x0000000080000000, 0x0000000100000000)
  region size 1024K, 7 young (7168K), 3 survivors (3072K)
 Metaspace       used 21191K, committed 21504K, reserved 446464K
  class space    used 3123K, committed 3264K, reserved 421888K
}
Event: 71.353 GC heap after
{Heap after GC invocations=8 (full 0):
 garbage-first heap   total 63488K, used 22448K [0x0000000080000000, 0x0000000100000000)
  region size 1024K, 2 young (2048K), 2 survivors (2048K)
 Metaspace       used 21191K, committed 21504K, reserved 446464K
  class space    used 3123K, committed 3264K, reserved 421888K
}
Event: 78.379 GC heap before
{Heap before GC invocations=9 (full 0):
 garbage-first heap   total 63488K, used 47024K [0x0000000080000000, 0x0000000100000000)
  region size 1024K, 26 young (26624K), 2 survivors (2048K)
 Metaspace       used 25236K, committed 25600K, reserved 446464K
  class space    used 3659K, committed 3840K, reserved 421888K
}
Event: 78.388 GC heap after
{Heap after GC invocations=10 (full 0):
 garbage-first heap   total 63488K, used 24173K [0x0000000080000000, 0x0000000100000000)
  region size 1024K, 4 young (4096K), 4 survivors (4096K)
 Metaspace       used 25236K, committed 25600K, reserved 446464K
  class space    used 3659K, committed 3840K, reserved 421888K
}
Event: 83.196 GC heap before
{Heap before GC invocations=10 (full 0):
 garbage-first heap   total 63488K, used 46701K [0x0000000080000000, 0x0000000100000000)
  region size 1024K, 27 young (27648K), 4 survivors (4096K)
 Metaspace       used 28909K, committed 29184K, reserved 454656K
  class space    used 4041K, committed 4160K, reserved 421888K
}
Event: 83.210 GC heap after
{Heap after GC invocations=11 (full 0):
 garbage-first heap   total 63488K, used 28120K [0x0000000080000000, 0x0000000100000000)
  region size 1024K, 4 young (4096K), 4 survivors (4096K)
 Metaspace       used 28909K, committed 29184K, reserved 454656K
  class space    used 4041K, committed 4160K, reserved 421888K
}

Deoptimization events (20 events):
Event: 83.853 Thread 0x0000019872577f70 Uncommon trap: trap_request=0xffffffcc fr.pc=0x0000019862b54590 relative=0x0000000000004b30
Event: 83.853 Thread 0x0000019872577f70 Uncommon trap: reason=intrinsic_or_type_checked_inlining action=make_not_entrant pc=0x0000019862b54590 method=java.util.ArrayList$SubList.toArray([Ljava/lang/Object;)[Ljava/lang/Object; @ 58 c2
Event: 83.853 Thread 0x0000019872577f70 DEOPT PACKING pc=0x0000019862b54590 sp=0x0000007a28ff8e10
Event: 83.855 Thread 0x0000019872577f70 DEOPT UNPACKING pc=0x000001985af023a3 sp=0x0000007a28ff8cd8 mode 2
Event: 113.365 Thread 0x0000019872578440 Uncommon trap: trap_request=0xffffffc6 fr.pc=0x0000019862b89c48 relative=0x0000000000000f28
Event: 113.365 Thread 0x0000019872578440 Uncommon trap: reason=bimorphic_or_optimized_type_check action=maybe_recompile pc=0x0000019862b89c48 method=java.io.DataInputStream.readInt()I @ 4 c2
Event: 113.365 Thread 0x0000019872578440 DEOPT PACKING pc=0x0000019862b89c48 sp=0x0000007a293fe200
Event: 113.365 Thread 0x0000019872578440 DEOPT UNPACKING pc=0x000001985af023a3 sp=0x0000007a293fe1c0 mode 2
Event: 113.365 Thread 0x0000019872578440 Uncommon trap: trap_request=0xffffffc6 fr.pc=0x0000019862b89c48 relative=0x0000000000000f28
Event: 113.365 Thread 0x0000019872578440 Uncommon trap: reason=bimorphic_or_optimized_type_check action=maybe_recompile pc=0x0000019862b89c48 method=java.io.DataInputStream.readInt()I @ 4 c2
Event: 113.365 Thread 0x0000019872578440 DEOPT PACKING pc=0x0000019862b89c48 sp=0x0000007a293fe180
Event: 113.365 Thread 0x0000019872578440 DEOPT UNPACKING pc=0x000001985af023a3 sp=0x0000007a293fe140 mode 2
Event: 113.365 Thread 0x0000019872578440 Uncommon trap: trap_request=0xffffffc6 fr.pc=0x0000019862b89c48 relative=0x0000000000000f28
Event: 113.365 Thread 0x0000019872578440 Uncommon trap: reason=bimorphic_or_optimized_type_check action=maybe_recompile pc=0x0000019862b89c48 method=java.io.DataInputStream.readInt()I @ 4 c2
Event: 113.365 Thread 0x0000019872578440 DEOPT PACKING pc=0x0000019862b89c48 sp=0x0000007a293fe180
Event: 113.365 Thread 0x0000019872578440 DEOPT UNPACKING pc=0x000001985af023a3 sp=0x0000007a293fe140 mode 2
Event: 113.365 Thread 0x0000019872578440 Uncommon trap: trap_request=0xffffffc6 fr.pc=0x0000019862b89c48 relative=0x0000000000000f28
Event: 113.365 Thread 0x0000019872578440 Uncommon trap: reason=bimorphic_or_optimized_type_check action=maybe_recompile pc=0x0000019862b89c48 method=java.io.DataInputStream.readInt()I @ 4 c2
Event: 113.365 Thread 0x0000019872578440 DEOPT PACKING pc=0x0000019862b89c48 sp=0x0000007a293fe180
Event: 113.365 Thread 0x0000019872578440 DEOPT UNPACKING pc=0x000001985af023a3 sp=0x0000007a293fe140 mode 2

Classes unloaded (0 events):
No events

Classes redefined (0 events):
No events

Internal exceptions (20 events):
Event: 77.554 Thread 0x0000019872577f70 Exception <a 'java/lang/NoSuchMethodError'{0x00000000828f1d70}: 'int java.lang.invoke.DirectMethodHandle$Holder.invokeStaticInit(java.lang.Object, java.lang.Object, java.lang.Object)'> (0x00000000828f1d70) 
thrown [t:\workspace\open\src\hotspot\share\interpreter\linkResolver.cpp, line 766]
Event: 77.579 Thread 0x0000019872577f70 Exception <a 'java/lang/NoSuchMethodError'{0x0000000082749578}: 'int java.lang.invoke.DirectMethodHandle$Holder.invokeStaticInit(java.lang.Object, java.lang.Object, java.lang.Object, java.lang.Object)'> (0x0000000082749578) 
thrown [t:\workspace\open\src\hotspot\share\interpreter\linkResolver.cpp, line 766]
Event: 79.963 Thread 0x0000019872577f70 Exception <a 'java/lang/ClassNotFoundException'{0x0000000083ab17f0}: groovy/lang/ExpandoMetaClassBeanInfo> (0x0000000083ab17f0) 
thrown [t:\workspace\open\src\hotspot\share\classfile\systemDictionary.cpp, line 256]
Event: 79.978 Thread 0x0000019872577f70 Exception <a 'java/lang/ClassNotFoundException'{0x0000000083ac8518}: groovy/lang/MetaClassImplBeanInfo> (0x0000000083ac8518) 
thrown [t:\workspace\open\src\hotspot\share\classfile\systemDictionary.cpp, line 256]
Event: 79.978 Thread 0x0000019872577f70 Exception <a 'java/lang/ClassNotFoundException'{0x0000000083acd4d0}: java/lang/ObjectBeanInfo> (0x0000000083acd4d0) 
thrown [t:\workspace\open\src\hotspot\share\classfile\systemDictionary.cpp, line 256]
Event: 79.980 Thread 0x0000019872577f70 Exception <a 'java/lang/ClassNotFoundException'{0x0000000083ad2b40}: java/lang/ObjectCustomizer> (0x0000000083ad2b40) 
thrown [t:\workspace\open\src\hotspot\share\classfile\systemDictionary.cpp, line 256]
Event: 80.002 Thread 0x0000019872577f70 Exception <a 'java/lang/IncompatibleClassChangeError'{0x0000000083ad7568}: Found class java.lang.Object, but interface was expected> (0x0000000083ad7568) 
thrown [t:\workspace\open\src\hotspot\share\interpreter\linkResolver.cpp, line 833]
Event: 80.020 Thread 0x0000019872577f70 Exception <a 'java/lang/ClassNotFoundException'{0x0000000083af2f90}: groovy/lang/MetaClassImplCustomizer> (0x0000000083af2f90) 
thrown [t:\workspace\open\src\hotspot\share\classfile\systemDictionary.cpp, line 256]
Event: 80.081 Thread 0x0000019872577f70 Exception <a 'java/lang/ClassNotFoundException'{0x0000000083928908}: groovy/lang/ExpandoMetaClassCustomizer> (0x0000000083928908) 
thrown [t:\workspace\open\src\hotspot\share\classfile\systemDictionary.cpp, line 256]
Event: 84.821 Thread 0x0000019872577f70 Exception <a 'java/lang/ClassNotFoundException'{0x0000000083ba2678}: org/gradle/internal/extensibility/DefaultExtraPropertiesExtensionBeanInfo> (0x0000000083ba2678) 
thrown [t:\workspace\open\src\hotspot\share\classfile\systemDictionary.cpp, line 256]
Event: 84.823 Thread 0x0000019872577f70 Exception <a 'java/lang/ClassNotFoundException'{0x0000000083bbc838}: groovy/lang/GroovyObjectSupportBeanInfo> (0x0000000083bbc838) 
thrown [t:\workspace\open\src\hotspot\share\classfile\systemDictionary.cpp, line 256]
Event: 84.825 Thread 0x0000019872577f70 Exception <a 'java/lang/ClassNotFoundException'{0x0000000083bd3348}: groovy/lang/GroovyObjectSupportCustomizer> (0x0000000083bd3348) 
thrown [t:\workspace\open\src\hotspot\share\classfile\systemDictionary.cpp, line 256]
Event: 84.829 Thread 0x0000019872577f70 Exception <a 'java/lang/ClassNotFoundException'{0x0000000083bebca0}: org/gradle/internal/extensibility/DefaultExtraPropertiesExtensionCustomizer> (0x0000000083bebca0) 
thrown [t:\workspace\open\src\hotspot\share\classfile\systemDictionary.cpp, line 256]
Event: 110.127 Thread 0x0000019872577f70 Exception <a 'java/lang/NoSuchMethodError'{0x000000008374d2e8}: 'java.lang.Object java.lang.invoke.DirectMethodHandle$Holder.newInvokeSpecial(java.lang.Object, java.lang.Object, long)'> (0x000000008374d2e8) 
thrown [t:\workspace\open\src\hotspot\share\interpreter\linkResolver.cpp, line 766]
Event: 110.128 Thread 0x0000019872577f70 Exception <a 'java/lang/NoSuchMethodError'{0x0000000083751ba0}: 'java.lang.Object java.lang.invoke.Invokers$Holder.linkToTargetMethod(java.lang.Object, long, java.lang.Object)'> (0x0000000083751ba0) 
thrown [t:\workspace\open\src\hotspot\share\interpreter\linkResolver.cpp, line 766]
Event: 110.259 Thread 0x0000019872577f70 Exception <a 'java/lang/NoSuchMethodError'{0x0000000083651af0}: 'int java.lang.invoke.DirectMethodHandle$Holder.invokeInterface(java.lang.Object, java.lang.Object)'> (0x0000000083651af0) 
thrown [t:\workspace\open\src\hotspot\share\interpreter\linkResolver.cpp, line 766]
Event: 110.267 Thread 0x0000019872577f70 Exception <a 'java/lang/NoSuchMethodError'{0x000000008367cd48}: 'java.lang.Object java.lang.invoke.DirectMethodHandle$Holder.invokeStatic(java.lang.Object, java.lang.Object, int, java.lang.Object)'> (0x000000008367cd48) 
thrown [t:\workspace\open\src\hotspot\share\interpreter\linkResolver.cpp, line 766]
Event: 110.267 Thread 0x0000019872577f70 Exception <a 'java/lang/NoSuchMethodError'{0x0000000083684900}: 'java.lang.Object java.lang.invoke.DirectMethodHandle$Holder.newInvokeSpecial(java.lang.Object, java.lang.Object, int, java.lang.Object)'> (0x0000000083684900) 
thrown [t:\workspace\open\src\hotspot\share\interpreter\linkResolver.cpp, line 766]
Event: 110.268 Thread 0x0000019872577f70 Exception <a 'java/lang/NoSuchMethodError'{0x00000000836891e8}: 'java.lang.Object java.lang.invoke.DirectMethodHandle$Holder.invokeSpecial(java.lang.Object, java.lang.Object, java.lang.Object, int, java.lang.Object)'> (0x00000000836891e8) 
thrown [t:\workspace\open\src\hotspot\share\interpreter\linkResolver.cpp, line 766]
Event: 113.265 Thread 0x0000019872577f70 Exception <a 'java/lang/IncompatibleClassChangeError'{0x000000008356d450}: Found class java.lang.Object, but interface was expected> (0x000000008356d450) 
thrown [t:\workspace\open\src\hotspot\share\interpreter\linkResolver.cpp, line 833]

VM Operations (20 events):
Event: 109.471 Executing VM operation: Cleanup
Event: 109.472 Executing VM operation: Cleanup done
Event: 110.479 Executing VM operation: Cleanup
Event: 110.479 Executing VM operation: Cleanup done
Event: 111.490 Executing VM operation: Cleanup
Event: 111.490 Executing VM operation: Cleanup done
Event: 112.494 Executing VM operation: Cleanup
Event: 112.494 Executing VM operation: Cleanup done
Event: 113.359 Executing VM operation: HandshakeAllThreads
Event: 113.359 Executing VM operation: HandshakeAllThreads done
Event: 113.361 Executing VM operation: HandshakeAllThreads
Event: 113.361 Executing VM operation: HandshakeAllThreads done
Event: 114.356 Executing VM operation: Cleanup
Event: 114.356 Executing VM operation: Cleanup done
Event: 119.404 Executing VM operation: Cleanup
Event: 119.404 Executing VM operation: Cleanup done
Event: 120.419 Executing VM operation: Cleanup
Event: 120.419 Executing VM operation: Cleanup done
Event: 121.422 Executing VM operation: Cleanup
Event: 121.422 Executing VM operation: Cleanup done

Events (20 events):
Event: 84.611 loading class java/util/WeakHashMap$KeyIterator
Event: 84.798 loading class java/util/WeakHashMap$HashIterator
Event: 84.798 loading class java/util/WeakHashMap$HashIterator done
Event: 84.798 loading class java/util/WeakHashMap$KeyIterator done
Event: 86.683 loading class java/io/StringReader
Event: 86.683 loading class java/io/StringReader done
Event: 86.763 loading class java/lang/StrictMath
Event: 86.763 loading class java/lang/StrictMath done
Event: 86.763 loading class java/math/MutableBigInteger
Event: 86.764 loading class java/math/MutableBigInteger done
Event: 86.827 loading class java/lang/invoke/SerializedLambda
Event: 86.832 loading class java/lang/invoke/SerializedLambda done
Event: 86.832 loading class java/lang/ProcessBuilder
Event: 86.833 loading class java/lang/ProcessBuilder done
Event: 100.178 Thread 0x0000019872579780 Thread exited: 0x0000019872579780
Event: 110.270 Thread 0x00000198753fc2c0 Thread added: 0x00000198753fc2c0
Event: 110.270 loading class sun/nio/fs/WindowsPath$1
Event: 110.270 loading class sun/nio/fs/WindowsPath$1 done
Event: 113.386 loading class java/nio/charset/CharacterCodingException
Event: 113.386 loading class java/nio/charset/CharacterCodingException done


Dynamic libraries:
0x00007ff6c6570000 - 0x00007ff6c657e000 	E:\jdk-17.0.2\bin\java.exe
0x00007ffaa7bf0000 - 0x00007ffaa7de7000 	C:\WINDOWS\SYSTEM32\ntdll.dll
0x00007ffaa6620000 - 0x00007ffaa66dd000 	C:\WINDOWS\System32\KERNEL32.DLL
0x00007ffaa53d0000 - 0x00007ffaa56c6000 	C:\WINDOWS\System32\KERNELBASE.dll
0x00007ffaa52d0000 - 0x00007ffaa53d0000 	C:\WINDOWS\System32\ucrtbase.dll
0x00007ffa912e0000 - 0x00007ffa912f8000 	E:\jdk-17.0.2\bin\jli.dll
0x00007ffaa6cf0000 - 0x00007ffaa6e8e000 	C:\WINDOWS\System32\USER32.dll
0x00007ffaa5780000 - 0x00007ffaa57a2000 	C:\WINDOWS\System32\win32u.dll
0x00007ffaa71d0000 - 0x00007ffaa71fc000 	C:\WINDOWS\System32\GDI32.dll
0x00007ffaa5850000 - 0x00007ffaa596a000 	C:\WINDOWS\System32\gdi32full.dll
0x00007ffaa57b0000 - 0x00007ffaa584d000 	C:\WINDOWS\System32\msvcp_win.dll
0x00007ffa912c0000 - 0x00007ffa912da000 	E:\jdk-17.0.2\bin\VCRUNTIME140.dll
0x00007ffa97110000 - 0x00007ffa973aa000 	C:\WINDOWS\WinSxS\amd64_microsoft.windows.common-controls_6595b64144ccf1df_6.0.19041.3570_none_60bb2a3971f3e41a\COMCTL32.dll
0x00007ffaa6180000 - 0x00007ffaa621e000 	C:\WINDOWS\System32\msvcrt.dll
0x00007ffaa6f80000 - 0x00007ffaa6fb0000 	C:\WINDOWS\System32\IMM32.DLL
0x00007ffa912b0000 - 0x00007ffa912bc000 	E:\jdk-17.0.2\bin\vcruntime140_1.dll
0x00007ffa7e760000 - 0x00007ffa7e7ed000 	E:\jdk-17.0.2\bin\msvcp140.dll
0x00007ffa44850000 - 0x00007ffa45411000 	E:\jdk-17.0.2\bin\server\jvm.dll
0x00007ffaa6b60000 - 0x00007ffaa6c0e000 	C:\WINDOWS\System32\ADVAPI32.dll
0x00007ffaa5cd0000 - 0x00007ffaa5d6c000 	C:\WINDOWS\System32\sechost.dll
0x00007ffaa6340000 - 0x00007ffaa6466000 	C:\WINDOWS\System32\RPCRT4.dll
0x00007ffaa6b50000 - 0x00007ffaa6b58000 	C:\WINDOWS\System32\PSAPI.DLL
0x00007ffa912a0000 - 0x00007ffa912a9000 	C:\WINDOWS\SYSTEM32\WSOCK32.dll
0x00007ffaa7040000 - 0x00007ffaa70ab000 	C:\WINDOWS\System32\WS2_32.dll
0x00007ffa92980000 - 0x00007ffa929a7000 	C:\WINDOWS\SYSTEM32\WINMM.dll
0x00007ffa94f80000 - 0x00007ffa94f8a000 	C:\WINDOWS\SYSTEM32\VERSION.dll
0x00007ffaa3050000 - 0x00007ffaa3062000 	C:\WINDOWS\SYSTEM32\kernel.appcore.dll
0x00007ffa91290000 - 0x00007ffa9129a000 	E:\jdk-17.0.2\bin\jimage.dll
0x00007ffa93370000 - 0x00007ffa93554000 	C:\WINDOWS\SYSTEM32\DBGHELP.DLL
0x00007ffa93310000 - 0x00007ffa93344000 	C:\WINDOWS\SYSTEM32\dbgcore.DLL
0x00007ffaa5b70000 - 0x00007ffaa5bf2000 	C:\WINDOWS\System32\bcryptPrimitives.dll
0x00007ffa7e730000 - 0x00007ffa7e755000 	E:\jdk-17.0.2\bin\java.dll
0x00007ffa44770000 - 0x00007ffa44846000 	E:\jdk-17.0.2\bin\jsvml.dll
0x00007ffaa7260000 - 0x00007ffaa79a4000 	C:\WINDOWS\System32\SHELL32.dll
0x00007ffaa3330000 - 0x00007ffaa3acb000 	C:\WINDOWS\SYSTEM32\windows.storage.dll
0x00007ffaa5e20000 - 0x00007ffaa6174000 	C:\WINDOWS\System32\combase.dll
0x00007ffaa4c30000 - 0x00007ffaa4c5d000 	C:\WINDOWS\SYSTEM32\Wldp.dll
0x00007ffaa5d70000 - 0x00007ffaa5e1d000 	C:\WINDOWS\System32\SHCORE.dll
0x00007ffaa6f00000 - 0x00007ffaa6f55000 	C:\WINDOWS\System32\shlwapi.dll
0x00007ffaa5200000 - 0x00007ffaa5225000 	C:\WINDOWS\SYSTEM32\profapi.dll
0x00007ffa7e710000 - 0x00007ffa7e729000 	E:\jdk-17.0.2\bin\net.dll
0x00007ffa9a510000 - 0x00007ffa9a61a000 	C:\WINDOWS\SYSTEM32\WINHTTP.dll
0x00007ffaa4a10000 - 0x00007ffaa4a7a000 	C:\WINDOWS\system32\mswsock.dll
0x00007ffa7e6f0000 - 0x00007ffa7e706000 	E:\jdk-17.0.2\bin\nio.dll
0x00007ffa7e6d0000 - 0x00007ffa7e6e8000 	E:\jdk-17.0.2\bin\zip.dll
0x00007ffaa0d90000 - 0x00007ffaa0da0000 	E:\jdk-17.0.2\bin\verify.dll
0x00007ffaa0cd0000 - 0x00007ffaa0cf7000 	C:\Users\Smart tech\.gradle\native\68d5fa5c4cc2d200863cafc0d521ce42e7d3e7ee720ec0a83991735586a16f82\windows-amd64\native-platform.dll
0x00007ffa7ecd0000 - 0x00007ffa7ee14000 	C:\Users\Smart tech\.gradle\native\e376f236ea51e6404a007f0833ffe2c6e607c4080706a723a18a27aeea778392\windows-amd64\native-platform-file-events.dll
0x00007ffa7e340000 - 0x00007ffa7e349000 	E:\jdk-17.0.2\bin\management.dll
0x00007ffa7e330000 - 0x00007ffa7e33b000 	E:\jdk-17.0.2\bin\management_ext.dll
0x00007ffaa4fb0000 - 0x00007ffaa4fc8000 	C:\WINDOWS\SYSTEM32\CRYPTSP.dll
0x00007ffaa42d0000 - 0x00007ffaa4304000 	C:\WINDOWS\system32\rsaenh.dll
0x00007ffaa5970000 - 0x00007ffaa5997000 	C:\WINDOWS\System32\bcrypt.dll
0x00007ffaa5180000 - 0x00007ffaa51ae000 	C:\WINDOWS\SYSTEM32\USERENV.dll
0x00007ffaa4ba0000 - 0x00007ffaa4bac000 	C:\WINDOWS\SYSTEM32\CRYPTBASE.dll
0x00007ffaa46d0000 - 0x00007ffaa470b000 	C:\WINDOWS\SYSTEM32\IPHLPAPI.DLL
0x00007ffaa6ef0000 - 0x00007ffaa6ef8000 	C:\WINDOWS\System32\NSI.dll
0x00007ffa9bcb0000 - 0x00007ffa9bcc7000 	C:\WINDOWS\SYSTEM32\dhcpcsvc6.DLL
0x00007ffa9e1e0000 - 0x00007ffa9e1fd000 	C:\WINDOWS\SYSTEM32\dhcpcsvc.DLL
0x00007ffaa4710000 - 0x00007ffaa47da000 	C:\WINDOWS\SYSTEM32\DNSAPI.dll
0x00007ffa7e320000 - 0x00007ffa7e32e000 	E:\jdk-17.0.2\bin\sunmscapi.dll
0x00007ffaa5a10000 - 0x00007ffaa5b6d000 	C:\WINDOWS\System32\CRYPT32.dll
0x00007ffaa4ca0000 - 0x00007ffaa4cc7000 	C:\WINDOWS\SYSTEM32\ncrypt.dll
0x00007ffaa4c60000 - 0x00007ffaa4c9b000 	C:\WINDOWS\SYSTEM32\NTASN1.dll
0x00007ffa75b20000 - 0x00007ffa75b27000 	C:\WINDOWS\system32\wshunix.dll

dbghelp: loaded successfully - version: 4.0.5 - missing functions: none
symbol engine: initialized successfully - sym options: 0x614 - pdb path: .;E:\jdk-17.0.2\bin;C:\WINDOWS\SYSTEM32;C:\WINDOWS\WinSxS\amd64_microsoft.windows.common-controls_6595b64144ccf1df_6.0.19041.3570_none_60bb2a3971f3e41a;E:\jdk-17.0.2\bin\server;C:\Users\Smart tech\.gradle\native\68d5fa5c4cc2d200863cafc0d521ce42e7d3e7ee720ec0a83991735586a16f82\windows-amd64;C:\Users\Smart tech\.gradle\native\e376f236ea51e6404a007f0833ffe2c6e607c4080706a723a18a27aeea778392\windows-amd64

VM Arguments:
jvm_args: -XX:MaxMetaspaceSize=512m --add-opens=java.base/java.util=ALL-UNNAMED --add-opens=java.base/java.lang=ALL-UNNAMED --add-opens=java.base/java.lang.invoke=ALL-UNNAMED --add-opens=java.prefs/java.util.prefs=ALL-UNNAMED --add-opens=java.base/java.nio.charset=ALL-UNNAMED --add-opens=java.base/java.net=ALL-UNNAMED --add-opens=java.base/java.util.concurrent.atomic=ALL-UNNAMED -Xmx2048m -Dfile.encoding=windows-1252 -Duser.country=US -Duser.language=en -Duser.variant 
java_command: org.gradle.launcher.daemon.bootstrap.GradleDaemon 8.0.1
java_class_path (initial): C:\Users\Smart tech\.gradle\wrapper\dists\gradle-8.0.1-all\aro4hu1c3oeioove7l0i4i14o\gradle-8.0.1\lib\gradle-launcher-8.0.1.jar
Launcher Type: SUN_STANDARD

[Global flags]
     intx CICompilerCount                          = 3                                         {product} {ergonomic}
   size_t CompressedClassSpaceSize                 = 432013312                                 {product} {ergonomic}
     uint ConcGCThreads                            = 1                                         {product} {ergonomic}
     uint G1ConcRefinementThreads                  = 4                                         {product} {ergonomic}
   size_t G1HeapRegionSize                         = 1048576                                   {product} {ergonomic}
    uintx GCDrainStackTargetSize                   = 64                                        {product} {ergonomic}
   size_t InitialHeapSize                          = 65011712                                  {product} {ergonomic}
   size_t MarkStackSize                            = 4194304                                   {product} {ergonomic}
   size_t MaxHeapSize                              = 2147483648                                {product} {command line}
   size_t MaxMetaspaceSize                         = 536870912                                 {product} {command line}
   size_t MaxNewSize                               = 1287651328                                {product} {ergonomic}
   size_t MinHeapDeltaBytes                        = 1048576                                   {product} {ergonomic}
   size_t MinHeapSize                              = 8388608                                   {product} {ergonomic}
    uintx NonNMethodCodeHeapSize                   = 5832780                                {pd product} {ergonomic}
    uintx NonProfiledCodeHeapSize                  = 122912730                              {pd product} {ergonomic}
    uintx ProfiledCodeHeapSize                     = 122912730                              {pd product} {ergonomic}
    uintx ReservedCodeCacheSize                    = 251658240                              {pd product} {ergonomic}
     bool SegmentedCodeCache                       = true                                      {product} {ergonomic}
   size_t SoftMaxHeapSize                          = 2147483648                             {manageable} {ergonomic}
     bool UseCompressedClassPointers               = true                           {product lp64_product} {ergonomic}
     bool UseCompressedOops                        = true                           {product lp64_product} {ergonomic}
     bool UseG1GC                                  = true                                      {product} {ergonomic}
     bool UseLargePagesIndividualAllocation        = false                                  {pd product} {ergonomic}

Logging:
Log output configuration:
 #0: stdout all=warning uptime,level,tags
 #1: stderr all=off uptime,level,tags

Environment Variables:
JAVA_HOME=E:\jdk-17.0.2\
CLASSPATH=C:\SkillWork\Seda\android\\gradle\wrapper\gradle-wrapper.jar
PATH=C:\SkillWork\Seda\node_modules\.bin;C:\SkillWork\Seda\node_modules\.bin;C:\SkillWork\node_modules\.bin;C:\node_modules\.bin;C:\SkillWork\Seda\node_modules\npm\node_modules\@npmcli\run-script\lib\node-gyp-bin;C:\SkillWork\Seda\node_modules\.bin;C:\SkillWork\node_modules\.bin;C:\node_modules\.bin;C:\Users\Smart tech\AppData\Roaming\npm\node_modules\npm\node_modules\@npmcli\run-script\lib\node-gyp-bin;C:\WINDOWS\system32;C:\WINDOWS;C:\WINDOWS\System32\Wbem;C:\WINDOWS\System32\WindowsPowerShell\v1.0\;C:\WINDOWS\System32\OpenSSH\;C:\Users\Smart tech\AppData\Local\Android\Sdk\platform-tools;E:\jdk-17.0.2\bin\;C:\Program Files\Git\cmd;C:\MinGW\bin;C:\Program Files\dotnet\;C:\Users\Smart tech\AppData\Roaming\nvm;C:\Program Files\nodejs;C:\Users\Smart tech\AppData\Local\Microsoft\WindowsApps;C:\Users\Smart tech\AppData\Local\Programs\Microsoft VS Code\bin;C:\Users\Smart tech\AppData\Local\Android\Sdk\platform-tools;C:\Users\Smart tech\AppData\Roaming\npm;C:\Users\Smart tech\.dotnet\tools;C:\Users\Smart tech\AppData\Roaming\nvm;C:\Program Files\nodejs;C:\MinGW\bin;
USERNAME=Smart tech
OS=Windows_NT
PROCESSOR_IDENTIFIER=Intel64 Family 6 Model 58 Stepping 9, GenuineIntel



---------------  S Y S T E M  ---------------

OS:
 Windows 10 , 64 bit Build 19041 (10.0.19041.3570)
OS uptime: 3 days 12:35 hours
Hyper-V role detected

CPU: total 4 (initial active 4) (2 cores per cpu, 2 threads per core) family 6 model 58 stepping 9 microcode 0x21, cx8, cmov, fxsr, ht, mmx, sse, sse2, sse3, ssse3, sse4.1, sse4.2, popcnt, tsc, tscinvbit, avx, aes, erms, clmul, vzeroupper, clflush, hv

Memory: 4k page, system-wide physical 3961M (147M free)
TotalPageFile size 16249M (AvailPageFile size 2M)
current process WorkingSet (physical memory assigned to process): 82M, peak: 155M
current process commit charge ("private bytes"): 201M, peak: 221M

vm_info: OpenJDK 64-Bit Server VM (17.0.2+8-86) for windows-amd64 JRE (17.0.2+8-86), built on Dec  7 2021 21:49:10 by "mach5one" with MS VC++ 16.8 / 16.9 (VS2019)

END.
